[ 2016-09-25T10:06:20+08:00 ] /wd/ | INFO: Tag[ app_begin ] --START--
[ 2016-09-25T10:06:20+08:00 ] /wd/ | INFO: Run ReadHtmlCache Behavior [ RunTime:0.000000s ]
[ 2016-09-25T10:06:20+08:00 ] /wd/ | INFO: Tag[ app_begin ] --END-- [ RunTime:0.000000s ]
[ 2016-09-25T10:06:21+08:00 ] /wd/ | SQL: SHOW COLUMNS FROM `hd_category` [ RunTime:0.000000s ]
[ 2016-09-25T10:06:21+08:00 ] /wd/ | SQL: SELECT * FROM `hd_category` WHERE ( `pid` = 0 )  [ RunTime:0.000000s ]
[ 2016-09-25T10:06:21+08:00 ] /wd/ | SQL: SELECT * FROM `hd_category` WHERE ( `pid` = '31' )  [ RunTime:0.000000s ]
[ 2016-09-25T10:06:21+08:00 ] /wd/ | SQL: SELECT * FROM `hd_category` WHERE ( `pid` = '25' )  [ RunTime:0.000000s ]
[ 2016-09-25T10:06:21+08:00 ] /wd/ | SQL: SELECT * FROM `hd_category` WHERE ( `pid` = '44' )  [ RunTime:0.000000s ]
[ 2016-09-25T10:06:21+08:00 ] /wd/ | INFO: Tag[ view_template ] --START--
[ 2016-09-25T10:06:21+08:00 ] /wd/ | INFO: Run LocationTemplate Behavior [ RunTime:0.015600s ]
[ 2016-09-25T10:06:21+08:00 ] /wd/ | INFO: Tag[ view_template ] --END-- [ RunTime:0.015600s ]
[ 2016-09-25T10:06:21+08:00 ] /wd/ | INFO: Tag[ view_parse ] --START--
[ 2016-09-25T10:06:21+08:00 ] /wd/ | NOTIC: [2] Missing argument 2 for TagLib::parseXmlAttr(), called in D:\phpStudy\WWW\wd\Index\Lib\TagLib\TagLibHd.class.php on line 15 and defined TagLib.class.php 第 111 行.
[ 2016-09-25T10:06:21+08:00 ] /wd/ | NOTIC: [8] Undefined index: @attributes TagLib.class.php 第 120 行.
[ 2016-09-25T10:06:21+08:00 ] /wd/ | NOTIC: [2] array_change_key_case() expects parameter 1 to be array, null given TagLib.class.php 第 120 行.
[ 2016-09-25T10:06:21+08:00 ] /wd/ | NOTIC: [8] Undefined offset: 0 Model.class.php 第 270 行.
[ 2016-09-25T10:06:21+08:00 ] /wd/ | SQL: SELECT * FROM `hd_category` WHERE ( `pid` = 0 )  [ RunTime:0.000000s ]
[ 2016-09-25T10:06:21+08:00 ] /wd/ | INFO: Run ParseTemplate Behavior [ RunTime:0.015600s ]
[ 2016-09-25T10:06:21+08:00 ] /wd/ | INFO: Tag[ view_parse ] --END-- [ RunTime:0.015600s ]
[ 2016-09-25T10:06:21+08:00 ] /wd/ | INFO: Tag[ view_filter ] --START--
[ 2016-09-25T10:06:21+08:00 ] /wd/ | INFO: Run ContentReplace Behavior [ RunTime:0.000000s ]
[ 2016-09-25T10:06:21+08:00 ] /wd/ | INFO: Run TokenBuild Behavior [ RunTime:0.000000s ]
[ 2016-09-25T10:06:21+08:00 ] /wd/ | INFO: Run WriteHtmlCache Behavior [ RunTime:0.000000s ]
[ 2016-09-25T10:06:21+08:00 ] /wd/ | INFO: Run ShowRuntime Behavior [ RunTime:0.000000s ]
[ 2016-09-25T10:06:21+08:00 ] /wd/ | INFO: Tag[ view_filter ] --END-- [ RunTime:0.000000s ]
[ 2016-09-25T10:06:21+08:00 ] /wd/ | INFO: Tag[ view_end ] --START--
[ 2016-09-25T10:06:21+08:00 ] /wd/ | INFO: Run ShowPageTrace Behavior [ RunTime:0.000000s ]
[ 2016-09-25T10:06:21+08:00 ] /wd/ | INFO: Tag[ view_end ] --END-- [ RunTime:0.000000s ]
[ 2016-09-25T10:06:21+08:00 ] /wd/index.php/Common/verify | INFO: Tag[ route_check ] --START--
[ 2016-09-25T10:06:21+08:00 ] /wd/index.php/Common/verify | INFO: Run CheckRoute Behavior [ RunTime:0.000000s ]
[ 2016-09-25T10:06:21+08:00 ] /wd/index.php/Common/verify | INFO: Tag[ route_check ] --END-- [ RunTime:0.000000s ]
[ 2016-09-25T10:06:21+08:00 ] /wd/index.php/Common/verify | INFO: Tag[ app_begin ] --START--
[ 2016-09-25T10:06:21+08:00 ] /wd/index.php/Common/verify | INFO: Run ReadHtmlCache Behavior [ RunTime:0.000000s ]
[ 2016-09-25T10:06:21+08:00 ] /wd/index.php/Common/verify | INFO: Tag[ app_begin ] --END-- [ RunTime:0.000000s ]
[ 2016-09-25T10:06:36+08:00 ] /wd/index.php/Common/checkLogin | INFO: Tag[ route_check ] --START--
[ 2016-09-25T10:06:36+08:00 ] /wd/index.php/Common/checkLogin | INFO: Run CheckRoute Behavior [ RunTime:0.000000s ]
[ 2016-09-25T10:06:36+08:00 ] /wd/index.php/Common/checkLogin | INFO: Tag[ route_check ] --END-- [ RunTime:0.000000s ]
[ 2016-09-25T10:06:36+08:00 ] /wd/index.php/Common/checkLogin | INFO: Tag[ app_begin ] --START--
[ 2016-09-25T10:06:36+08:00 ] /wd/index.php/Common/checkLogin | INFO: Run ReadHtmlCache Behavior [ RunTime:0.000000s ]
[ 2016-09-25T10:06:36+08:00 ] /wd/index.php/Common/checkLogin | INFO: Tag[ app_begin ] --END-- [ RunTime:0.000000s ]
[ 2016-09-25T10:06:36+08:00 ] /wd/index.php/Common/checkLogin | NOTIC: [8] Undefined offset: 1 Action.class.php 第 233 行.
[ 2016-09-25T10:06:37+08:00 ] /wd/index.php/Common/checkLogin | SQL: SHOW COLUMNS FROM `hd_user` [ RunTime:0.000000s ]
[ 2016-09-25T10:06:37+08:00 ] /wd/index.php/Common/checkLogin | SQL: SELECT `password` FROM `hd_user` WHERE ( `account` = 'test003' ) LIMIT 1   [ RunTime:0.015600s ]
[ 2016-09-25T10:06:38+08:00 ] /wd/index.php/Common/login | INFO: Tag[ route_check ] --START--
[ 2016-09-25T10:06:38+08:00 ] /wd/index.php/Common/login | INFO: Run CheckRoute Behavior [ RunTime:0.000000s ]
[ 2016-09-25T10:06:38+08:00 ] /wd/index.php/Common/login | INFO: Tag[ route_check ] --END-- [ RunTime:0.000000s ]
[ 2016-09-25T10:06:38+08:00 ] /wd/index.php/Common/login | INFO: Tag[ app_begin ] --START--
[ 2016-09-25T10:06:38+08:00 ] /wd/index.php/Common/login | INFO: Run ReadHtmlCache Behavior [ RunTime:0.000000s ]
[ 2016-09-25T10:06:38+08:00 ] /wd/index.php/Common/login | INFO: Tag[ app_begin ] --END-- [ RunTime:0.000000s ]
[ 2016-09-25T10:06:39+08:00 ] /wd/index.php/Common/login | SQL: SHOW COLUMNS FROM `hd_user` [ RunTime:0.015600s ]
[ 2016-09-25T10:06:39+08:00 ] /wd/index.php/Common/login | NOTIC: [8] Undefined offset: 1 Action.class.php 第 233 行.
[ 2016-09-25T10:06:39+08:00 ] /wd/index.php/Common/login | SQL: SELECT `id`,`username`,`password`,`logintime`,`lock` FROM `hd_user` WHERE ( `account` = 'test003' ) LIMIT 1   [ RunTime:0.000000s ]
[ 2016-09-25T10:06:46+08:00 ] /wd/index.php/Common/verify | INFO: Tag[ route_check ] --START--
[ 2016-09-25T10:06:46+08:00 ] /wd/index.php/Common/verify | INFO: Run CheckRoute Behavior [ RunTime:0.001000s ]
[ 2016-09-25T10:06:46+08:00 ] /wd/index.php/Common/verify | INFO: Tag[ route_check ] --END-- [ RunTime:0.001000s ]
[ 2016-09-25T10:06:46+08:00 ] /wd/index.php/Common/verify | INFO: Tag[ app_begin ] --START--
[ 2016-09-25T10:06:46+08:00 ] /wd/index.php/Common/verify | INFO: Run ReadHtmlCache Behavior [ RunTime:0.001000s ]
[ 2016-09-25T10:06:46+08:00 ] /wd/index.php/Common/verify | INFO: Tag[ app_begin ] --END-- [ RunTime:0.001000s ]
[ 2016-09-25T10:23:54+08:00 ] /wd/ | INFO: Tag[ app_begin ] --START--
[ 2016-09-25T10:23:54+08:00 ] /wd/ | INFO: Run ReadHtmlCache Behavior [ RunTime:0.000000s ]
[ 2016-09-25T10:23:54+08:00 ] /wd/ | INFO: Tag[ app_begin ] --END-- [ RunTime:0.000000s ]
[ 2016-09-25T10:23:54+08:00 ] /wd/ | INFO: Tag[ view_template ] --START--
[ 2016-09-25T10:23:54+08:00 ] /wd/ | INFO: Run LocationTemplate Behavior [ RunTime:0.000000s ]
[ 2016-09-25T10:23:54+08:00 ] /wd/ | INFO: Tag[ view_template ] --END-- [ RunTime:0.000000s ]
[ 2016-09-25T10:23:54+08:00 ] /wd/ | INFO: Tag[ view_parse ] --START--
[ 2016-09-25T10:23:54+08:00 ] /wd/ | NOTIC: [2] Missing argument 2 for TagLib::parseXmlAttr(), called in D:\phpStudy\WWW\wd\Index\Lib\TagLib\TagLibHd.class.php on line 15 and defined TagLib.class.php 第 111 行.
[ 2016-09-25T10:23:54+08:00 ] /wd/ | NOTIC: [8] Undefined index: @attributes TagLib.class.php 第 120 行.
[ 2016-09-25T10:23:54+08:00 ] /wd/ | NOTIC: [2] array_change_key_case() expects parameter 1 to be array, null given TagLib.class.php 第 120 行.
[ 2016-09-25T10:23:55+08:00 ] /wd/ | SQL: SHOW COLUMNS FROM `hd_category` [ RunTime:0.000000s ]
[ 2016-09-25T10:23:55+08:00 ] /wd/ | NOTIC: [8] Undefined offset: 0 Model.class.php 第 270 行.
[ 2016-09-25T10:23:55+08:00 ] /wd/ | SQL: SELECT * FROM `hd_category` WHERE ( `pid` = 0 )  [ RunTime:0.000000s ]
[ 2016-09-25T10:23:55+08:00 ] /wd/ | INFO: Run ParseTemplate Behavior [ RunTime:1.030002s ]
[ 2016-09-25T10:23:55+08:00 ] /wd/ | INFO: Tag[ view_parse ] --END-- [ RunTime:1.030002s ]
[ 2016-09-25T10:23:55+08:00 ] /wd/ | INFO: Tag[ view_filter ] --START--
[ 2016-09-25T10:23:55+08:00 ] /wd/ | INFO: Run ContentReplace Behavior [ RunTime:0.000000s ]
[ 2016-09-25T10:23:55+08:00 ] /wd/ | INFO: Run TokenBuild Behavior [ RunTime:0.010000s ]
[ 2016-09-25T10:23:55+08:00 ] /wd/ | INFO: Run WriteHtmlCache Behavior [ RunTime:0.000000s ]
[ 2016-09-25T10:23:55+08:00 ] /wd/ | INFO: Run ShowRuntime Behavior [ RunTime:0.000000s ]
[ 2016-09-25T10:23:55+08:00 ] /wd/ | INFO: Tag[ view_filter ] --END-- [ RunTime:0.010000s ]
[ 2016-09-25T10:23:55+08:00 ] /wd/ | INFO: Tag[ view_end ] --START--
[ 2016-09-25T10:23:55+08:00 ] /wd/ | INFO: Run ShowPageTrace Behavior [ RunTime:0.000000s ]
[ 2016-09-25T10:23:55+08:00 ] /wd/ | INFO: Tag[ view_end ] --END-- [ RunTime:0.000000s ]
[ 2016-09-25T10:23:55+08:00 ] /wd/index.php/Common/verify | INFO: Tag[ route_check ] --START--
[ 2016-09-25T10:23:55+08:00 ] /wd/index.php/Common/verify | INFO: Run CheckRoute Behavior [ RunTime:0.010000s ]
[ 2016-09-25T10:23:55+08:00 ] /wd/index.php/Common/verify | INFO: Tag[ route_check ] --END-- [ RunTime:0.010000s ]
[ 2016-09-25T10:23:55+08:00 ] /wd/index.php/Common/verify | INFO: Tag[ app_begin ] --START--
[ 2016-09-25T10:23:55+08:00 ] /wd/index.php/Common/verify | INFO: Run ReadHtmlCache Behavior [ RunTime:0.000000s ]
[ 2016-09-25T10:23:55+08:00 ] /wd/index.php/Common/verify | INFO: Tag[ app_begin ] --END-- [ RunTime:0.000000s ]
[ 2016-09-25T10:24:02+08:00 ] /wd/index.php/Common/checkLogin | INFO: Tag[ route_check ] --START--
[ 2016-09-25T10:24:02+08:00 ] /wd/index.php/Common/checkLogin | INFO: Run CheckRoute Behavior [ RunTime:0.000000s ]
[ 2016-09-25T10:24:02+08:00 ] /wd/index.php/Common/checkLogin | INFO: Tag[ route_check ] --END-- [ RunTime:0.000000s ]
[ 2016-09-25T10:24:02+08:00 ] /wd/index.php/Common/checkLogin | INFO: Tag[ app_begin ] --START--
[ 2016-09-25T10:24:02+08:00 ] /wd/index.php/Common/checkLogin | INFO: Run ReadHtmlCache Behavior [ RunTime:0.000000s ]
[ 2016-09-25T10:24:02+08:00 ] /wd/index.php/Common/checkLogin | INFO: Tag[ app_begin ] --END-- [ RunTime:0.000000s ]
[ 2016-09-25T10:24:02+08:00 ] /wd/index.php/Common/checkLogin | NOTIC: [8] Undefined offset: 1 Action.class.php 第 233 行.
[ 2016-09-25T10:24:03+08:00 ] /wd/index.php/Common/checkLogin | SQL: SHOW COLUMNS FROM `hd_user` [ RunTime:0.000000s ]
[ 2016-09-25T10:24:03+08:00 ] /wd/index.php/Common/checkLogin | SQL: SELECT `password` FROM `hd_user` WHERE ( `account` = 'test003' ) LIMIT 1   [ RunTime:0.000000s ]
[ 2016-09-25T10:24:11+08:00 ] /wd/index.php/Common/checkLogin | INFO: Tag[ route_check ] --START--
[ 2016-09-25T10:24:11+08:00 ] /wd/index.php/Common/checkLogin | INFO: Run CheckRoute Behavior [ RunTime:0.000000s ]
[ 2016-09-25T10:24:11+08:00 ] /wd/index.php/Common/checkLogin | INFO: Tag[ route_check ] --END-- [ RunTime:0.000000s ]
[ 2016-09-25T10:24:11+08:00 ] /wd/index.php/Common/checkLogin | INFO: Tag[ app_begin ] --START--
[ 2016-09-25T10:24:11+08:00 ] /wd/index.php/Common/checkLogin | INFO: Run ReadHtmlCache Behavior [ RunTime:0.000000s ]
[ 2016-09-25T10:24:11+08:00 ] /wd/index.php/Common/checkLogin | INFO: Tag[ app_begin ] --END-- [ RunTime:0.000000s ]
[ 2016-09-25T10:24:11+08:00 ] /wd/index.php/Common/checkLogin | NOTIC: [8] Undefined offset: 1 Action.class.php 第 233 行.
[ 2016-09-25T10:24:12+08:00 ] /wd/index.php/Common/checkLogin | SQL: SHOW COLUMNS FROM `hd_user` [ RunTime:0.000000s ]
[ 2016-09-25T10:24:12+08:00 ] /wd/index.php/Common/checkLogin | SQL: SELECT `password` FROM `hd_user` WHERE ( `account` = 'test003' ) LIMIT 1   [ RunTime:0.000000s ]
[ 2016-09-25T10:24:11+08:00 ] /wd/index.php/Common/checkLogin | INFO: Tag[ route_check ] --START--
[ 2016-09-25T10:24:11+08:00 ] /wd/index.php/Common/checkLogin | INFO: Run CheckRoute Behavior [ RunTime:0.000000s ]
[ 2016-09-25T10:24:11+08:00 ] /wd/index.php/Common/checkLogin | INFO: Tag[ route_check ] --END-- [ RunTime:0.000000s ]
[ 2016-09-25T10:24:11+08:00 ] /wd/index.php/Common/checkLogin | INFO: Tag[ app_begin ] --START--
[ 2016-09-25T10:24:11+08:00 ] /wd/index.php/Common/checkLogin | INFO: Run ReadHtmlCache Behavior [ RunTime:0.000000s ]
[ 2016-09-25T10:24:11+08:00 ] /wd/index.php/Common/checkLogin | INFO: Tag[ app_begin ] --END-- [ RunTime:0.000000s ]
[ 2016-09-25T10:24:12+08:00 ] /wd/index.php/Common/checkLogin | NOTIC: [8] Undefined offset: 1 Action.class.php 第 233 行.
[ 2016-09-25T10:24:13+08:00 ] /wd/index.php/Common/checkLogin | SQL: SHOW COLUMNS FROM `hd_user` [ RunTime:0.000000s ]
[ 2016-09-25T10:24:13+08:00 ] /wd/index.php/Common/checkLogin | SQL: SELECT `password` FROM `hd_user` WHERE ( `account` = 'test003' ) LIMIT 1   [ RunTime:0.000000s ]
[ 2016-09-25T10:24:21+08:00 ] /wd/ | INFO: Tag[ app_begin ] --START--
[ 2016-09-25T10:24:21+08:00 ] /wd/ | INFO: Run ReadHtmlCache Behavior [ RunTime:0.000000s ]
[ 2016-09-25T10:24:21+08:00 ] /wd/ | INFO: Tag[ app_begin ] --END-- [ RunTime:0.000000s ]
[ 2016-09-25T10:24:21+08:00 ] /wd/ | INFO: Tag[ view_template ] --START--
[ 2016-09-25T10:24:21+08:00 ] /wd/ | INFO: Run LocationTemplate Behavior [ RunTime:0.000000s ]
[ 2016-09-25T10:24:21+08:00 ] /wd/ | INFO: Tag[ view_template ] --END-- [ RunTime:0.000000s ]
[ 2016-09-25T10:24:21+08:00 ] /wd/ | INFO: Tag[ view_parse ] --START--
[ 2016-09-25T10:24:21+08:00 ] /wd/ | NOTIC: [2] Missing argument 2 for TagLib::parseXmlAttr(), called in D:\phpStudy\WWW\wd\Index\Lib\TagLib\TagLibHd.class.php on line 15 and defined TagLib.class.php 第 111 行.
[ 2016-09-25T10:24:21+08:00 ] /wd/ | NOTIC: [8] Undefined index: @attributes TagLib.class.php 第 120 行.
[ 2016-09-25T10:24:21+08:00 ] /wd/ | NOTIC: [2] array_change_key_case() expects parameter 1 to be array, null given TagLib.class.php 第 120 行.
[ 2016-09-25T10:24:22+08:00 ] /wd/ | SQL: SHOW COLUMNS FROM `hd_category` [ RunTime:0.000000s ]
[ 2016-09-25T10:24:22+08:00 ] /wd/ | NOTIC: [8] Undefined offset: 0 Model.class.php 第 270 行.
[ 2016-09-25T10:24:22+08:00 ] /wd/ | SQL: SELECT * FROM `hd_category` WHERE ( `pid` = 0 )  [ RunTime:0.000000s ]
[ 2016-09-25T10:24:22+08:00 ] /wd/ | INFO: Run ParseTemplate Behavior [ RunTime:1.040002s ]
[ 2016-09-25T10:24:22+08:00 ] /wd/ | INFO: Tag[ view_parse ] --END-- [ RunTime:1.040002s ]
[ 2016-09-25T10:24:22+08:00 ] /wd/ | INFO: Tag[ view_filter ] --START--
[ 2016-09-25T10:24:22+08:00 ] /wd/ | INFO: Run ContentReplace Behavior [ RunTime:0.000000s ]
[ 2016-09-25T10:24:22+08:00 ] /wd/ | INFO: Run TokenBuild Behavior [ RunTime:0.000000s ]
[ 2016-09-25T10:24:22+08:00 ] /wd/ | INFO: Run WriteHtmlCache Behavior [ RunTime:0.000000s ]
[ 2016-09-25T10:24:22+08:00 ] /wd/ | INFO: Run ShowRuntime Behavior [ RunTime:0.000000s ]
[ 2016-09-25T10:24:22+08:00 ] /wd/ | INFO: Tag[ view_filter ] --END-- [ RunTime:0.000000s ]
[ 2016-09-25T10:24:22+08:00 ] /wd/ | INFO: Tag[ view_end ] --START--
[ 2016-09-25T10:24:22+08:00 ] /wd/ | INFO: Run ShowPageTrace Behavior [ RunTime:0.000000s ]
[ 2016-09-25T10:24:22+08:00 ] /wd/ | INFO: Tag[ view_end ] --END-- [ RunTime:0.000000s ]
[ 2016-09-25T10:24:23+08:00 ] /wd/index.php/Common/verify | INFO: Tag[ route_check ] --START--
[ 2016-09-25T10:24:23+08:00 ] /wd/index.php/Common/verify | INFO: Run CheckRoute Behavior [ RunTime:0.001000s ]
[ 2016-09-25T10:24:23+08:00 ] /wd/index.php/Common/verify | INFO: Tag[ route_check ] --END-- [ RunTime:0.001000s ]
[ 2016-09-25T10:24:23+08:00 ] /wd/index.php/Common/verify | INFO: Tag[ app_begin ] --START--
[ 2016-09-25T10:24:23+08:00 ] /wd/index.php/Common/verify | INFO: Run ReadHtmlCache Behavior [ RunTime:0.002000s ]
[ 2016-09-25T10:24:23+08:00 ] /wd/index.php/Common/verify | INFO: Tag[ app_begin ] --END-- [ RunTime:0.002000s ]
[ 2016-09-25T10:24:42+08:00 ] /wd/index.php/Common/checkLogin | INFO: Tag[ route_check ] --START--
[ 2016-09-25T10:24:42+08:00 ] /wd/index.php/Common/checkLogin | INFO: Run CheckRoute Behavior [ RunTime:0.010000s ]
[ 2016-09-25T10:24:42+08:00 ] /wd/index.php/Common/checkLogin | INFO: Tag[ route_check ] --END-- [ RunTime:0.010000s ]
[ 2016-09-25T10:24:42+08:00 ] /wd/index.php/Common/checkLogin | INFO: Tag[ app_begin ] --START--
[ 2016-09-25T10:24:42+08:00 ] /wd/index.php/Common/checkLogin | INFO: Run ReadHtmlCache Behavior [ RunTime:0.000000s ]
[ 2016-09-25T10:24:42+08:00 ] /wd/index.php/Common/checkLogin | INFO: Tag[ app_begin ] --END-- [ RunTime:0.000000s ]
[ 2016-09-25T10:24:42+08:00 ] /wd/index.php/Common/checkLogin | NOTIC: [8] Undefined offset: 1 Action.class.php 第 233 行.
[ 2016-09-25T10:24:43+08:00 ] /wd/index.php/Common/checkLogin | SQL: SHOW COLUMNS FROM `hd_user` [ RunTime:0.000000s ]
[ 2016-09-25T10:24:43+08:00 ] /wd/index.php/Common/checkLogin | SQL: SELECT `password` FROM `hd_user` WHERE ( `account` = 'test003' ) LIMIT 1   [ RunTime:0.000000s ]
[ 2016-09-25T10:24:46+08:00 ] /wd/ | INFO: Tag[ app_begin ] --START--
[ 2016-09-25T10:24:46+08:00 ] /wd/ | INFO: Run ReadHtmlCache Behavior [ RunTime:0.010000s ]
[ 2016-09-25T10:24:46+08:00 ] /wd/ | INFO: Tag[ app_begin ] --END-- [ RunTime:0.010000s ]
[ 2016-09-25T10:24:46+08:00 ] /wd/ | INFO: Tag[ view_template ] --START--
[ 2016-09-25T10:24:46+08:00 ] /wd/ | INFO: Run LocationTemplate Behavior [ RunTime:0.000000s ]
[ 2016-09-25T10:24:46+08:00 ] /wd/ | INFO: Tag[ view_template ] --END-- [ RunTime:0.000000s ]
[ 2016-09-25T10:24:46+08:00 ] /wd/ | INFO: Tag[ view_parse ] --START--
[ 2016-09-25T10:24:46+08:00 ] /wd/ | NOTIC: [2] Missing argument 2 for TagLib::parseXmlAttr(), called in D:\phpStudy\WWW\wd\Index\Lib\TagLib\TagLibHd.class.php on line 15 and defined TagLib.class.php 第 111 行.
[ 2016-09-25T10:24:46+08:00 ] /wd/ | NOTIC: [8] Undefined index: @attributes TagLib.class.php 第 120 行.
[ 2016-09-25T10:24:46+08:00 ] /wd/ | NOTIC: [2] array_change_key_case() expects parameter 1 to be array, null given TagLib.class.php 第 120 行.
[ 2016-09-25T10:24:47+08:00 ] /wd/ | SQL: SHOW COLUMNS FROM `hd_category` [ RunTime:0.000000s ]
[ 2016-09-25T10:24:47+08:00 ] /wd/ | NOTIC: [8] Undefined offset: 0 Model.class.php 第 270 行.
[ 2016-09-25T10:24:47+08:00 ] /wd/ | SQL: SELECT * FROM `hd_category` WHERE ( `pid` = 0 )  [ RunTime:0.000000s ]
[ 2016-09-25T10:24:47+08:00 ] /wd/ | INFO: Run ParseTemplate Behavior [ RunTime:1.030001s ]
[ 2016-09-25T10:24:47+08:00 ] /wd/ | INFO: Tag[ view_parse ] --END-- [ RunTime:1.030001s ]
[ 2016-09-25T10:24:47+08:00 ] /wd/ | INFO: Tag[ view_filter ] --START--
[ 2016-09-25T10:24:47+08:00 ] /wd/ | INFO: Run ContentReplace Behavior [ RunTime:0.010000s ]
[ 2016-09-25T10:24:47+08:00 ] /wd/ | INFO: Run TokenBuild Behavior [ RunTime:0.000000s ]
[ 2016-09-25T10:24:47+08:00 ] /wd/ | INFO: Run WriteHtmlCache Behavior [ RunTime:0.000000s ]
[ 2016-09-25T10:24:47+08:00 ] /wd/ | INFO: Run ShowRuntime Behavior [ RunTime:0.000000s ]
[ 2016-09-25T10:24:47+08:00 ] /wd/ | INFO: Tag[ view_filter ] --END-- [ RunTime:0.010000s ]
[ 2016-09-25T10:24:47+08:00 ] /wd/ | INFO: Tag[ view_end ] --START--
[ 2016-09-25T10:24:47+08:00 ] /wd/ | INFO: Run ShowPageTrace Behavior [ RunTime:0.000000s ]
[ 2016-09-25T10:24:47+08:00 ] /wd/ | INFO: Tag[ view_end ] --END-- [ RunTime:0.000000s ]
[ 2016-09-25T10:24:47+08:00 ] /wd/index.php/Common/verify | INFO: Tag[ route_check ] --START--
[ 2016-09-25T10:24:47+08:00 ] /wd/index.php/Common/verify | INFO: Run CheckRoute Behavior [ RunTime:0.006000s ]
[ 2016-09-25T10:24:47+08:00 ] /wd/index.php/Common/verify | INFO: Tag[ route_check ] --END-- [ RunTime:0.007000s ]
[ 2016-09-25T10:24:47+08:00 ] /wd/index.php/Common/verify | INFO: Tag[ app_begin ] --START--
[ 2016-09-25T10:24:47+08:00 ] /wd/index.php/Common/verify | INFO: Run ReadHtmlCache Behavior [ RunTime:0.004001s ]
[ 2016-09-25T10:24:47+08:00 ] /wd/index.php/Common/verify | INFO: Tag[ app_begin ] --END-- [ RunTime:0.004001s ]
[ 2016-09-25T10:33:18+08:00 ] /wd/ | INFO: Tag[ app_begin ] --START--
[ 2016-09-25T10:33:18+08:00 ] /wd/ | INFO: Run ReadHtmlCache Behavior [ RunTime:0.001000s ]
[ 2016-09-25T10:33:18+08:00 ] /wd/ | INFO: Tag[ app_begin ] --END-- [ RunTime:0.001000s ]
[ 2016-09-25T10:33:18+08:00 ] /wd/ | INFO: Tag[ view_template ] --START--
[ 2016-09-25T10:33:18+08:00 ] /wd/ | INFO: Run LocationTemplate Behavior [ RunTime:0.001000s ]
[ 2016-09-25T10:33:18+08:00 ] /wd/ | INFO: Tag[ view_template ] --END-- [ RunTime:0.001000s ]
[ 2016-09-25T10:33:18+08:00 ] /wd/ | INFO: Tag[ view_parse ] --START--
[ 2016-09-25T10:33:18+08:00 ] /wd/ | NOTIC: [2] Missing argument 2 for TagLib::parseXmlAttr(), called in D:\phpStudy\WWW\wd\Index\Lib\TagLib\TagLibHd.class.php on line 15 and defined TagLib.class.php 第 111 行.
[ 2016-09-25T10:33:18+08:00 ] /wd/ | NOTIC: [8] Undefined index: @attributes TagLib.class.php 第 120 行.
[ 2016-09-25T10:33:18+08:00 ] /wd/ | NOTIC: [2] array_change_key_case() expects parameter 1 to be array, null given TagLib.class.php 第 120 行.
[ 2016-09-25T10:33:19+08:00 ] /wd/ | SQL: SHOW COLUMNS FROM `hd_category` [ RunTime:0.012001s ]
[ 2016-09-25T10:33:19+08:00 ] /wd/ | NOTIC: [8] Undefined offset: 0 Model.class.php 第 270 行.
[ 2016-09-25T10:33:19+08:00 ] /wd/ | SQL: SELECT * FROM `hd_category` WHERE ( `pid` = 0 )  [ RunTime:0.000000s ]
[ 2016-09-25T10:33:19+08:00 ] /wd/ | INFO: Run ParseTemplate Behavior [ RunTime:1.035059s ]
[ 2016-09-25T10:33:19+08:00 ] /wd/ | INFO: Tag[ view_parse ] --END-- [ RunTime:1.036059s ]
[ 2016-09-25T10:33:19+08:00 ] /wd/ | INFO: Tag[ view_filter ] --START--
[ 2016-09-25T10:33:19+08:00 ] /wd/ | INFO: Run ContentReplace Behavior [ RunTime:0.001000s ]
[ 2016-09-25T10:33:19+08:00 ] /wd/ | INFO: Run TokenBuild Behavior [ RunTime:0.000000s ]
[ 2016-09-25T10:33:19+08:00 ] /wd/ | INFO: Run WriteHtmlCache Behavior [ RunTime:0.001000s ]
[ 2016-09-25T10:33:19+08:00 ] /wd/ | INFO: Run ShowRuntime Behavior [ RunTime:0.001000s ]
[ 2016-09-25T10:33:19+08:00 ] /wd/ | INFO: Tag[ view_filter ] --END-- [ RunTime:0.003000s ]
[ 2016-09-25T10:33:19+08:00 ] /wd/ | INFO: Tag[ view_end ] --START--
[ 2016-09-25T10:33:19+08:00 ] /wd/ | INFO: Run ShowPageTrace Behavior [ RunTime:0.001000s ]
[ 2016-09-25T10:33:19+08:00 ] /wd/ | INFO: Tag[ view_end ] --END-- [ RunTime:0.001000s ]
[ 2016-09-25T10:33:19+08:00 ] /wd/index.php/Common/verify | INFO: Tag[ route_check ] --START--
[ 2016-09-25T10:33:19+08:00 ] /wd/index.php/Common/verify | INFO: Run CheckRoute Behavior [ RunTime:0.001000s ]
[ 2016-09-25T10:33:19+08:00 ] /wd/index.php/Common/verify | INFO: Tag[ route_check ] --END-- [ RunTime:0.001000s ]
[ 2016-09-25T10:33:19+08:00 ] /wd/index.php/Common/verify | INFO: Tag[ app_begin ] --START--
[ 2016-09-25T10:33:19+08:00 ] /wd/index.php/Common/verify | INFO: Run ReadHtmlCache Behavior [ RunTime:0.001000s ]
[ 2016-09-25T10:33:19+08:00 ] /wd/index.php/Common/verify | INFO: Tag[ app_begin ] --END-- [ RunTime:0.001000s ]
[ 2016-09-25T10:37:04+08:00 ] /wd/index.php/Common/checkLogin | INFO: Tag[ route_check ] --START--
[ 2016-09-25T10:37:04+08:00 ] /wd/index.php/Common/checkLogin | INFO: Run CheckRoute Behavior [ RunTime:0.000000s ]
[ 2016-09-25T10:37:04+08:00 ] /wd/index.php/Common/checkLogin | INFO: Tag[ route_check ] --END-- [ RunTime:0.000000s ]
[ 2016-09-25T10:37:04+08:00 ] /wd/index.php/Common/checkLogin | INFO: Tag[ app_begin ] --START--
[ 2016-09-25T10:37:04+08:00 ] /wd/index.php/Common/checkLogin | INFO: Run ReadHtmlCache Behavior [ RunTime:0.000000s ]
[ 2016-09-25T10:37:04+08:00 ] /wd/index.php/Common/checkLogin | INFO: Tag[ app_begin ] --END-- [ RunTime:0.000000s ]
[ 2016-09-25T10:37:04+08:00 ] /wd/index.php/Common/checkLogin | NOTIC: [8] Undefined offset: 1 Action.class.php 第 233 行.
[ 2016-09-25T10:37:05+08:00 ] /wd/index.php/Common/checkLogin | SQL: SHOW COLUMNS FROM `hd_user` [ RunTime:0.010000s ]
[ 2016-09-25T10:37:05+08:00 ] /wd/index.php/Common/checkLogin | SQL: SELECT `password` FROM `hd_user` WHERE ( `account` = 'test003' ) LIMIT 1   [ RunTime:0.000000s ]
[ 2016-09-25T10:37:07+08:00 ] /wd/index.php/Common/checkLogin | INFO: Tag[ route_check ] --START--
[ 2016-09-25T10:37:07+08:00 ] /wd/index.php/Common/checkLogin | INFO: Run CheckRoute Behavior [ RunTime:0.000000s ]
[ 2016-09-25T10:37:07+08:00 ] /wd/index.php/Common/checkLogin | INFO: Tag[ route_check ] --END-- [ RunTime:0.000000s ]
[ 2016-09-25T10:37:07+08:00 ] /wd/index.php/Common/checkLogin | INFO: Tag[ app_begin ] --START--
[ 2016-09-25T10:37:07+08:00 ] /wd/index.php/Common/checkLogin | INFO: Run ReadHtmlCache Behavior [ RunTime:0.000000s ]
[ 2016-09-25T10:37:07+08:00 ] /wd/index.php/Common/checkLogin | INFO: Tag[ app_begin ] --END-- [ RunTime:0.000000s ]
[ 2016-09-25T10:37:07+08:00 ] /wd/index.php/Common/checkLogin | NOTIC: [8] Undefined offset: 1 Action.class.php 第 233 行.
[ 2016-09-25T10:37:08+08:00 ] /wd/index.php/Common/checkLogin | SQL: SHOW COLUMNS FROM `hd_user` [ RunTime:0.010000s ]
[ 2016-09-25T10:37:08+08:00 ] /wd/index.php/Common/checkLogin | SQL: SELECT `password` FROM `hd_user` WHERE ( `account` = 'test003' ) LIMIT 1   [ RunTime:0.000000s ]
[ 2016-09-25T10:37:11+08:00 ] /wd/index.php/Common/checkLogin | INFO: Tag[ route_check ] --START--
[ 2016-09-25T10:37:11+08:00 ] /wd/index.php/Common/checkLogin | INFO: Run CheckRoute Behavior [ RunTime:0.000000s ]
[ 2016-09-25T10:37:11+08:00 ] /wd/index.php/Common/checkLogin | INFO: Tag[ route_check ] --END-- [ RunTime:0.000000s ]
[ 2016-09-25T10:37:11+08:00 ] /wd/index.php/Common/checkLogin | INFO: Tag[ app_begin ] --START--
[ 2016-09-25T10:37:11+08:00 ] /wd/index.php/Common/checkLogin | INFO: Run ReadHtmlCache Behavior [ RunTime:0.000000s ]
[ 2016-09-25T10:37:11+08:00 ] /wd/index.php/Common/checkLogin | INFO: Tag[ app_begin ] --END-- [ RunTime:0.000000s ]
[ 2016-09-25T10:37:11+08:00 ] /wd/index.php/Common/checkLogin | NOTIC: [8] Undefined offset: 1 Action.class.php 第 233 行.
[ 2016-09-25T10:37:13+08:00 ] /wd/index.php/Common/checkLogin | SQL: SHOW COLUMNS FROM `hd_user` [ RunTime:0.010000s ]
[ 2016-09-25T10:37:13+08:00 ] /wd/index.php/Common/checkLogin | SQL: SELECT `password` FROM `hd_user` WHERE ( `account` = 'test003' ) LIMIT 1   [ RunTime:0.000000s ]
[ 2016-09-25T10:37:12+08:00 ] /wd/index.php/Common/checkLogin | INFO: Tag[ route_check ] --START--
[ 2016-09-25T10:37:12+08:00 ] /wd/index.php/Common/checkLogin | INFO: Run CheckRoute Behavior [ RunTime:0.000000s ]
[ 2016-09-25T10:37:12+08:00 ] /wd/index.php/Common/checkLogin | INFO: Tag[ route_check ] --END-- [ RunTime:0.000000s ]
[ 2016-09-25T10:37:12+08:00 ] /wd/index.php/Common/checkLogin | INFO: Tag[ app_begin ] --START--
[ 2016-09-25T10:37:12+08:00 ] /wd/index.php/Common/checkLogin | INFO: Run ReadHtmlCache Behavior [ RunTime:0.010000s ]
[ 2016-09-25T10:37:12+08:00 ] /wd/index.php/Common/checkLogin | INFO: Tag[ app_begin ] --END-- [ RunTime:0.010000s ]
[ 2016-09-25T10:37:13+08:00 ] /wd/index.php/Common/checkLogin | NOTIC: [8] Undefined offset: 1 Action.class.php 第 233 行.
[ 2016-09-25T10:37:14+08:00 ] /wd/index.php/Common/checkLogin | SQL: SHOW COLUMNS FROM `hd_user` [ RunTime:0.010000s ]
[ 2016-09-25T10:37:14+08:00 ] /wd/index.php/Common/checkLogin | SQL: SELECT `password` FROM `hd_user` WHERE ( `account` = 'test003' ) LIMIT 1   [ RunTime:0.000000s ]
[ 2016-09-25T10:37:15+08:00 ] /wd/index.php/Common/checkLogin | INFO: Tag[ route_check ] --START--
[ 2016-09-25T10:37:15+08:00 ] /wd/index.php/Common/checkLogin | INFO: Run CheckRoute Behavior [ RunTime:0.000000s ]
[ 2016-09-25T10:37:15+08:00 ] /wd/index.php/Common/checkLogin | INFO: Tag[ route_check ] --END-- [ RunTime:0.000000s ]
[ 2016-09-25T10:37:15+08:00 ] /wd/index.php/Common/checkLogin | INFO: Tag[ app_begin ] --START--
[ 2016-09-25T10:37:15+08:00 ] /wd/index.php/Common/checkLogin | INFO: Run ReadHtmlCache Behavior [ RunTime:0.000000s ]
[ 2016-09-25T10:37:15+08:00 ] /wd/index.php/Common/checkLogin | INFO: Tag[ app_begin ] --END-- [ RunTime:0.000000s ]
[ 2016-09-25T10:37:15+08:00 ] /wd/index.php/Common/checkLogin | NOTIC: [8] Undefined offset: 1 Action.class.php 第 233 行.
[ 2016-09-25T10:37:16+08:00 ] /wd/index.php/Common/checkLogin | SQL: SHOW COLUMNS FROM `hd_user` [ RunTime:0.010000s ]
[ 2016-09-25T10:37:16+08:00 ] /wd/index.php/Common/checkLogin | SQL: SELECT `password` FROM `hd_user` WHERE ( `account` = 'test003' ) LIMIT 1   [ RunTime:0.000000s ]
[ 2016-09-25T10:37:16+08:00 ] /wd/index.php/Common/checkLogin | INFO: Tag[ route_check ] --START--
[ 2016-09-25T10:37:16+08:00 ] /wd/index.php/Common/checkLogin | INFO: Run CheckRoute Behavior [ RunTime:0.000000s ]
[ 2016-09-25T10:37:16+08:00 ] /wd/index.php/Common/checkLogin | INFO: Tag[ route_check ] --END-- [ RunTime:0.000000s ]
[ 2016-09-25T10:37:16+08:00 ] /wd/index.php/Common/checkLogin | INFO: Tag[ app_begin ] --START--
[ 2016-09-25T10:37:16+08:00 ] /wd/index.php/Common/checkLogin | INFO: Run ReadHtmlCache Behavior [ RunTime:0.000000s ]
[ 2016-09-25T10:37:16+08:00 ] /wd/index.php/Common/checkLogin | INFO: Tag[ app_begin ] --END-- [ RunTime:0.000000s ]
[ 2016-09-25T10:37:16+08:00 ] /wd/index.php/Common/checkLogin | NOTIC: [8] Undefined offset: 1 Action.class.php 第 233 行.
[ 2016-09-25T10:37:17+08:00 ] /wd/index.php/Common/checkLogin | SQL: SHOW COLUMNS FROM `hd_user` [ RunTime:0.010000s ]
[ 2016-09-25T10:37:17+08:00 ] /wd/index.php/Common/checkLogin | SQL: SELECT `password` FROM `hd_user` WHERE ( `account` = 'test003' ) LIMIT 1   [ RunTime:0.010000s ]
[ 2016-09-25T10:37:16+08:00 ] /wd/index.php/Common/checkLogin | INFO: Tag[ route_check ] --START--
[ 2016-09-25T10:37:16+08:00 ] /wd/index.php/Common/checkLogin | INFO: Run CheckRoute Behavior [ RunTime:0.000000s ]
[ 2016-09-25T10:37:16+08:00 ] /wd/index.php/Common/checkLogin | INFO: Tag[ route_check ] --END-- [ RunTime:0.000000s ]
[ 2016-09-25T10:37:16+08:00 ] /wd/index.php/Common/checkLogin | INFO: Tag[ app_begin ] --START--
[ 2016-09-25T10:37:16+08:00 ] /wd/index.php/Common/checkLogin | INFO: Run ReadHtmlCache Behavior [ RunTime:0.000000s ]
[ 2016-09-25T10:37:16+08:00 ] /wd/index.php/Common/checkLogin | INFO: Tag[ app_begin ] --END-- [ RunTime:0.000000s ]
[ 2016-09-25T10:37:17+08:00 ] /wd/index.php/Common/checkLogin | NOTIC: [8] Undefined offset: 1 Action.class.php 第 233 行.
[ 2016-09-25T10:37:18+08:00 ] /wd/index.php/Common/checkLogin | SQL: SHOW COLUMNS FROM `hd_user` [ RunTime:0.000000s ]
[ 2016-09-25T10:37:18+08:00 ] /wd/index.php/Common/checkLogin | SQL: SELECT `password` FROM `hd_user` WHERE ( `account` = 'test003' ) LIMIT 1   [ RunTime:0.000000s ]
[ 2016-09-25T10:37:16+08:00 ] /wd/index.php/Common/checkLogin | INFO: Tag[ route_check ] --START--
[ 2016-09-25T10:37:16+08:00 ] /wd/index.php/Common/checkLogin | INFO: Run CheckRoute Behavior [ RunTime:0.000000s ]
[ 2016-09-25T10:37:16+08:00 ] /wd/index.php/Common/checkLogin | INFO: Tag[ route_check ] --END-- [ RunTime:0.000000s ]
[ 2016-09-25T10:37:16+08:00 ] /wd/index.php/Common/checkLogin | INFO: Tag[ app_begin ] --START--
[ 2016-09-25T10:37:16+08:00 ] /wd/index.php/Common/checkLogin | INFO: Run ReadHtmlCache Behavior [ RunTime:0.000000s ]
[ 2016-09-25T10:37:16+08:00 ] /wd/index.php/Common/checkLogin | INFO: Tag[ app_begin ] --END-- [ RunTime:0.000000s ]
[ 2016-09-25T10:37:18+08:00 ] /wd/index.php/Common/checkLogin | NOTIC: [8] Undefined offset: 1 Action.class.php 第 233 行.
[ 2016-09-25T10:37:19+08:00 ] /wd/index.php/Common/checkLogin | SQL: SHOW COLUMNS FROM `hd_user` [ RunTime:0.000000s ]
[ 2016-09-25T10:37:19+08:00 ] /wd/index.php/Common/checkLogin | SQL: SELECT `password` FROM `hd_user` WHERE ( `account` = 'test003' ) LIMIT 1   [ RunTime:0.000000s ]
[ 2016-09-25T10:37:16+08:00 ] /wd/index.php/Common/checkLogin | INFO: Tag[ route_check ] --START--
[ 2016-09-25T10:37:16+08:00 ] /wd/index.php/Common/checkLogin | INFO: Run CheckRoute Behavior [ RunTime:0.000000s ]
[ 2016-09-25T10:37:16+08:00 ] /wd/index.php/Common/checkLogin | INFO: Tag[ route_check ] --END-- [ RunTime:0.000000s ]
[ 2016-09-25T10:37:16+08:00 ] /wd/index.php/Common/checkLogin | INFO: Tag[ app_begin ] --START--
[ 2016-09-25T10:37:16+08:00 ] /wd/index.php/Common/checkLogin | INFO: Run ReadHtmlCache Behavior [ RunTime:0.000000s ]
[ 2016-09-25T10:37:16+08:00 ] /wd/index.php/Common/checkLogin | INFO: Tag[ app_begin ] --END-- [ RunTime:0.000000s ]
[ 2016-09-25T10:37:19+08:00 ] /wd/index.php/Common/checkLogin | NOTIC: [8] Undefined offset: 1 Action.class.php 第 233 行.
[ 2016-09-25T10:37:20+08:00 ] /wd/index.php/Common/checkLogin | SQL: SHOW COLUMNS FROM `hd_user` [ RunTime:0.010000s ]
[ 2016-09-25T10:37:20+08:00 ] /wd/index.php/Common/checkLogin | SQL: SELECT `password` FROM `hd_user` WHERE ( `account` = 'test003' ) LIMIT 1   [ RunTime:0.000000s ]
[ 2016-09-25T10:37:17+08:00 ] /wd/index.php/Common/checkLogin | INFO: Tag[ route_check ] --START--
[ 2016-09-25T10:37:17+08:00 ] /wd/index.php/Common/checkLogin | INFO: Run CheckRoute Behavior [ RunTime:0.000000s ]
[ 2016-09-25T10:37:17+08:00 ] /wd/index.php/Common/checkLogin | INFO: Tag[ route_check ] --END-- [ RunTime:0.000000s ]
[ 2016-09-25T10:37:17+08:00 ] /wd/index.php/Common/checkLogin | INFO: Tag[ app_begin ] --START--
[ 2016-09-25T10:37:17+08:00 ] /wd/index.php/Common/checkLogin | INFO: Run ReadHtmlCache Behavior [ RunTime:0.000000s ]
[ 2016-09-25T10:37:17+08:00 ] /wd/index.php/Common/checkLogin | INFO: Tag[ app_begin ] --END-- [ RunTime:0.000000s ]
[ 2016-09-25T10:37:20+08:00 ] /wd/index.php/Common/checkLogin | NOTIC: [8] Undefined offset: 1 Action.class.php 第 233 行.
[ 2016-09-25T10:37:21+08:00 ] /wd/index.php/Common/checkLogin | SQL: SHOW COLUMNS FROM `hd_user` [ RunTime:0.010000s ]
[ 2016-09-25T10:37:21+08:00 ] /wd/index.php/Common/checkLogin | SQL: SELECT `password` FROM `hd_user` WHERE ( `account` = 'test003' ) LIMIT 1   [ RunTime:0.000000s ]
[ 2016-09-25T10:37:17+08:00 ] /wd/index.php/Common/checkLogin | INFO: Tag[ route_check ] --START--
[ 2016-09-25T10:37:17+08:00 ] /wd/index.php/Common/checkLogin | INFO: Run CheckRoute Behavior [ RunTime:0.000000s ]
[ 2016-09-25T10:37:17+08:00 ] /wd/index.php/Common/checkLogin | INFO: Tag[ route_check ] --END-- [ RunTime:0.000000s ]
[ 2016-09-25T10:37:17+08:00 ] /wd/index.php/Common/checkLogin | INFO: Tag[ app_begin ] --START--
[ 2016-09-25T10:37:17+08:00 ] /wd/index.php/Common/checkLogin | INFO: Run ReadHtmlCache Behavior [ RunTime:0.010000s ]
[ 2016-09-25T10:37:17+08:00 ] /wd/index.php/Common/checkLogin | INFO: Tag[ app_begin ] --END-- [ RunTime:0.010000s ]
[ 2016-09-25T10:37:21+08:00 ] /wd/index.php/Common/checkLogin | NOTIC: [8] Undefined offset: 1 Action.class.php 第 233 行.
[ 2016-09-25T10:37:22+08:00 ] /wd/index.php/Common/checkLogin | SQL: SHOW COLUMNS FROM `hd_user` [ RunTime:0.010000s ]
[ 2016-09-25T10:37:22+08:00 ] /wd/index.php/Common/checkLogin | SQL: SELECT `password` FROM `hd_user` WHERE ( `account` = 'test003' ) LIMIT 1   [ RunTime:0.000000s ]
[ 2016-09-25T10:37:17+08:00 ] /wd/index.php/Common/checkLogin | INFO: Tag[ route_check ] --START--
[ 2016-09-25T10:37:17+08:00 ] /wd/index.php/Common/checkLogin | INFO: Run CheckRoute Behavior [ RunTime:0.000000s ]
[ 2016-09-25T10:37:17+08:00 ] /wd/index.php/Common/checkLogin | INFO: Tag[ route_check ] --END-- [ RunTime:0.000000s ]
[ 2016-09-25T10:37:17+08:00 ] /wd/index.php/Common/checkLogin | INFO: Tag[ app_begin ] --START--
[ 2016-09-25T10:37:17+08:00 ] /wd/index.php/Common/checkLogin | INFO: Run ReadHtmlCache Behavior [ RunTime:0.000000s ]
[ 2016-09-25T10:37:17+08:00 ] /wd/index.php/Common/checkLogin | INFO: Tag[ app_begin ] --END-- [ RunTime:0.010000s ]
[ 2016-09-25T10:37:22+08:00 ] /wd/index.php/Common/checkLogin | NOTIC: [8] Undefined offset: 1 Action.class.php 第 233 行.
[ 2016-09-25T10:37:23+08:00 ] /wd/index.php/Common/checkLogin | SQL: SHOW COLUMNS FROM `hd_user` [ RunTime:0.010000s ]
[ 2016-09-25T10:37:23+08:00 ] /wd/index.php/Common/checkLogin | SQL: SELECT `password` FROM `hd_user` WHERE ( `account` = 'test003' ) LIMIT 1   [ RunTime:0.000000s ]
[ 2016-09-25T10:37:20+08:00 ] /wd/ | INFO: Tag[ app_begin ] --START--
[ 2016-09-25T10:37:20+08:00 ] /wd/ | INFO: Run ReadHtmlCache Behavior [ RunTime:0.000000s ]
[ 2016-09-25T10:37:20+08:00 ] /wd/ | INFO: Tag[ app_begin ] --END-- [ RunTime:0.000000s ]
[ 2016-09-25T10:37:23+08:00 ] /wd/ | INFO: Tag[ view_template ] --START--
[ 2016-09-25T10:37:23+08:00 ] /wd/ | INFO: Run LocationTemplate Behavior [ RunTime:0.000000s ]
[ 2016-09-25T10:37:23+08:00 ] /wd/ | INFO: Tag[ view_template ] --END-- [ RunTime:0.000000s ]
[ 2016-09-25T10:37:23+08:00 ] /wd/ | INFO: Tag[ view_parse ] --START--
[ 2016-09-25T10:37:23+08:00 ] /wd/ | NOTIC: [2] Missing argument 2 for TagLib::parseXmlAttr(), called in D:\phpStudy\WWW\wd\Index\Lib\TagLib\TagLibHd.class.php on line 15 and defined TagLib.class.php 第 111 行.
[ 2016-09-25T10:37:23+08:00 ] /wd/ | NOTIC: [8] Undefined index: @attributes TagLib.class.php 第 120 行.
[ 2016-09-25T10:37:23+08:00 ] /wd/ | NOTIC: [2] array_change_key_case() expects parameter 1 to be array, null given TagLib.class.php 第 120 行.
[ 2016-09-25T10:37:24+08:00 ] /wd/ | SQL: SHOW COLUMNS FROM `hd_category` [ RunTime:0.010000s ]
[ 2016-09-25T10:37:24+08:00 ] /wd/ | NOTIC: [8] Undefined offset: 0 Model.class.php 第 270 行.
[ 2016-09-25T10:37:24+08:00 ] /wd/ | SQL: SELECT * FROM `hd_category` WHERE ( `pid` = 0 )  [ RunTime:0.000000s ]
[ 2016-09-25T10:37:24+08:00 ] /wd/ | INFO: Run ParseTemplate Behavior [ RunTime:1.060002s ]
[ 2016-09-25T10:37:24+08:00 ] /wd/ | INFO: Tag[ view_parse ] --END-- [ RunTime:1.060002s ]
[ 2016-09-25T10:37:24+08:00 ] /wd/ | INFO: Tag[ view_filter ] --START--
[ 2016-09-25T10:37:24+08:00 ] /wd/ | INFO: Run ContentReplace Behavior [ RunTime:0.000000s ]
[ 2016-09-25T10:37:24+08:00 ] /wd/ | INFO: Run TokenBuild Behavior [ RunTime:0.000000s ]
[ 2016-09-25T10:37:24+08:00 ] /wd/ | INFO: Run WriteHtmlCache Behavior [ RunTime:0.000000s ]
[ 2016-09-25T10:37:24+08:00 ] /wd/ | INFO: Run ShowRuntime Behavior [ RunTime:0.000000s ]
[ 2016-09-25T10:37:24+08:00 ] /wd/ | INFO: Tag[ view_filter ] --END-- [ RunTime:0.000000s ]
[ 2016-09-25T10:37:24+08:00 ] /wd/ | INFO: Tag[ view_end ] --START--
[ 2016-09-25T10:37:24+08:00 ] /wd/ | INFO: Run ShowPageTrace Behavior [ RunTime:0.010000s ]
[ 2016-09-25T10:37:24+08:00 ] /wd/ | INFO: Tag[ view_end ] --END-- [ RunTime:0.010000s ]
[ 2016-09-25T10:37:25+08:00 ] /wd/index.php/Common/verify | INFO: Tag[ route_check ] --START--
[ 2016-09-25T10:37:25+08:00 ] /wd/index.php/Common/verify | INFO: Run CheckRoute Behavior [ RunTime:0.001000s ]
[ 2016-09-25T10:37:25+08:00 ] /wd/index.php/Common/verify | INFO: Tag[ route_check ] --END-- [ RunTime:0.001000s ]
[ 2016-09-25T10:37:25+08:00 ] /wd/index.php/Common/verify | INFO: Tag[ app_begin ] --START--
[ 2016-09-25T10:37:25+08:00 ] /wd/index.php/Common/verify | INFO: Run ReadHtmlCache Behavior [ RunTime:0.001000s ]
[ 2016-09-25T10:37:25+08:00 ] /wd/index.php/Common/verify | INFO: Tag[ app_begin ] --END-- [ RunTime:0.002000s ]
[ 2016-09-25T10:37:40+08:00 ] /wd/ | INFO: Tag[ app_begin ] --START--
[ 2016-09-25T10:37:40+08:00 ] /wd/ | INFO: Run ReadHtmlCache Behavior [ RunTime:0.000000s ]
[ 2016-09-25T10:37:40+08:00 ] /wd/ | INFO: Tag[ app_begin ] --END-- [ RunTime:0.000000s ]
[ 2016-09-25T10:37:40+08:00 ] /wd/ | INFO: Tag[ view_template ] --START--
[ 2016-09-25T10:37:40+08:00 ] /wd/ | INFO: Run LocationTemplate Behavior [ RunTime:0.000000s ]
[ 2016-09-25T10:37:40+08:00 ] /wd/ | INFO: Tag[ view_template ] --END-- [ RunTime:0.000000s ]
[ 2016-09-25T10:37:40+08:00 ] /wd/ | INFO: Tag[ view_parse ] --START--
[ 2016-09-25T10:37:40+08:00 ] /wd/ | NOTIC: [2] Missing argument 2 for TagLib::parseXmlAttr(), called in D:\phpStudy\WWW\wd\Index\Lib\TagLib\TagLibHd.class.php on line 15 and defined TagLib.class.php 第 111 行.
[ 2016-09-25T10:37:40+08:00 ] /wd/ | NOTIC: [8] Undefined index: @attributes TagLib.class.php 第 120 行.
[ 2016-09-25T10:37:40+08:00 ] /wd/ | NOTIC: [2] array_change_key_case() expects parameter 1 to be array, null given TagLib.class.php 第 120 行.
[ 2016-09-25T10:37:41+08:00 ] /wd/ | SQL: SHOW COLUMNS FROM `hd_category` [ RunTime:0.010000s ]
[ 2016-09-25T10:37:41+08:00 ] /wd/ | NOTIC: [8] Undefined offset: 0 Model.class.php 第 270 行.
[ 2016-09-25T10:37:41+08:00 ] /wd/ | SQL: SELECT * FROM `hd_category` WHERE ( `pid` = 0 )  [ RunTime:0.000000s ]
[ 2016-09-25T10:37:41+08:00 ] /wd/ | INFO: Run ParseTemplate Behavior [ RunTime:1.040001s ]
[ 2016-09-25T10:37:41+08:00 ] /wd/ | INFO: Tag[ view_parse ] --END-- [ RunTime:1.040001s ]
[ 2016-09-25T10:37:41+08:00 ] /wd/ | INFO: Tag[ view_filter ] --START--
[ 2016-09-25T10:37:41+08:00 ] /wd/ | INFO: Run ContentReplace Behavior [ RunTime:0.000000s ]
[ 2016-09-25T10:37:41+08:00 ] /wd/ | INFO: Run TokenBuild Behavior [ RunTime:0.000000s ]
[ 2016-09-25T10:37:41+08:00 ] /wd/ | INFO: Run WriteHtmlCache Behavior [ RunTime:0.000000s ]
[ 2016-09-25T10:37:41+08:00 ] /wd/ | INFO: Run ShowRuntime Behavior [ RunTime:0.000000s ]
[ 2016-09-25T10:37:41+08:00 ] /wd/ | INFO: Tag[ view_filter ] --END-- [ RunTime:0.000000s ]
[ 2016-09-25T10:37:41+08:00 ] /wd/ | INFO: Tag[ view_end ] --START--
[ 2016-09-25T10:37:41+08:00 ] /wd/ | INFO: Run ShowPageTrace Behavior [ RunTime:0.000000s ]
[ 2016-09-25T10:37:41+08:00 ] /wd/ | INFO: Tag[ view_end ] --END-- [ RunTime:0.000000s ]
[ 2016-09-25T10:37:41+08:00 ] /wd/index.php/Common/verify | INFO: Tag[ route_check ] --START--
[ 2016-09-25T10:37:41+08:00 ] /wd/index.php/Common/verify | INFO: Run CheckRoute Behavior [ RunTime:0.010000s ]
[ 2016-09-25T10:37:41+08:00 ] /wd/index.php/Common/verify | INFO: Tag[ route_check ] --END-- [ RunTime:0.010000s ]
[ 2016-09-25T10:37:41+08:00 ] /wd/index.php/Common/verify | INFO: Tag[ app_begin ] --START--
[ 2016-09-25T10:37:41+08:00 ] /wd/index.php/Common/verify | INFO: Run ReadHtmlCache Behavior [ RunTime:0.000000s ]
[ 2016-09-25T10:37:41+08:00 ] /wd/index.php/Common/verify | INFO: Tag[ app_begin ] --END-- [ RunTime:0.000000s ]
[ 2016-09-25T10:37:49+08:00 ] /wd/index.php/Common/checkLogin | INFO: Tag[ route_check ] --START--
[ 2016-09-25T10:37:49+08:00 ] /wd/index.php/Common/checkLogin | INFO: Run CheckRoute Behavior [ RunTime:0.000000s ]
[ 2016-09-25T10:37:49+08:00 ] /wd/index.php/Common/checkLogin | INFO: Tag[ route_check ] --END-- [ RunTime:0.000000s ]
[ 2016-09-25T10:37:49+08:00 ] /wd/index.php/Common/checkLogin | INFO: Tag[ app_begin ] --START--
[ 2016-09-25T10:37:49+08:00 ] /wd/index.php/Common/checkLogin | INFO: Run ReadHtmlCache Behavior [ RunTime:0.000000s ]
[ 2016-09-25T10:37:49+08:00 ] /wd/index.php/Common/checkLogin | INFO: Tag[ app_begin ] --END-- [ RunTime:0.000000s ]
[ 2016-09-25T10:37:49+08:00 ] /wd/index.php/Common/checkLogin | NOTIC: [8] Undefined offset: 1 Action.class.php 第 233 行.
[ 2016-09-25T10:37:50+08:00 ] /wd/index.php/Common/checkLogin | SQL: SHOW COLUMNS FROM `hd_user` [ RunTime:0.010000s ]
[ 2016-09-25T10:37:50+08:00 ] /wd/index.php/Common/checkLogin | SQL: SELECT `password` FROM `hd_user` WHERE ( `account` = 'test003' ) LIMIT 1   [ RunTime:0.000000s ]
[ 2016-09-25T10:37:49+08:00 ] /wd/index.php/Common/checkLogin | INFO: Tag[ route_check ] --START--
[ 2016-09-25T10:37:49+08:00 ] /wd/index.php/Common/checkLogin | INFO: Run CheckRoute Behavior [ RunTime:0.000000s ]
[ 2016-09-25T10:37:49+08:00 ] /wd/index.php/Common/checkLogin | INFO: Tag[ route_check ] --END-- [ RunTime:0.000000s ]
[ 2016-09-25T10:37:49+08:00 ] /wd/index.php/Common/checkLogin | INFO: Tag[ app_begin ] --START--
[ 2016-09-25T10:37:49+08:00 ] /wd/index.php/Common/checkLogin | INFO: Run ReadHtmlCache Behavior [ RunTime:0.000000s ]
[ 2016-09-25T10:37:49+08:00 ] /wd/index.php/Common/checkLogin | INFO: Tag[ app_begin ] --END-- [ RunTime:0.000000s ]
[ 2016-09-25T10:37:50+08:00 ] /wd/index.php/Common/checkLogin | NOTIC: [8] Undefined offset: 1 Action.class.php 第 233 行.
[ 2016-09-25T10:37:51+08:00 ] /wd/index.php/Common/checkLogin | SQL: SHOW COLUMNS FROM `hd_user` [ RunTime:0.010000s ]
[ 2016-09-25T10:37:51+08:00 ] /wd/index.php/Common/checkLogin | SQL: SELECT `password` FROM `hd_user` WHERE ( `account` = 'test003' ) LIMIT 1   [ RunTime:0.000000s ]
[ 2016-09-25T10:39:31+08:00 ] /wd/ | INFO: Tag[ app_begin ] --START--
[ 2016-09-25T10:39:31+08:00 ] /wd/ | INFO: Run ReadHtmlCache Behavior [ RunTime:0.000000s ]
[ 2016-09-25T10:39:31+08:00 ] /wd/ | INFO: Tag[ app_begin ] --END-- [ RunTime:0.000000s ]
[ 2016-09-25T10:39:31+08:00 ] /wd/ | INFO: Tag[ view_template ] --START--
[ 2016-09-25T10:39:31+08:00 ] /wd/ | INFO: Run LocationTemplate Behavior [ RunTime:0.000000s ]
[ 2016-09-25T10:39:31+08:00 ] /wd/ | INFO: Tag[ view_template ] --END-- [ RunTime:0.000000s ]
[ 2016-09-25T10:39:31+08:00 ] /wd/ | INFO: Tag[ view_parse ] --START--
[ 2016-09-25T10:39:31+08:00 ] /wd/ | NOTIC: [2] Missing argument 2 for TagLib::parseXmlAttr(), called in D:\phpStudy\WWW\wd\Index\Lib\TagLib\TagLibHd.class.php on line 15 and defined TagLib.class.php 第 111 行.
[ 2016-09-25T10:39:31+08:00 ] /wd/ | NOTIC: [8] Undefined index: @attributes TagLib.class.php 第 120 行.
[ 2016-09-25T10:39:31+08:00 ] /wd/ | NOTIC: [2] array_change_key_case() expects parameter 1 to be array, null given TagLib.class.php 第 120 行.
[ 2016-09-25T10:39:32+08:00 ] /wd/ | SQL: SHOW COLUMNS FROM `hd_category` [ RunTime:0.010000s ]
[ 2016-09-25T10:39:32+08:00 ] /wd/ | NOTIC: [8] Undefined offset: 0 Model.class.php 第 270 行.
[ 2016-09-25T10:39:32+08:00 ] /wd/ | SQL: SELECT * FROM `hd_category` WHERE ( `pid` = 0 )  [ RunTime:0.000000s ]
[ 2016-09-25T10:39:32+08:00 ] /wd/ | INFO: Run ParseTemplate Behavior [ RunTime:1.040002s ]
[ 2016-09-25T10:39:32+08:00 ] /wd/ | INFO: Tag[ view_parse ] --END-- [ RunTime:1.040002s ]
[ 2016-09-25T10:39:32+08:00 ] /wd/ | INFO: Tag[ view_filter ] --START--
[ 2016-09-25T10:39:32+08:00 ] /wd/ | INFO: Run ContentReplace Behavior [ RunTime:0.000000s ]
[ 2016-09-25T10:39:32+08:00 ] /wd/ | INFO: Run TokenBuild Behavior [ RunTime:0.000000s ]
[ 2016-09-25T10:39:32+08:00 ] /wd/ | INFO: Run WriteHtmlCache Behavior [ RunTime:0.000000s ]
[ 2016-09-25T10:39:32+08:00 ] /wd/ | INFO: Run ShowRuntime Behavior [ RunTime:0.000000s ]
[ 2016-09-25T10:39:32+08:00 ] /wd/ | INFO: Tag[ view_filter ] --END-- [ RunTime:0.000000s ]
[ 2016-09-25T10:39:32+08:00 ] /wd/ | INFO: Tag[ view_end ] --START--
[ 2016-09-25T10:39:32+08:00 ] /wd/ | INFO: Run ShowPageTrace Behavior [ RunTime:0.000000s ]
[ 2016-09-25T10:39:32+08:00 ] /wd/ | INFO: Tag[ view_end ] --END-- [ RunTime:0.000000s ]
[ 2016-09-25T10:39:32+08:00 ] /wd/index.php/Common/verify | INFO: Tag[ route_check ] --START--
[ 2016-09-25T10:39:32+08:00 ] /wd/index.php/Common/verify | INFO: Run CheckRoute Behavior [ RunTime:0.010000s ]
[ 2016-09-25T10:39:32+08:00 ] /wd/index.php/Common/verify | INFO: Tag[ route_check ] --END-- [ RunTime:0.010000s ]
[ 2016-09-25T10:39:32+08:00 ] /wd/index.php/Common/verify | INFO: Tag[ app_begin ] --START--
[ 2016-09-25T10:39:32+08:00 ] /wd/index.php/Common/verify | INFO: Run ReadHtmlCache Behavior [ RunTime:0.000000s ]
[ 2016-09-25T10:39:32+08:00 ] /wd/index.php/Common/verify | INFO: Tag[ app_begin ] --END-- [ RunTime:0.000000s ]
[ 2016-09-25T10:39:37+08:00 ] /wd/index.php/Common/checkLogin | INFO: Tag[ route_check ] --START--
[ 2016-09-25T10:39:37+08:00 ] /wd/index.php/Common/checkLogin | INFO: Run CheckRoute Behavior [ RunTime:0.000000s ]
[ 2016-09-25T10:39:37+08:00 ] /wd/index.php/Common/checkLogin | INFO: Tag[ route_check ] --END-- [ RunTime:0.000000s ]
[ 2016-09-25T10:39:37+08:00 ] /wd/index.php/Common/checkLogin | INFO: Tag[ app_begin ] --START--
[ 2016-09-25T10:39:37+08:00 ] /wd/index.php/Common/checkLogin | INFO: Run ReadHtmlCache Behavior [ RunTime:0.000000s ]
[ 2016-09-25T10:39:37+08:00 ] /wd/index.php/Common/checkLogin | INFO: Tag[ app_begin ] --END-- [ RunTime:0.000000s ]
[ 2016-09-25T10:39:37+08:00 ] /wd/index.php/Common/checkLogin | NOTIC: [8] Undefined offset: 1 Action.class.php 第 233 行.
[ 2016-09-25T10:39:38+08:00 ] /wd/index.php/Common/checkLogin | SQL: SHOW COLUMNS FROM `hd_user` [ RunTime:0.010000s ]
[ 2016-09-25T10:39:38+08:00 ] /wd/index.php/Common/checkLogin | SQL: SELECT `password` FROM `hd_user` WHERE ( `account` = 'test003' ) LIMIT 1   [ RunTime:0.000000s ]
[ 2016-09-25T10:39:37+08:00 ] /wd/index.php/Common/checkLogin | INFO: Tag[ route_check ] --START--
[ 2016-09-25T10:39:37+08:00 ] /wd/index.php/Common/checkLogin | INFO: Run CheckRoute Behavior [ RunTime:0.000000s ]
[ 2016-09-25T10:39:37+08:00 ] /wd/index.php/Common/checkLogin | INFO: Tag[ route_check ] --END-- [ RunTime:0.000000s ]
[ 2016-09-25T10:39:37+08:00 ] /wd/index.php/Common/checkLogin | INFO: Tag[ app_begin ] --START--
[ 2016-09-25T10:39:37+08:00 ] /wd/index.php/Common/checkLogin | INFO: Run ReadHtmlCache Behavior [ RunTime:0.000000s ]
[ 2016-09-25T10:39:37+08:00 ] /wd/index.php/Common/checkLogin | INFO: Tag[ app_begin ] --END-- [ RunTime:0.000000s ]
[ 2016-09-25T10:39:38+08:00 ] /wd/index.php/Common/checkLogin | NOTIC: [8] Undefined offset: 1 Action.class.php 第 233 行.
[ 2016-09-25T10:39:39+08:00 ] /wd/index.php/Common/checkLogin | SQL: SHOW COLUMNS FROM `hd_user` [ RunTime:0.010000s ]
[ 2016-09-25T10:39:39+08:00 ] /wd/index.php/Common/checkLogin | SQL: SELECT `password` FROM `hd_user` WHERE ( `account` = 'test003' ) LIMIT 1   [ RunTime:0.000000s ]
[ 2016-09-25T10:39:42+08:00 ] /wd/ | INFO: Tag[ app_begin ] --START--
[ 2016-09-25T10:39:42+08:00 ] /wd/ | INFO: Run ReadHtmlCache Behavior [ RunTime:0.000000s ]
[ 2016-09-25T10:39:42+08:00 ] /wd/ | INFO: Tag[ app_begin ] --END-- [ RunTime:0.000000s ]
[ 2016-09-25T10:39:42+08:00 ] /wd/ | INFO: Tag[ view_template ] --START--
[ 2016-09-25T10:39:42+08:00 ] /wd/ | INFO: Run LocationTemplate Behavior [ RunTime:0.000000s ]
[ 2016-09-25T10:39:42+08:00 ] /wd/ | INFO: Tag[ view_template ] --END-- [ RunTime:0.000000s ]
[ 2016-09-25T10:39:42+08:00 ] /wd/ | INFO: Tag[ view_parse ] --START--
[ 2016-09-25T10:39:42+08:00 ] /wd/ | NOTIC: [2] Missing argument 2 for TagLib::parseXmlAttr(), called in D:\phpStudy\WWW\wd\Index\Lib\TagLib\TagLibHd.class.php on line 15 and defined TagLib.class.php 第 111 行.
[ 2016-09-25T10:39:42+08:00 ] /wd/ | NOTIC: [8] Undefined index: @attributes TagLib.class.php 第 120 行.
[ 2016-09-25T10:39:42+08:00 ] /wd/ | NOTIC: [2] array_change_key_case() expects parameter 1 to be array, null given TagLib.class.php 第 120 行.
[ 2016-09-25T10:39:43+08:00 ] /wd/ | SQL: SHOW COLUMNS FROM `hd_category` [ RunTime:0.010000s ]
[ 2016-09-25T10:39:43+08:00 ] /wd/ | NOTIC: [8] Undefined offset: 0 Model.class.php 第 270 行.
[ 2016-09-25T10:39:43+08:00 ] /wd/ | SQL: SELECT * FROM `hd_category` WHERE ( `pid` = 0 )  [ RunTime:0.000000s ]
[ 2016-09-25T10:39:43+08:00 ] /wd/ | INFO: Run ParseTemplate Behavior [ RunTime:1.030001s ]
[ 2016-09-25T10:39:43+08:00 ] /wd/ | INFO: Tag[ view_parse ] --END-- [ RunTime:1.030001s ]
[ 2016-09-25T10:39:43+08:00 ] /wd/ | INFO: Tag[ view_filter ] --START--
[ 2016-09-25T10:39:43+08:00 ] /wd/ | INFO: Run ContentReplace Behavior [ RunTime:0.000000s ]
[ 2016-09-25T10:39:43+08:00 ] /wd/ | INFO: Run TokenBuild Behavior [ RunTime:0.000000s ]
[ 2016-09-25T10:39:43+08:00 ] /wd/ | INFO: Run WriteHtmlCache Behavior [ RunTime:0.000000s ]
[ 2016-09-25T10:39:43+08:00 ] /wd/ | INFO: Run ShowRuntime Behavior [ RunTime:0.000000s ]
[ 2016-09-25T10:39:43+08:00 ] /wd/ | INFO: Tag[ view_filter ] --END-- [ RunTime:0.000000s ]
[ 2016-09-25T10:39:43+08:00 ] /wd/ | INFO: Tag[ view_end ] --START--
[ 2016-09-25T10:39:43+08:00 ] /wd/ | INFO: Run ShowPageTrace Behavior [ RunTime:0.000000s ]
[ 2016-09-25T10:39:43+08:00 ] /wd/ | INFO: Tag[ view_end ] --END-- [ RunTime:0.000000s ]
[ 2016-09-25T10:39:43+08:00 ] /wd/index.php/Common/verify | INFO: Tag[ route_check ] --START--
[ 2016-09-25T10:39:43+08:00 ] /wd/index.php/Common/verify | INFO: Run CheckRoute Behavior [ RunTime:0.010000s ]
[ 2016-09-25T10:39:43+08:00 ] /wd/index.php/Common/verify | INFO: Tag[ route_check ] --END-- [ RunTime:0.010000s ]
[ 2016-09-25T10:39:43+08:00 ] /wd/index.php/Common/verify | INFO: Tag[ app_begin ] --START--
[ 2016-09-25T10:39:43+08:00 ] /wd/index.php/Common/verify | INFO: Run ReadHtmlCache Behavior [ RunTime:0.000000s ]
[ 2016-09-25T10:39:43+08:00 ] /wd/index.php/Common/verify | INFO: Tag[ app_begin ] --END-- [ RunTime:0.000000s ]
[ 2016-09-25T10:39:50+08:00 ] /wd/ | INFO: Tag[ app_begin ] --START--
[ 2016-09-25T10:39:50+08:00 ] /wd/ | INFO: Run ReadHtmlCache Behavior [ RunTime:0.000000s ]
[ 2016-09-25T10:39:50+08:00 ] /wd/ | INFO: Tag[ app_begin ] --END-- [ RunTime:0.000000s ]
[ 2016-09-25T10:39:50+08:00 ] /wd/ | INFO: Tag[ view_template ] --START--
[ 2016-09-25T10:39:50+08:00 ] /wd/ | INFO: Run LocationTemplate Behavior [ RunTime:0.000000s ]
[ 2016-09-25T10:39:50+08:00 ] /wd/ | INFO: Tag[ view_template ] --END-- [ RunTime:0.000000s ]
[ 2016-09-25T10:39:50+08:00 ] /wd/ | INFO: Tag[ view_parse ] --START--
[ 2016-09-25T10:39:50+08:00 ] /wd/ | NOTIC: [2] Missing argument 2 for TagLib::parseXmlAttr(), called in D:\phpStudy\WWW\wd\Index\Lib\TagLib\TagLibHd.class.php on line 15 and defined TagLib.class.php 第 111 行.
[ 2016-09-25T10:39:50+08:00 ] /wd/ | NOTIC: [8] Undefined index: @attributes TagLib.class.php 第 120 行.
[ 2016-09-25T10:39:50+08:00 ] /wd/ | NOTIC: [2] array_change_key_case() expects parameter 1 to be array, null given TagLib.class.php 第 120 行.
[ 2016-09-25T10:39:51+08:00 ] /wd/ | SQL: SHOW COLUMNS FROM `hd_category` [ RunTime:0.010000s ]
[ 2016-09-25T10:39:51+08:00 ] /wd/ | NOTIC: [8] Undefined offset: 0 Model.class.php 第 270 行.
[ 2016-09-25T10:39:51+08:00 ] /wd/ | SQL: SELECT * FROM `hd_category` WHERE ( `pid` = 0 )  [ RunTime:0.000000s ]
[ 2016-09-25T10:39:51+08:00 ] /wd/ | INFO: Run ParseTemplate Behavior [ RunTime:1.044001s ]
[ 2016-09-25T10:39:51+08:00 ] /wd/ | INFO: Tag[ view_parse ] --END-- [ RunTime:1.044001s ]
[ 2016-09-25T10:39:51+08:00 ] /wd/ | INFO: Tag[ view_filter ] --START--
[ 2016-09-25T10:39:51+08:00 ] /wd/ | INFO: Run ContentReplace Behavior [ RunTime:0.000000s ]
[ 2016-09-25T10:39:51+08:00 ] /wd/ | INFO: Run TokenBuild Behavior [ RunTime:0.000000s ]
[ 2016-09-25T10:39:51+08:00 ] /wd/ | INFO: Run WriteHtmlCache Behavior [ RunTime:0.000000s ]
[ 2016-09-25T10:39:51+08:00 ] /wd/ | INFO: Run ShowRuntime Behavior [ RunTime:0.000000s ]
[ 2016-09-25T10:39:51+08:00 ] /wd/ | INFO: Tag[ view_filter ] --END-- [ RunTime:0.000000s ]
[ 2016-09-25T10:39:51+08:00 ] /wd/ | INFO: Tag[ view_end ] --START--
[ 2016-09-25T10:39:51+08:00 ] /wd/ | INFO: Run ShowPageTrace Behavior [ RunTime:0.000000s ]
[ 2016-09-25T10:39:51+08:00 ] /wd/ | INFO: Tag[ view_end ] --END-- [ RunTime:0.000000s ]
[ 2016-09-25T10:39:51+08:00 ] /wd/index.php/Common/verify | INFO: Tag[ route_check ] --START--
[ 2016-09-25T10:39:51+08:00 ] /wd/index.php/Common/verify | INFO: Run CheckRoute Behavior [ RunTime:0.001000s ]
[ 2016-09-25T10:39:51+08:00 ] /wd/index.php/Common/verify | INFO: Tag[ route_check ] --END-- [ RunTime:0.001000s ]
[ 2016-09-25T10:39:51+08:00 ] /wd/index.php/Common/verify | INFO: Tag[ app_begin ] --START--
[ 2016-09-25T10:39:51+08:00 ] /wd/index.php/Common/verify | INFO: Run ReadHtmlCache Behavior [ RunTime:0.002000s ]
[ 2016-09-25T10:39:51+08:00 ] /wd/index.php/Common/verify | INFO: Tag[ app_begin ] --END-- [ RunTime:0.002000s ]
[ 2016-09-25T10:41:39+08:00 ] /wd/ | INFO: Tag[ app_begin ] --START--
[ 2016-09-25T10:41:39+08:00 ] /wd/ | INFO: Run ReadHtmlCache Behavior [ RunTime:0.000000s ]
[ 2016-09-25T10:41:39+08:00 ] /wd/ | INFO: Tag[ app_begin ] --END-- [ RunTime:0.000000s ]
[ 2016-09-25T10:41:39+08:00 ] /wd/ | INFO: Tag[ view_template ] --START--
[ 2016-09-25T10:41:39+08:00 ] /wd/ | INFO: Run LocationTemplate Behavior [ RunTime:0.000000s ]
[ 2016-09-25T10:41:39+08:00 ] /wd/ | INFO: Tag[ view_template ] --END-- [ RunTime:0.000000s ]
[ 2016-09-25T10:41:39+08:00 ] /wd/ | INFO: Tag[ view_parse ] --START--
[ 2016-09-25T10:41:39+08:00 ] /wd/ | NOTIC: [2] Missing argument 2 for TagLib::parseXmlAttr(), called in D:\phpStudy\WWW\wd\Index\Lib\TagLib\TagLibHd.class.php on line 15 and defined TagLib.class.php 第 111 行.
[ 2016-09-25T10:41:39+08:00 ] /wd/ | NOTIC: [8] Undefined index: @attributes TagLib.class.php 第 120 行.
[ 2016-09-25T10:41:39+08:00 ] /wd/ | NOTIC: [2] array_change_key_case() expects parameter 1 to be array, null given TagLib.class.php 第 120 行.
[ 2016-09-25T10:41:40+08:00 ] /wd/ | SQL: SHOW COLUMNS FROM `hd_category` [ RunTime:0.010000s ]
[ 2016-09-25T10:41:40+08:00 ] /wd/ | NOTIC: [8] Undefined offset: 0 Model.class.php 第 270 行.
[ 2016-09-25T10:41:40+08:00 ] /wd/ | SQL: SELECT * FROM `hd_category` WHERE ( `pid` = 0 )  [ RunTime:0.000000s ]
[ 2016-09-25T10:41:40+08:00 ] /wd/ | INFO: Run ParseTemplate Behavior [ RunTime:1.040002s ]
[ 2016-09-25T10:41:40+08:00 ] /wd/ | INFO: Tag[ view_parse ] --END-- [ RunTime:1.040002s ]
[ 2016-09-25T10:41:40+08:00 ] /wd/ | INFO: Tag[ view_filter ] --START--
[ 2016-09-25T10:41:40+08:00 ] /wd/ | INFO: Run ContentReplace Behavior [ RunTime:0.000000s ]
[ 2016-09-25T10:41:40+08:00 ] /wd/ | INFO: Run TokenBuild Behavior [ RunTime:0.000000s ]
[ 2016-09-25T10:41:40+08:00 ] /wd/ | INFO: Run WriteHtmlCache Behavior [ RunTime:0.000000s ]
[ 2016-09-25T10:41:40+08:00 ] /wd/ | INFO: Run ShowRuntime Behavior [ RunTime:0.000000s ]
[ 2016-09-25T10:41:40+08:00 ] /wd/ | INFO: Tag[ view_filter ] --END-- [ RunTime:0.000000s ]
[ 2016-09-25T10:41:40+08:00 ] /wd/ | INFO: Tag[ view_end ] --START--
[ 2016-09-25T10:41:40+08:00 ] /wd/ | INFO: Run ShowPageTrace Behavior [ RunTime:0.000000s ]
[ 2016-09-25T10:41:40+08:00 ] /wd/ | INFO: Tag[ view_end ] --END-- [ RunTime:0.000000s ]
[ 2016-09-25T10:41:41+08:00 ] /wd/index.php/Common/verify | INFO: Tag[ route_check ] --START--
[ 2016-09-25T10:41:41+08:00 ] /wd/index.php/Common/verify | INFO: Run CheckRoute Behavior [ RunTime:0.001000s ]
[ 2016-09-25T10:41:41+08:00 ] /wd/index.php/Common/verify | INFO: Tag[ route_check ] --END-- [ RunTime:0.002000s ]
[ 2016-09-25T10:41:41+08:00 ] /wd/index.php/Common/verify | INFO: Tag[ app_begin ] --START--
[ 2016-09-25T10:41:41+08:00 ] /wd/index.php/Common/verify | INFO: Run ReadHtmlCache Behavior [ RunTime:0.001001s ]
[ 2016-09-25T10:41:41+08:00 ] /wd/index.php/Common/verify | INFO: Tag[ app_begin ] --END-- [ RunTime:0.001001s ]
[ 2016-09-25T10:42:05+08:00 ] /wd/ | INFO: Tag[ app_begin ] --START--
[ 2016-09-25T10:42:05+08:00 ] /wd/ | INFO: Run ReadHtmlCache Behavior [ RunTime:0.000000s ]
[ 2016-09-25T10:42:05+08:00 ] /wd/ | INFO: Tag[ app_begin ] --END-- [ RunTime:0.000000s ]
[ 2016-09-25T10:42:05+08:00 ] /wd/ | INFO: Tag[ view_template ] --START--
[ 2016-09-25T10:42:05+08:00 ] /wd/ | INFO: Run LocationTemplate Behavior [ RunTime:0.000000s ]
[ 2016-09-25T10:42:05+08:00 ] /wd/ | INFO: Tag[ view_template ] --END-- [ RunTime:0.000000s ]
[ 2016-09-25T10:42:05+08:00 ] /wd/ | INFO: Tag[ view_parse ] --START--
[ 2016-09-25T10:42:05+08:00 ] /wd/ | NOTIC: [2] Missing argument 2 for TagLib::parseXmlAttr(), called in D:\phpStudy\WWW\wd\Index\Lib\TagLib\TagLibHd.class.php on line 15 and defined TagLib.class.php 第 111 行.
[ 2016-09-25T10:42:05+08:00 ] /wd/ | NOTIC: [8] Undefined index: @attributes TagLib.class.php 第 120 行.
[ 2016-09-25T10:42:05+08:00 ] /wd/ | NOTIC: [2] array_change_key_case() expects parameter 1 to be array, null given TagLib.class.php 第 120 行.
[ 2016-09-25T10:42:06+08:00 ] /wd/ | SQL: SHOW COLUMNS FROM `hd_category` [ RunTime:0.000000s ]
[ 2016-09-25T10:42:06+08:00 ] /wd/ | NOTIC: [8] Undefined offset: 0 Model.class.php 第 270 行.
[ 2016-09-25T10:42:06+08:00 ] /wd/ | SQL: SELECT * FROM `hd_category` WHERE ( `pid` = 0 )  [ RunTime:0.000000s ]
[ 2016-09-25T10:42:06+08:00 ] /wd/ | INFO: Run ParseTemplate Behavior [ RunTime:1.040002s ]
[ 2016-09-25T10:42:06+08:00 ] /wd/ | INFO: Tag[ view_parse ] --END-- [ RunTime:1.040002s ]
[ 2016-09-25T10:42:06+08:00 ] /wd/ | INFO: Tag[ view_filter ] --START--
[ 2016-09-25T10:42:06+08:00 ] /wd/ | INFO: Run ContentReplace Behavior [ RunTime:0.000000s ]
[ 2016-09-25T10:42:06+08:00 ] /wd/ | INFO: Run TokenBuild Behavior [ RunTime:0.000000s ]
[ 2016-09-25T10:42:06+08:00 ] /wd/ | INFO: Run WriteHtmlCache Behavior [ RunTime:0.000000s ]
[ 2016-09-25T10:42:06+08:00 ] /wd/ | INFO: Run ShowRuntime Behavior [ RunTime:0.000000s ]
[ 2016-09-25T10:42:06+08:00 ] /wd/ | INFO: Tag[ view_filter ] --END-- [ RunTime:0.000000s ]
[ 2016-09-25T10:42:06+08:00 ] /wd/ | INFO: Tag[ view_end ] --START--
[ 2016-09-25T10:42:06+08:00 ] /wd/ | INFO: Run ShowPageTrace Behavior [ RunTime:0.010000s ]
[ 2016-09-25T10:42:06+08:00 ] /wd/ | INFO: Tag[ view_end ] --END-- [ RunTime:0.010000s ]
[ 2016-09-25T10:42:07+08:00 ] /wd/index.php/Common/verify | INFO: Tag[ route_check ] --START--
[ 2016-09-25T10:42:07+08:00 ] /wd/index.php/Common/verify | INFO: Run CheckRoute Behavior [ RunTime:0.000000s ]
[ 2016-09-25T10:42:07+08:00 ] /wd/index.php/Common/verify | INFO: Tag[ route_check ] --END-- [ RunTime:0.000000s ]
[ 2016-09-25T10:42:07+08:00 ] /wd/index.php/Common/verify | INFO: Tag[ app_begin ] --START--
[ 2016-09-25T10:42:07+08:00 ] /wd/index.php/Common/verify | INFO: Run ReadHtmlCache Behavior [ RunTime:0.000000s ]
[ 2016-09-25T10:42:07+08:00 ] /wd/index.php/Common/verify | INFO: Tag[ app_begin ] --END-- [ RunTime:0.000000s ]
[ 2016-09-25T10:42:17+08:00 ] /wd/index.php/Common/checkLogin | INFO: Tag[ route_check ] --START--
[ 2016-09-25T10:42:17+08:00 ] /wd/index.php/Common/checkLogin | INFO: Run CheckRoute Behavior [ RunTime:0.000000s ]
[ 2016-09-25T10:42:17+08:00 ] /wd/index.php/Common/checkLogin | INFO: Tag[ route_check ] --END-- [ RunTime:0.000000s ]
[ 2016-09-25T10:42:17+08:00 ] /wd/index.php/Common/checkLogin | INFO: Tag[ app_begin ] --START--
[ 2016-09-25T10:42:17+08:00 ] /wd/index.php/Common/checkLogin | INFO: Run ReadHtmlCache Behavior [ RunTime:0.010000s ]
[ 2016-09-25T10:42:17+08:00 ] /wd/index.php/Common/checkLogin | INFO: Tag[ app_begin ] --END-- [ RunTime:0.010000s ]
[ 2016-09-25T10:42:17+08:00 ] /wd/index.php/Common/checkLogin | NOTIC: [8] Undefined offset: 1 Action.class.php 第 233 行.
[ 2016-09-25T10:42:18+08:00 ] /wd/index.php/Common/checkLogin | SQL: SHOW COLUMNS FROM `hd_user` [ RunTime:0.010000s ]
[ 2016-09-25T10:42:18+08:00 ] /wd/index.php/Common/checkLogin | SQL: SELECT `password` FROM `hd_user` WHERE ( `account` = 'test003' ) LIMIT 1   [ RunTime:0.000000s ]
[ 2016-09-25T10:42:17+08:00 ] /wd/index.php/Common/checkLogin | INFO: Tag[ route_check ] --START--
[ 2016-09-25T10:42:17+08:00 ] /wd/index.php/Common/checkLogin | INFO: Run CheckRoute Behavior [ RunTime:0.000000s ]
[ 2016-09-25T10:42:17+08:00 ] /wd/index.php/Common/checkLogin | INFO: Tag[ route_check ] --END-- [ RunTime:0.000000s ]
[ 2016-09-25T10:42:17+08:00 ] /wd/index.php/Common/checkLogin | INFO: Tag[ app_begin ] --START--
[ 2016-09-25T10:42:17+08:00 ] /wd/index.php/Common/checkLogin | INFO: Run ReadHtmlCache Behavior [ RunTime:0.000000s ]
[ 2016-09-25T10:42:17+08:00 ] /wd/index.php/Common/checkLogin | INFO: Tag[ app_begin ] --END-- [ RunTime:0.000000s ]
[ 2016-09-25T10:42:18+08:00 ] /wd/index.php/Common/checkLogin | NOTIC: [8] Undefined offset: 1 Action.class.php 第 233 行.
[ 2016-09-25T10:42:19+08:00 ] /wd/index.php/Common/checkLogin | SQL: SHOW COLUMNS FROM `hd_user` [ RunTime:0.010000s ]
[ 2016-09-25T10:42:19+08:00 ] /wd/index.php/Common/checkLogin | SQL: SELECT `password` FROM `hd_user` WHERE ( `account` = 'test003' ) LIMIT 1   [ RunTime:0.000000s ]
[ 2016-09-25T10:42:21+08:00 ] /wd/ | INFO: Tag[ app_begin ] --START--
[ 2016-09-25T10:42:21+08:00 ] /wd/ | INFO: Run ReadHtmlCache Behavior [ RunTime:0.000000s ]
[ 2016-09-25T10:42:21+08:00 ] /wd/ | INFO: Tag[ app_begin ] --END-- [ RunTime:0.000000s ]
[ 2016-09-25T10:42:21+08:00 ] /wd/ | INFO: Tag[ view_template ] --START--
[ 2016-09-25T10:42:21+08:00 ] /wd/ | INFO: Run LocationTemplate Behavior [ RunTime:0.010000s ]
[ 2016-09-25T10:42:21+08:00 ] /wd/ | INFO: Tag[ view_template ] --END-- [ RunTime:0.010000s ]
[ 2016-09-25T10:42:21+08:00 ] /wd/ | INFO: Tag[ view_parse ] --START--
[ 2016-09-25T10:42:21+08:00 ] /wd/ | NOTIC: [2] Missing argument 2 for TagLib::parseXmlAttr(), called in D:\phpStudy\WWW\wd\Index\Lib\TagLib\TagLibHd.class.php on line 15 and defined TagLib.class.php 第 111 行.
[ 2016-09-25T10:42:21+08:00 ] /wd/ | NOTIC: [8] Undefined index: @attributes TagLib.class.php 第 120 行.
[ 2016-09-25T10:42:21+08:00 ] /wd/ | NOTIC: [2] array_change_key_case() expects parameter 1 to be array, null given TagLib.class.php 第 120 行.
[ 2016-09-25T10:42:22+08:00 ] /wd/ | SQL: SHOW COLUMNS FROM `hd_category` [ RunTime:0.020000s ]
[ 2016-09-25T10:42:22+08:00 ] /wd/ | NOTIC: [8] Undefined offset: 0 Model.class.php 第 270 行.
[ 2016-09-25T10:42:22+08:00 ] /wd/ | SQL: SELECT * FROM `hd_category` WHERE ( `pid` = 0 )  [ RunTime:0.000000s ]
[ 2016-09-25T10:42:22+08:00 ] /wd/ | INFO: Run ParseTemplate Behavior [ RunTime:1.068002s ]
[ 2016-09-25T10:42:22+08:00 ] /wd/ | INFO: Tag[ view_parse ] --END-- [ RunTime:1.068002s ]
[ 2016-09-25T10:42:22+08:00 ] /wd/ | INFO: Tag[ view_filter ] --START--
[ 2016-09-25T10:42:22+08:00 ] /wd/ | INFO: Run ContentReplace Behavior [ RunTime:0.000000s ]
[ 2016-09-25T10:42:22+08:00 ] /wd/ | INFO: Run TokenBuild Behavior [ RunTime:0.000000s ]
[ 2016-09-25T10:42:22+08:00 ] /wd/ | INFO: Run WriteHtmlCache Behavior [ RunTime:0.000000s ]
[ 2016-09-25T10:42:22+08:00 ] /wd/ | INFO: Run ShowRuntime Behavior [ RunTime:0.000000s ]
[ 2016-09-25T10:42:22+08:00 ] /wd/ | INFO: Tag[ view_filter ] --END-- [ RunTime:0.000000s ]
[ 2016-09-25T10:42:22+08:00 ] /wd/ | INFO: Tag[ view_end ] --START--
[ 2016-09-25T10:42:22+08:00 ] /wd/ | INFO: Run ShowPageTrace Behavior [ RunTime:0.000000s ]
[ 2016-09-25T10:42:22+08:00 ] /wd/ | INFO: Tag[ view_end ] --END-- [ RunTime:0.000000s ]
[ 2016-09-25T10:42:23+08:00 ] /wd/index.php/Common/verify | INFO: Tag[ route_check ] --START--
[ 2016-09-25T10:42:23+08:00 ] /wd/index.php/Common/verify | INFO: Run CheckRoute Behavior [ RunTime:0.002000s ]
[ 2016-09-25T10:42:23+08:00 ] /wd/index.php/Common/verify | INFO: Tag[ route_check ] --END-- [ RunTime:0.002000s ]
[ 2016-09-25T10:42:23+08:00 ] /wd/index.php/Common/verify | INFO: Tag[ app_begin ] --START--
[ 2016-09-25T10:42:23+08:00 ] /wd/index.php/Common/verify | INFO: Run ReadHtmlCache Behavior [ RunTime:0.002000s ]
[ 2016-09-25T10:42:23+08:00 ] /wd/index.php/Common/verify | INFO: Tag[ app_begin ] --END-- [ RunTime:0.002000s ]
[ 2016-09-25T10:42:27+08:00 ] /wd/ | INFO: Tag[ app_begin ] --START--
[ 2016-09-25T10:42:27+08:00 ] /wd/ | INFO: Run ReadHtmlCache Behavior [ RunTime:0.000000s ]
[ 2016-09-25T10:42:27+08:00 ] /wd/ | INFO: Tag[ app_begin ] --END-- [ RunTime:0.000000s ]
[ 2016-09-25T10:42:27+08:00 ] /wd/ | INFO: Tag[ view_template ] --START--
[ 2016-09-25T10:42:27+08:00 ] /wd/ | INFO: Run LocationTemplate Behavior [ RunTime:0.000000s ]
[ 2016-09-25T10:42:27+08:00 ] /wd/ | INFO: Tag[ view_template ] --END-- [ RunTime:0.010000s ]
[ 2016-09-25T10:42:27+08:00 ] /wd/ | INFO: Tag[ view_parse ] --START--
[ 2016-09-25T10:42:27+08:00 ] /wd/ | NOTIC: [2] Missing argument 2 for TagLib::parseXmlAttr(), called in D:\phpStudy\WWW\wd\Index\Lib\TagLib\TagLibHd.class.php on line 15 and defined TagLib.class.php 第 111 行.
[ 2016-09-25T10:42:27+08:00 ] /wd/ | NOTIC: [8] Undefined index: @attributes TagLib.class.php 第 120 行.
[ 2016-09-25T10:42:27+08:00 ] /wd/ | NOTIC: [2] array_change_key_case() expects parameter 1 to be array, null given TagLib.class.php 第 120 行.
[ 2016-09-25T10:42:28+08:00 ] /wd/ | SQL: SHOW COLUMNS FROM `hd_category` [ RunTime:0.010000s ]
[ 2016-09-25T10:42:28+08:00 ] /wd/ | NOTIC: [8] Undefined offset: 0 Model.class.php 第 270 行.
[ 2016-09-25T10:42:28+08:00 ] /wd/ | SQL: SELECT * FROM `hd_category` WHERE ( `pid` = 0 )  [ RunTime:0.000000s ]
[ 2016-09-25T10:42:28+08:00 ] /wd/ | INFO: Run ParseTemplate Behavior [ RunTime:1.040001s ]
[ 2016-09-25T10:42:28+08:00 ] /wd/ | INFO: Tag[ view_parse ] --END-- [ RunTime:1.040001s ]
[ 2016-09-25T10:42:28+08:00 ] /wd/ | INFO: Tag[ view_filter ] --START--
[ 2016-09-25T10:42:28+08:00 ] /wd/ | INFO: Run ContentReplace Behavior [ RunTime:0.000000s ]
[ 2016-09-25T10:42:28+08:00 ] /wd/ | INFO: Run TokenBuild Behavior [ RunTime:0.000000s ]
[ 2016-09-25T10:42:28+08:00 ] /wd/ | INFO: Run WriteHtmlCache Behavior [ RunTime:0.000000s ]
[ 2016-09-25T10:42:28+08:00 ] /wd/ | INFO: Run ShowRuntime Behavior [ RunTime:0.000000s ]
[ 2016-09-25T10:42:28+08:00 ] /wd/ | INFO: Tag[ view_filter ] --END-- [ RunTime:0.000000s ]
[ 2016-09-25T10:42:28+08:00 ] /wd/ | INFO: Tag[ view_end ] --START--
[ 2016-09-25T10:42:28+08:00 ] /wd/ | INFO: Run ShowPageTrace Behavior [ RunTime:0.010000s ]
[ 2016-09-25T10:42:28+08:00 ] /wd/ | INFO: Tag[ view_end ] --END-- [ RunTime:0.010000s ]
[ 2016-09-25T10:42:28+08:00 ] /wd/index.php/Common/verify | INFO: Tag[ route_check ] --START--
[ 2016-09-25T10:42:28+08:00 ] /wd/index.php/Common/verify | INFO: Run CheckRoute Behavior [ RunTime:0.001000s ]
[ 2016-09-25T10:42:28+08:00 ] /wd/index.php/Common/verify | INFO: Tag[ route_check ] --END-- [ RunTime:0.002000s ]
[ 2016-09-25T10:42:28+08:00 ] /wd/index.php/Common/verify | INFO: Tag[ app_begin ] --START--
[ 2016-09-25T10:42:28+08:00 ] /wd/index.php/Common/verify | INFO: Run ReadHtmlCache Behavior [ RunTime:0.001000s ]
[ 2016-09-25T10:42:28+08:00 ] /wd/index.php/Common/verify | INFO: Tag[ app_begin ] --END-- [ RunTime:0.001000s ]
[ 2016-09-25T10:43:02+08:00 ] /wd/ | INFO: Tag[ app_begin ] --START--
[ 2016-09-25T10:43:02+08:00 ] /wd/ | INFO: Run ReadHtmlCache Behavior [ RunTime:0.001000s ]
[ 2016-09-25T10:43:02+08:00 ] /wd/ | INFO: Tag[ app_begin ] --END-- [ RunTime:0.001000s ]
[ 2016-09-25T10:43:02+08:00 ] /wd/ | INFO: Tag[ view_template ] --START--
[ 2016-09-25T10:43:02+08:00 ] /wd/ | INFO: Run LocationTemplate Behavior [ RunTime:0.000000s ]
[ 2016-09-25T10:43:02+08:00 ] /wd/ | INFO: Tag[ view_template ] --END-- [ RunTime:0.000000s ]
[ 2016-09-25T10:43:02+08:00 ] /wd/ | INFO: Tag[ view_parse ] --START--
[ 2016-09-25T10:43:02+08:00 ] /wd/ | NOTIC: [2] Missing argument 2 for TagLib::parseXmlAttr(), called in D:\phpStudy\WWW\wd\Index\Lib\TagLib\TagLibHd.class.php on line 15 and defined TagLib.class.php 第 111 行.
[ 2016-09-25T10:43:02+08:00 ] /wd/ | NOTIC: [8] Undefined index: @attributes TagLib.class.php 第 120 行.
[ 2016-09-25T10:43:02+08:00 ] /wd/ | NOTIC: [2] array_change_key_case() expects parameter 1 to be array, null given TagLib.class.php 第 120 行.
[ 2016-09-25T10:43:03+08:00 ] /wd/ | SQL: SHOW COLUMNS FROM `hd_category` [ RunTime:0.018001s ]
[ 2016-09-25T10:43:03+08:00 ] /wd/ | NOTIC: [8] Undefined offset: 0 Model.class.php 第 270 行.
[ 2016-09-25T10:43:03+08:00 ] /wd/ | SQL: SELECT * FROM `hd_category` WHERE ( `pid` = 0 )  [ RunTime:0.000000s ]
[ 2016-09-25T10:43:03+08:00 ] /wd/ | INFO: Run ParseTemplate Behavior [ RunTime:1.050060s ]
[ 2016-09-25T10:43:03+08:00 ] /wd/ | INFO: Tag[ view_parse ] --END-- [ RunTime:1.050060s ]
[ 2016-09-25T10:43:03+08:00 ] /wd/ | INFO: Tag[ view_filter ] --START--
[ 2016-09-25T10:43:03+08:00 ] /wd/ | INFO: Run ContentReplace Behavior [ RunTime:0.001000s ]
[ 2016-09-25T10:43:03+08:00 ] /wd/ | INFO: Run TokenBuild Behavior [ RunTime:0.000000s ]
[ 2016-09-25T10:43:03+08:00 ] /wd/ | INFO: Run WriteHtmlCache Behavior [ RunTime:0.001000s ]
[ 2016-09-25T10:43:03+08:00 ] /wd/ | INFO: Run ShowRuntime Behavior [ RunTime:0.000000s ]
[ 2016-09-25T10:43:03+08:00 ] /wd/ | INFO: Tag[ view_filter ] --END-- [ RunTime:0.002000s ]
[ 2016-09-25T10:43:03+08:00 ] /wd/ | INFO: Tag[ view_end ] --START--
[ 2016-09-25T10:43:03+08:00 ] /wd/ | INFO: Run ShowPageTrace Behavior [ RunTime:0.001001s ]
[ 2016-09-25T10:43:03+08:00 ] /wd/ | INFO: Tag[ view_end ] --END-- [ RunTime:0.001001s ]
[ 2016-09-25T10:43:04+08:00 ] /wd/index.php/Common/verify | INFO: Tag[ route_check ] --START--
[ 2016-09-25T10:43:04+08:00 ] /wd/index.php/Common/verify | INFO: Run CheckRoute Behavior [ RunTime:0.002001s ]
[ 2016-09-25T10:43:04+08:00 ] /wd/index.php/Common/verify | INFO: Tag[ route_check ] --END-- [ RunTime:0.002001s ]
[ 2016-09-25T10:43:04+08:00 ] /wd/index.php/Common/verify | INFO: Tag[ app_begin ] --START--
[ 2016-09-25T10:43:04+08:00 ] /wd/index.php/Common/verify | INFO: Run ReadHtmlCache Behavior [ RunTime:0.001000s ]
[ 2016-09-25T10:43:04+08:00 ] /wd/index.php/Common/verify | INFO: Tag[ app_begin ] --END-- [ RunTime:0.002000s ]
[ 2016-09-25T10:46:14+08:00 ] /wd/ | INFO: Tag[ app_begin ] --START--
[ 2016-09-25T10:46:14+08:00 ] /wd/ | INFO: Run ReadHtmlCache Behavior [ RunTime:0.000000s ]
[ 2016-09-25T10:46:14+08:00 ] /wd/ | INFO: Tag[ app_begin ] --END-- [ RunTime:0.000000s ]
[ 2016-09-25T10:46:14+08:00 ] /wd/ | INFO: Tag[ view_template ] --START--
[ 2016-09-25T10:46:14+08:00 ] /wd/ | INFO: Run LocationTemplate Behavior [ RunTime:0.000000s ]
[ 2016-09-25T10:46:14+08:00 ] /wd/ | INFO: Tag[ view_template ] --END-- [ RunTime:0.000000s ]
[ 2016-09-25T10:46:14+08:00 ] /wd/ | INFO: Tag[ view_parse ] --START--
[ 2016-09-25T10:46:14+08:00 ] /wd/ | NOTIC: [2] Missing argument 2 for TagLib::parseXmlAttr(), called in D:\phpStudy\WWW\wd\Index\Lib\TagLib\TagLibHd.class.php on line 15 and defined TagLib.class.php 第 111 行.
[ 2016-09-25T10:46:14+08:00 ] /wd/ | NOTIC: [8] Undefined index: @attributes TagLib.class.php 第 120 行.
[ 2016-09-25T10:46:14+08:00 ] /wd/ | NOTIC: [2] array_change_key_case() expects parameter 1 to be array, null given TagLib.class.php 第 120 行.
[ 2016-09-25T10:46:15+08:00 ] /wd/ | SQL: SHOW COLUMNS FROM `hd_category` [ RunTime:0.010000s ]
[ 2016-09-25T10:46:15+08:00 ] /wd/ | NOTIC: [8] Undefined offset: 0 Model.class.php 第 270 行.
[ 2016-09-25T10:46:15+08:00 ] /wd/ | SQL: SELECT * FROM `hd_category` WHERE ( `pid` = 0 )  [ RunTime:0.000000s ]
[ 2016-09-25T10:46:15+08:00 ] /wd/ | INFO: Run ParseTemplate Behavior [ RunTime:1.040002s ]
[ 2016-09-25T10:46:15+08:00 ] /wd/ | INFO: Tag[ view_parse ] --END-- [ RunTime:1.040002s ]
[ 2016-09-25T10:46:15+08:00 ] /wd/ | INFO: Tag[ view_filter ] --START--
[ 2016-09-25T10:46:15+08:00 ] /wd/ | INFO: Run ContentReplace Behavior [ RunTime:0.000000s ]
[ 2016-09-25T10:46:15+08:00 ] /wd/ | INFO: Run TokenBuild Behavior [ RunTime:0.000000s ]
[ 2016-09-25T10:46:15+08:00 ] /wd/ | INFO: Run WriteHtmlCache Behavior [ RunTime:0.000000s ]
[ 2016-09-25T10:46:15+08:00 ] /wd/ | INFO: Run ShowRuntime Behavior [ RunTime:0.000000s ]
[ 2016-09-25T10:46:15+08:00 ] /wd/ | INFO: Tag[ view_filter ] --END-- [ RunTime:0.000000s ]
[ 2016-09-25T10:46:15+08:00 ] /wd/ | INFO: Tag[ view_end ] --START--
[ 2016-09-25T10:46:15+08:00 ] /wd/ | INFO: Run ShowPageTrace Behavior [ RunTime:0.000000s ]
[ 2016-09-25T10:46:15+08:00 ] /wd/ | INFO: Tag[ view_end ] --END-- [ RunTime:0.000000s ]
[ 2016-09-25T10:46:15+08:00 ] /wd/index.php/Common/verify | INFO: Tag[ route_check ] --START--
[ 2016-09-25T10:46:15+08:00 ] /wd/index.php/Common/verify | INFO: Run CheckRoute Behavior [ RunTime:0.000000s ]
[ 2016-09-25T10:46:15+08:00 ] /wd/index.php/Common/verify | INFO: Tag[ route_check ] --END-- [ RunTime:0.000000s ]
[ 2016-09-25T10:46:15+08:00 ] /wd/index.php/Common/verify | INFO: Tag[ app_begin ] --START--
[ 2016-09-25T10:46:15+08:00 ] /wd/index.php/Common/verify | INFO: Run ReadHtmlCache Behavior [ RunTime:0.000000s ]
[ 2016-09-25T10:46:15+08:00 ] /wd/index.php/Common/verify | INFO: Tag[ app_begin ] --END-- [ RunTime:0.000000s ]
[ 2016-09-25T10:48:34+08:00 ] /wd/ | INFO: Tag[ app_begin ] --START--
[ 2016-09-25T10:48:34+08:00 ] /wd/ | INFO: Run ReadHtmlCache Behavior [ RunTime:0.000000s ]
[ 2016-09-25T10:48:34+08:00 ] /wd/ | INFO: Tag[ app_begin ] --END-- [ RunTime:0.000000s ]
[ 2016-09-25T10:48:34+08:00 ] /wd/ | INFO: Tag[ view_template ] --START--
[ 2016-09-25T10:48:34+08:00 ] /wd/ | INFO: Run LocationTemplate Behavior [ RunTime:0.000000s ]
[ 2016-09-25T10:48:34+08:00 ] /wd/ | INFO: Tag[ view_template ] --END-- [ RunTime:0.000000s ]
[ 2016-09-25T10:48:34+08:00 ] /wd/ | INFO: Tag[ view_parse ] --START--
[ 2016-09-25T10:48:34+08:00 ] /wd/ | NOTIC: [2] Missing argument 2 for TagLib::parseXmlAttr(), called in D:\phpStudy\WWW\wd\Index\Lib\TagLib\TagLibHd.class.php on line 15 and defined TagLib.class.php 第 111 行.
[ 2016-09-25T10:48:34+08:00 ] /wd/ | NOTIC: [8] Undefined index: @attributes TagLib.class.php 第 120 行.
[ 2016-09-25T10:48:34+08:00 ] /wd/ | NOTIC: [2] array_change_key_case() expects parameter 1 to be array, null given TagLib.class.php 第 120 行.
[ 2016-09-25T10:48:35+08:00 ] /wd/ | SQL: SHOW COLUMNS FROM `hd_category` [ RunTime:0.010000s ]
[ 2016-09-25T10:48:35+08:00 ] /wd/ | NOTIC: [8] Undefined offset: 0 Model.class.php 第 270 行.
[ 2016-09-25T10:48:35+08:00 ] /wd/ | SQL: SELECT * FROM `hd_category` WHERE ( `pid` = 0 )  [ RunTime:0.000000s ]
[ 2016-09-25T10:48:35+08:00 ] /wd/ | INFO: Run ParseTemplate Behavior [ RunTime:1.060002s ]
[ 2016-09-25T10:48:35+08:00 ] /wd/ | INFO: Tag[ view_parse ] --END-- [ RunTime:1.060002s ]
[ 2016-09-25T10:48:35+08:00 ] /wd/ | INFO: Tag[ view_filter ] --START--
[ 2016-09-25T10:48:35+08:00 ] /wd/ | INFO: Run ContentReplace Behavior [ RunTime:0.000000s ]
[ 2016-09-25T10:48:35+08:00 ] /wd/ | INFO: Run TokenBuild Behavior [ RunTime:0.000000s ]
[ 2016-09-25T10:48:35+08:00 ] /wd/ | INFO: Run WriteHtmlCache Behavior [ RunTime:0.000000s ]
[ 2016-09-25T10:48:35+08:00 ] /wd/ | INFO: Run ShowRuntime Behavior [ RunTime:0.000000s ]
[ 2016-09-25T10:48:35+08:00 ] /wd/ | INFO: Tag[ view_filter ] --END-- [ RunTime:0.000000s ]
[ 2016-09-25T10:48:35+08:00 ] /wd/ | INFO: Tag[ view_end ] --START--
[ 2016-09-25T10:48:35+08:00 ] /wd/ | INFO: Run ShowPageTrace Behavior [ RunTime:0.010000s ]
[ 2016-09-25T10:48:35+08:00 ] /wd/ | INFO: Tag[ view_end ] --END-- [ RunTime:0.010000s ]
[ 2016-09-25T10:48:35+08:00 ] /wd/index.php/Common/verify | INFO: Tag[ route_check ] --START--
[ 2016-09-25T10:48:35+08:00 ] /wd/index.php/Common/verify | INFO: Run CheckRoute Behavior [ RunTime:0.010000s ]
[ 2016-09-25T10:48:35+08:00 ] /wd/index.php/Common/verify | INFO: Tag[ route_check ] --END-- [ RunTime:0.010000s ]
[ 2016-09-25T10:48:35+08:00 ] /wd/index.php/Common/verify | INFO: Tag[ app_begin ] --START--
[ 2016-09-25T10:48:35+08:00 ] /wd/index.php/Common/verify | INFO: Run ReadHtmlCache Behavior [ RunTime:0.002001s ]
[ 2016-09-25T10:48:35+08:00 ] /wd/index.php/Common/verify | INFO: Tag[ app_begin ] --END-- [ RunTime:0.002001s ]
[ 2016-09-25T10:48:43+08:00 ] /wd/index.php/Common/checkLogin | INFO: Tag[ route_check ] --START--
[ 2016-09-25T10:48:43+08:00 ] /wd/index.php/Common/checkLogin | INFO: Run CheckRoute Behavior [ RunTime:0.000000s ]
[ 2016-09-25T10:48:43+08:00 ] /wd/index.php/Common/checkLogin | INFO: Tag[ route_check ] --END-- [ RunTime:0.000000s ]
[ 2016-09-25T10:48:43+08:00 ] /wd/index.php/Common/checkLogin | INFO: Tag[ app_begin ] --START--
[ 2016-09-25T10:48:43+08:00 ] /wd/index.php/Common/checkLogin | INFO: Run ReadHtmlCache Behavior [ RunTime:0.000000s ]
[ 2016-09-25T10:48:43+08:00 ] /wd/index.php/Common/checkLogin | INFO: Tag[ app_begin ] --END-- [ RunTime:0.000000s ]
[ 2016-09-25T10:48:43+08:00 ] /wd/index.php/Common/checkLogin | NOTIC: [8] Undefined offset: 1 Action.class.php 第 233 行.
[ 2016-09-25T10:48:44+08:00 ] /wd/index.php/Common/checkLogin | SQL: SHOW COLUMNS FROM `hd_user` [ RunTime:0.010000s ]
[ 2016-09-25T10:48:44+08:00 ] /wd/index.php/Common/checkLogin | SQL: SELECT `password` FROM `hd_user` WHERE ( `account` = 'test003' ) LIMIT 1   [ RunTime:0.000000s ]
[ 2016-09-25T10:49:15+08:00 ] /wd/ | INFO: Tag[ app_begin ] --START--
[ 2016-09-25T10:49:15+08:00 ] /wd/ | INFO: Run ReadHtmlCache Behavior [ RunTime:0.000000s ]
[ 2016-09-25T10:49:15+08:00 ] /wd/ | INFO: Tag[ app_begin ] --END-- [ RunTime:0.000000s ]
[ 2016-09-25T10:49:15+08:00 ] /wd/ | INFO: Tag[ view_template ] --START--
[ 2016-09-25T10:49:15+08:00 ] /wd/ | INFO: Run LocationTemplate Behavior [ RunTime:0.001000s ]
[ 2016-09-25T10:49:15+08:00 ] /wd/ | INFO: Tag[ view_template ] --END-- [ RunTime:0.001000s ]
[ 2016-09-25T10:49:15+08:00 ] /wd/ | INFO: Tag[ view_parse ] --START--
[ 2016-09-25T10:49:15+08:00 ] /wd/ | NOTIC: [2] Missing argument 2 for TagLib::parseXmlAttr(), called in D:\phpStudy\WWW\wd\Index\Lib\TagLib\TagLibHd.class.php on line 15 and defined TagLib.class.php 第 111 行.
[ 2016-09-25T10:49:15+08:00 ] /wd/ | NOTIC: [8] Undefined index: @attributes TagLib.class.php 第 120 行.
[ 2016-09-25T10:49:15+08:00 ] /wd/ | NOTIC: [2] array_change_key_case() expects parameter 1 to be array, null given TagLib.class.php 第 120 行.
[ 2016-09-25T10:49:16+08:00 ] /wd/ | SQL: SHOW COLUMNS FROM `hd_category` [ RunTime:0.017001s ]
[ 2016-09-25T10:49:16+08:00 ] /wd/ | NOTIC: [8] Undefined offset: 0 Model.class.php 第 270 行.
[ 2016-09-25T10:49:16+08:00 ] /wd/ | SQL: SELECT * FROM `hd_category` WHERE ( `pid` = 0 )  [ RunTime:0.001000s ]
[ 2016-09-25T10:49:16+08:00 ] /wd/ | INFO: Run ParseTemplate Behavior [ RunTime:1.061061s ]
[ 2016-09-25T10:49:16+08:00 ] /wd/ | INFO: Tag[ view_parse ] --END-- [ RunTime:1.061061s ]
[ 2016-09-25T10:49:16+08:00 ] /wd/ | INFO: Tag[ view_filter ] --START--
[ 2016-09-25T10:49:16+08:00 ] /wd/ | INFO: Run ContentReplace Behavior [ RunTime:0.001000s ]
[ 2016-09-25T10:49:16+08:00 ] /wd/ | INFO: Run TokenBuild Behavior [ RunTime:0.000000s ]
[ 2016-09-25T10:49:16+08:00 ] /wd/ | INFO: Run WriteHtmlCache Behavior [ RunTime:0.001000s ]
[ 2016-09-25T10:49:16+08:00 ] /wd/ | INFO: Run ShowRuntime Behavior [ RunTime:0.000000s ]
[ 2016-09-25T10:49:16+08:00 ] /wd/ | INFO: Tag[ view_filter ] --END-- [ RunTime:0.002000s ]
[ 2016-09-25T10:49:16+08:00 ] /wd/ | INFO: Tag[ view_end ] --START--
[ 2016-09-25T10:49:16+08:00 ] /wd/ | INFO: Run ShowPageTrace Behavior [ RunTime:0.001000s ]
[ 2016-09-25T10:49:16+08:00 ] /wd/ | INFO: Tag[ view_end ] --END-- [ RunTime:0.001000s ]
[ 2016-09-25T10:49:17+08:00 ] /wd/index.php/Common/verify | INFO: Tag[ route_check ] --START--
[ 2016-09-25T10:49:17+08:00 ] /wd/index.php/Common/verify | INFO: Run CheckRoute Behavior [ RunTime:0.003001s ]
[ 2016-09-25T10:49:17+08:00 ] /wd/index.php/Common/verify | INFO: Tag[ route_check ] --END-- [ RunTime:0.003001s ]
[ 2016-09-25T10:49:17+08:00 ] /wd/index.php/Common/verify | INFO: Tag[ app_begin ] --START--
[ 2016-09-25T10:49:17+08:00 ] /wd/index.php/Common/verify | INFO: Run ReadHtmlCache Behavior [ RunTime:0.002000s ]
[ 2016-09-25T10:49:17+08:00 ] /wd/index.php/Common/verify | INFO: Tag[ app_begin ] --END-- [ RunTime:0.003000s ]
[ 2016-09-25T10:50:40+08:00 ] /wd/ | INFO: Tag[ app_begin ] --START--
[ 2016-09-25T10:50:40+08:00 ] /wd/ | INFO: Run ReadHtmlCache Behavior [ RunTime:0.000000s ]
[ 2016-09-25T10:50:40+08:00 ] /wd/ | INFO: Tag[ app_begin ] --END-- [ RunTime:0.000000s ]
[ 2016-09-25T10:50:40+08:00 ] /wd/ | INFO: Tag[ view_template ] --START--
[ 2016-09-25T10:50:40+08:00 ] /wd/ | INFO: Run LocationTemplate Behavior [ RunTime:0.000000s ]
[ 2016-09-25T10:50:40+08:00 ] /wd/ | INFO: Tag[ view_template ] --END-- [ RunTime:0.000000s ]
[ 2016-09-25T10:50:40+08:00 ] /wd/ | INFO: Tag[ view_parse ] --START--
[ 2016-09-25T10:50:40+08:00 ] /wd/ | NOTIC: [2] Missing argument 2 for TagLib::parseXmlAttr(), called in D:\phpStudy\WWW\wd\Index\Lib\TagLib\TagLibHd.class.php on line 15 and defined TagLib.class.php 第 111 行.
[ 2016-09-25T10:50:40+08:00 ] /wd/ | NOTIC: [8] Undefined index: @attributes TagLib.class.php 第 120 行.
[ 2016-09-25T10:50:40+08:00 ] /wd/ | NOTIC: [2] array_change_key_case() expects parameter 1 to be array, null given TagLib.class.php 第 120 行.
[ 2016-09-25T10:50:41+08:00 ] /wd/ | SQL: SHOW COLUMNS FROM `hd_category` [ RunTime:0.010000s ]
[ 2016-09-25T10:50:41+08:00 ] /wd/ | NOTIC: [8] Undefined offset: 0 Model.class.php 第 270 行.
[ 2016-09-25T10:50:41+08:00 ] /wd/ | SQL: SELECT * FROM `hd_category` WHERE ( `pid` = 0 )  [ RunTime:0.000000s ]
[ 2016-09-25T10:50:41+08:00 ] /wd/ | INFO: Run ParseTemplate Behavior [ RunTime:1.040002s ]
[ 2016-09-25T10:50:41+08:00 ] /wd/ | INFO: Tag[ view_parse ] --END-- [ RunTime:1.040002s ]
[ 2016-09-25T10:50:41+08:00 ] /wd/ | INFO: Tag[ view_filter ] --START--
[ 2016-09-25T10:50:41+08:00 ] /wd/ | INFO: Run ContentReplace Behavior [ RunTime:0.000000s ]
[ 2016-09-25T10:50:41+08:00 ] /wd/ | INFO: Run TokenBuild Behavior [ RunTime:0.000000s ]
[ 2016-09-25T10:50:41+08:00 ] /wd/ | INFO: Run WriteHtmlCache Behavior [ RunTime:0.000000s ]
[ 2016-09-25T10:50:41+08:00 ] /wd/ | INFO: Run ShowRuntime Behavior [ RunTime:0.000000s ]
[ 2016-09-25T10:50:41+08:00 ] /wd/ | INFO: Tag[ view_filter ] --END-- [ RunTime:0.000000s ]
[ 2016-09-25T10:50:41+08:00 ] /wd/ | INFO: Tag[ view_end ] --START--
[ 2016-09-25T10:50:41+08:00 ] /wd/ | INFO: Run ShowPageTrace Behavior [ RunTime:0.000000s ]
[ 2016-09-25T10:50:41+08:00 ] /wd/ | INFO: Tag[ view_end ] --END-- [ RunTime:0.000000s ]
[ 2016-09-25T10:50:41+08:00 ] /wd/index.php/Common/verify | INFO: Tag[ route_check ] --START--
[ 2016-09-25T10:50:41+08:00 ] /wd/index.php/Common/verify | INFO: Run CheckRoute Behavior [ RunTime:0.010000s ]
[ 2016-09-25T10:50:41+08:00 ] /wd/index.php/Common/verify | INFO: Tag[ route_check ] --END-- [ RunTime:0.010000s ]
[ 2016-09-25T10:50:41+08:00 ] /wd/index.php/Common/verify | INFO: Tag[ app_begin ] --START--
[ 2016-09-25T10:50:41+08:00 ] /wd/index.php/Common/verify | INFO: Run ReadHtmlCache Behavior [ RunTime:0.000000s ]
[ 2016-09-25T10:50:41+08:00 ] /wd/index.php/Common/verify | INFO: Tag[ app_begin ] --END-- [ RunTime:0.000000s ]
[ 2016-09-25T10:50:50+08:00 ] /wd/index.php/Common/checkLogin | INFO: Tag[ route_check ] --START--
[ 2016-09-25T10:50:50+08:00 ] /wd/index.php/Common/checkLogin | INFO: Run CheckRoute Behavior [ RunTime:0.000000s ]
[ 2016-09-25T10:50:50+08:00 ] /wd/index.php/Common/checkLogin | INFO: Tag[ route_check ] --END-- [ RunTime:0.000000s ]
[ 2016-09-25T10:50:50+08:00 ] /wd/index.php/Common/checkLogin | INFO: Tag[ app_begin ] --START--
[ 2016-09-25T10:50:50+08:00 ] /wd/index.php/Common/checkLogin | INFO: Run ReadHtmlCache Behavior [ RunTime:0.000000s ]
[ 2016-09-25T10:50:50+08:00 ] /wd/index.php/Common/checkLogin | INFO: Tag[ app_begin ] --END-- [ RunTime:0.000000s ]
[ 2016-09-25T10:50:50+08:00 ] /wd/index.php/Common/checkLogin | NOTIC: [8] Undefined offset: 1 Action.class.php 第 233 行.
[ 2016-09-25T10:50:51+08:00 ] /wd/index.php/Common/checkLogin | SQL: SHOW COLUMNS FROM `hd_user` [ RunTime:0.000000s ]
[ 2016-09-25T10:50:51+08:00 ] /wd/index.php/Common/checkLogin | SQL: SELECT `password` FROM `hd_user` WHERE ( `account` = 'test003' ) LIMIT 1   [ RunTime:0.000000s ]
[ 2016-09-25T10:50:50+08:00 ] /wd/index.php/Common/checkLogin | INFO: Tag[ route_check ] --START--
[ 2016-09-25T10:50:50+08:00 ] /wd/index.php/Common/checkLogin | INFO: Run CheckRoute Behavior [ RunTime:0.000000s ]
[ 2016-09-25T10:50:50+08:00 ] /wd/index.php/Common/checkLogin | INFO: Tag[ route_check ] --END-- [ RunTime:0.000000s ]
[ 2016-09-25T10:50:50+08:00 ] /wd/index.php/Common/checkLogin | INFO: Tag[ app_begin ] --START--
[ 2016-09-25T10:50:50+08:00 ] /wd/index.php/Common/checkLogin | INFO: Run ReadHtmlCache Behavior [ RunTime:0.000000s ]
[ 2016-09-25T10:50:50+08:00 ] /wd/index.php/Common/checkLogin | INFO: Tag[ app_begin ] --END-- [ RunTime:0.000000s ]
[ 2016-09-25T10:50:51+08:00 ] /wd/index.php/Common/checkLogin | NOTIC: [8] Undefined offset: 1 Action.class.php 第 233 行.
[ 2016-09-25T10:50:52+08:00 ] /wd/index.php/Common/checkLogin | SQL: SHOW COLUMNS FROM `hd_user` [ RunTime:0.000000s ]
[ 2016-09-25T10:50:52+08:00 ] /wd/index.php/Common/checkLogin | SQL: SELECT `password` FROM `hd_user` WHERE ( `account` = 'test003' ) LIMIT 1   [ RunTime:0.000000s ]
[ 2016-09-25T10:50:54+08:00 ] /wd/ | INFO: Tag[ app_begin ] --START--
[ 2016-09-25T10:50:54+08:00 ] /wd/ | INFO: Run ReadHtmlCache Behavior [ RunTime:0.000000s ]
[ 2016-09-25T10:50:54+08:00 ] /wd/ | INFO: Tag[ app_begin ] --END-- [ RunTime:0.000000s ]
[ 2016-09-25T10:50:54+08:00 ] /wd/ | INFO: Tag[ view_template ] --START--
[ 2016-09-25T10:50:54+08:00 ] /wd/ | INFO: Run LocationTemplate Behavior [ RunTime:0.000000s ]
[ 2016-09-25T10:50:54+08:00 ] /wd/ | INFO: Tag[ view_template ] --END-- [ RunTime:0.000000s ]
[ 2016-09-25T10:50:54+08:00 ] /wd/ | INFO: Tag[ view_parse ] --START--
[ 2016-09-25T10:50:54+08:00 ] /wd/ | NOTIC: [2] Missing argument 2 for TagLib::parseXmlAttr(), called in D:\phpStudy\WWW\wd\Index\Lib\TagLib\TagLibHd.class.php on line 15 and defined TagLib.class.php 第 111 行.
[ 2016-09-25T10:50:54+08:00 ] /wd/ | NOTIC: [8] Undefined index: @attributes TagLib.class.php 第 120 行.
[ 2016-09-25T10:50:54+08:00 ] /wd/ | NOTIC: [2] array_change_key_case() expects parameter 1 to be array, null given TagLib.class.php 第 120 行.
[ 2016-09-25T10:50:55+08:00 ] /wd/ | SQL: SHOW COLUMNS FROM `hd_category` [ RunTime:0.010000s ]
[ 2016-09-25T10:50:55+08:00 ] /wd/ | NOTIC: [8] Undefined offset: 0 Model.class.php 第 270 行.
[ 2016-09-25T10:50:55+08:00 ] /wd/ | SQL: SELECT * FROM `hd_category` WHERE ( `pid` = 0 )  [ RunTime:0.000000s ]
[ 2016-09-25T10:50:55+08:00 ] /wd/ | INFO: Run ParseTemplate Behavior [ RunTime:1.040002s ]
[ 2016-09-25T10:50:55+08:00 ] /wd/ | INFO: Tag[ view_parse ] --END-- [ RunTime:1.040002s ]
[ 2016-09-25T10:50:55+08:00 ] /wd/ | INFO: Tag[ view_filter ] --START--
[ 2016-09-25T10:50:55+08:00 ] /wd/ | INFO: Run ContentReplace Behavior [ RunTime:0.000000s ]
[ 2016-09-25T10:50:55+08:00 ] /wd/ | INFO: Run TokenBuild Behavior [ RunTime:0.000000s ]
[ 2016-09-25T10:50:55+08:00 ] /wd/ | INFO: Run WriteHtmlCache Behavior [ RunTime:0.000000s ]
[ 2016-09-25T10:50:55+08:00 ] /wd/ | INFO: Run ShowRuntime Behavior [ RunTime:0.010000s ]
[ 2016-09-25T10:50:55+08:00 ] /wd/ | INFO: Tag[ view_filter ] --END-- [ RunTime:0.010000s ]
[ 2016-09-25T10:50:55+08:00 ] /wd/ | INFO: Tag[ view_end ] --START--
[ 2016-09-25T10:50:55+08:00 ] /wd/ | INFO: Run ShowPageTrace Behavior [ RunTime:0.000000s ]
[ 2016-09-25T10:50:55+08:00 ] /wd/ | INFO: Tag[ view_end ] --END-- [ RunTime:0.000000s ]
[ 2016-09-25T10:50:55+08:00 ] /wd/index.php/Common/verify | INFO: Tag[ route_check ] --START--
[ 2016-09-25T10:50:55+08:00 ] /wd/index.php/Common/verify | INFO: Run CheckRoute Behavior [ RunTime:0.002000s ]
[ 2016-09-25T10:50:55+08:00 ] /wd/index.php/Common/verify | INFO: Tag[ route_check ] --END-- [ RunTime:0.002000s ]
[ 2016-09-25T10:50:55+08:00 ] /wd/index.php/Common/verify | INFO: Tag[ app_begin ] --START--
[ 2016-09-25T10:50:55+08:00 ] /wd/index.php/Common/verify | INFO: Run ReadHtmlCache Behavior [ RunTime:0.001001s ]
[ 2016-09-25T10:50:55+08:00 ] /wd/index.php/Common/verify | INFO: Tag[ app_begin ] --END-- [ RunTime:0.001001s ]
[ 2016-09-25T10:50:59+08:00 ] /wd/ | INFO: Tag[ app_begin ] --START--
[ 2016-09-25T10:50:59+08:00 ] /wd/ | INFO: Run ReadHtmlCache Behavior [ RunTime:0.000000s ]
[ 2016-09-25T10:50:59+08:00 ] /wd/ | INFO: Tag[ app_begin ] --END-- [ RunTime:0.000000s ]
[ 2016-09-25T10:50:59+08:00 ] /wd/ | INFO: Tag[ view_template ] --START--
[ 2016-09-25T10:50:59+08:00 ] /wd/ | INFO: Run LocationTemplate Behavior [ RunTime:0.000000s ]
[ 2016-09-25T10:50:59+08:00 ] /wd/ | INFO: Tag[ view_template ] --END-- [ RunTime:0.000000s ]
[ 2016-09-25T10:50:59+08:00 ] /wd/ | INFO: Tag[ view_parse ] --START--
[ 2016-09-25T10:50:59+08:00 ] /wd/ | NOTIC: [2] Missing argument 2 for TagLib::parseXmlAttr(), called in D:\phpStudy\WWW\wd\Index\Lib\TagLib\TagLibHd.class.php on line 15 and defined TagLib.class.php 第 111 行.
[ 2016-09-25T10:50:59+08:00 ] /wd/ | NOTIC: [8] Undefined index: @attributes TagLib.class.php 第 120 行.
[ 2016-09-25T10:50:59+08:00 ] /wd/ | NOTIC: [2] array_change_key_case() expects parameter 1 to be array, null given TagLib.class.php 第 120 行.
[ 2016-09-25T10:51:00+08:00 ] /wd/ | SQL: SHOW COLUMNS FROM `hd_category` [ RunTime:0.000000s ]
[ 2016-09-25T10:51:00+08:00 ] /wd/ | NOTIC: [8] Undefined offset: 0 Model.class.php 第 270 行.
[ 2016-09-25T10:51:00+08:00 ] /wd/ | SQL: SELECT * FROM `hd_category` WHERE ( `pid` = 0 )  [ RunTime:0.000000s ]
[ 2016-09-25T10:51:00+08:00 ] /wd/ | INFO: Run ParseTemplate Behavior [ RunTime:1.050002s ]
[ 2016-09-25T10:51:00+08:00 ] /wd/ | INFO: Tag[ view_parse ] --END-- [ RunTime:1.050002s ]
[ 2016-09-25T10:51:00+08:00 ] /wd/ | INFO: Tag[ view_filter ] --START--
[ 2016-09-25T10:51:00+08:00 ] /wd/ | INFO: Run ContentReplace Behavior [ RunTime:0.000000s ]
[ 2016-09-25T10:51:00+08:00 ] /wd/ | INFO: Run TokenBuild Behavior [ RunTime:0.000000s ]
[ 2016-09-25T10:51:00+08:00 ] /wd/ | INFO: Run WriteHtmlCache Behavior [ RunTime:0.010000s ]
[ 2016-09-25T10:51:00+08:00 ] /wd/ | INFO: Run ShowRuntime Behavior [ RunTime:0.000000s ]
[ 2016-09-25T10:51:00+08:00 ] /wd/ | INFO: Tag[ view_filter ] --END-- [ RunTime:0.010000s ]
[ 2016-09-25T10:51:00+08:00 ] /wd/ | INFO: Tag[ view_end ] --START--
[ 2016-09-25T10:51:00+08:00 ] /wd/ | INFO: Run ShowPageTrace Behavior [ RunTime:0.000000s ]
[ 2016-09-25T10:51:00+08:00 ] /wd/ | INFO: Tag[ view_end ] --END-- [ RunTime:0.000000s ]
[ 2016-09-25T10:51:00+08:00 ] /wd/index.php/Common/verify | INFO: Tag[ route_check ] --START--
[ 2016-09-25T10:51:00+08:00 ] /wd/index.php/Common/verify | INFO: Run CheckRoute Behavior [ RunTime:0.001000s ]
[ 2016-09-25T10:51:00+08:00 ] /wd/index.php/Common/verify | INFO: Tag[ route_check ] --END-- [ RunTime:0.001000s ]
[ 2016-09-25T10:51:00+08:00 ] /wd/index.php/Common/verify | INFO: Tag[ app_begin ] --START--
[ 2016-09-25T10:51:00+08:00 ] /wd/index.php/Common/verify | INFO: Run ReadHtmlCache Behavior [ RunTime:0.001000s ]
[ 2016-09-25T10:51:00+08:00 ] /wd/index.php/Common/verify | INFO: Tag[ app_begin ] --END-- [ RunTime:0.002000s ]
[ 2016-09-25T11:02:51+08:00 ] /wd/ | INFO: Tag[ app_begin ] --START--
[ 2016-09-25T11:02:51+08:00 ] /wd/ | INFO: Run ReadHtmlCache Behavior [ RunTime:0.000000s ]
[ 2016-09-25T11:02:51+08:00 ] /wd/ | INFO: Tag[ app_begin ] --END-- [ RunTime:0.000000s ]
[ 2016-09-25T11:02:51+08:00 ] /wd/ | INFO: Tag[ view_template ] --START--
[ 2016-09-25T11:02:51+08:00 ] /wd/ | INFO: Run LocationTemplate Behavior [ RunTime:0.000000s ]
[ 2016-09-25T11:02:51+08:00 ] /wd/ | INFO: Tag[ view_template ] --END-- [ RunTime:0.000000s ]
[ 2016-09-25T11:02:51+08:00 ] /wd/ | INFO: Tag[ view_parse ] --START--
[ 2016-09-25T11:02:51+08:00 ] /wd/ | NOTIC: [2] Missing argument 2 for TagLib::parseXmlAttr(), called in D:\phpStudy\WWW\wd\Index\Lib\TagLib\TagLibHd.class.php on line 15 and defined TagLib.class.php 第 111 行.
[ 2016-09-25T11:02:51+08:00 ] /wd/ | NOTIC: [8] Undefined index: @attributes TagLib.class.php 第 120 行.
[ 2016-09-25T11:02:51+08:00 ] /wd/ | NOTIC: [2] array_change_key_case() expects parameter 1 to be array, null given TagLib.class.php 第 120 行.
[ 2016-09-25T11:02:52+08:00 ] /wd/ | SQL: SHOW COLUMNS FROM `hd_category` [ RunTime:0.000000s ]
[ 2016-09-25T11:02:52+08:00 ] /wd/ | NOTIC: [8] Undefined offset: 0 Model.class.php 第 270 行.
[ 2016-09-25T11:02:52+08:00 ] /wd/ | SQL: SELECT * FROM `hd_category` WHERE ( `pid` = 0 )  [ RunTime:0.000000s ]
[ 2016-09-25T11:02:52+08:00 ] /wd/ | INFO: Run ParseTemplate Behavior [ RunTime:1.040002s ]
[ 2016-09-25T11:02:52+08:00 ] /wd/ | INFO: Tag[ view_parse ] --END-- [ RunTime:1.040002s ]
[ 2016-09-25T11:02:52+08:00 ] /wd/ | INFO: Tag[ view_filter ] --START--
[ 2016-09-25T11:02:52+08:00 ] /wd/ | INFO: Run ContentReplace Behavior [ RunTime:0.000000s ]
[ 2016-09-25T11:02:52+08:00 ] /wd/ | INFO: Run TokenBuild Behavior [ RunTime:0.000000s ]
[ 2016-09-25T11:02:52+08:00 ] /wd/ | INFO: Run WriteHtmlCache Behavior [ RunTime:0.000000s ]
[ 2016-09-25T11:02:52+08:00 ] /wd/ | INFO: Run ShowRuntime Behavior [ RunTime:0.010000s ]
[ 2016-09-25T11:02:52+08:00 ] /wd/ | INFO: Tag[ view_filter ] --END-- [ RunTime:0.010000s ]
[ 2016-09-25T11:02:52+08:00 ] /wd/ | INFO: Tag[ view_end ] --START--
[ 2016-09-25T11:02:52+08:00 ] /wd/ | INFO: Run ShowPageTrace Behavior [ RunTime:0.000000s ]
[ 2016-09-25T11:02:52+08:00 ] /wd/ | INFO: Tag[ view_end ] --END-- [ RunTime:0.000000s ]
[ 2016-09-25T11:02:52+08:00 ] /wd/index.php/Common/verify | INFO: Tag[ route_check ] --START--
[ 2016-09-25T11:02:52+08:00 ] /wd/index.php/Common/verify | INFO: Run CheckRoute Behavior [ RunTime:0.000000s ]
[ 2016-09-25T11:02:52+08:00 ] /wd/index.php/Common/verify | INFO: Tag[ route_check ] --END-- [ RunTime:0.000000s ]
[ 2016-09-25T11:02:52+08:00 ] /wd/index.php/Common/verify | INFO: Tag[ app_begin ] --START--
[ 2016-09-25T11:02:52+08:00 ] /wd/index.php/Common/verify | INFO: Run ReadHtmlCache Behavior [ RunTime:0.010000s ]
[ 2016-09-25T11:02:52+08:00 ] /wd/index.php/Common/verify | INFO: Tag[ app_begin ] --END-- [ RunTime:0.010000s ]
