[ 2016-09-21T19:15:52+08:00 ] /wd/ | INFO: Tag[ app_begin ] --START--
[ 2016-09-21T19:15:52+08:00 ] /wd/ | INFO: Run ReadHtmlCache Behavior [ RunTime:0.002001s ]
[ 2016-09-21T19:15:52+08:00 ] /wd/ | INFO: Tag[ app_begin ] --END-- [ RunTime:0.002001s ]
[ 2016-09-21T19:15:52+08:00 ] /wd/ | INFO: Tag[ view_template ] --START--
[ 2016-09-21T19:15:52+08:00 ] /wd/ | INFO: Run LocationTemplate Behavior [ RunTime:0.001000s ]
[ 2016-09-21T19:15:52+08:00 ] /wd/ | INFO: Tag[ view_template ] --END-- [ RunTime:0.001000s ]
[ 2016-09-21T19:15:52+08:00 ] /wd/ | INFO: Tag[ view_parse ] --START--
[ 2016-09-21T19:15:52+08:00 ] /wd/ | NOTIC: [2] Missing argument 2 for TagLib::parseXmlAttr(), called in D:\phpStudy\WWW\wd\Index\Lib\TagLib\TagLibHd.class.php on line 15 and defined TagLib.class.php 第 111 行.
[ 2016-09-21T19:15:52+08:00 ] /wd/ | NOTIC: [8] Undefined index: @attributes TagLib.class.php 第 120 行.
[ 2016-09-21T19:15:52+08:00 ] /wd/ | NOTIC: [2] array_change_key_case() expects parameter 1 to be array, null given TagLib.class.php 第 120 行.
[ 2016-09-21T19:15:53+08:00 ] /wd/ | SQL: SHOW COLUMNS FROM `hd_category` [ RunTime:0.023001s ]
[ 2016-09-21T19:15:53+08:00 ] /wd/ | NOTIC: [8] Undefined offset: 0 Model.class.php 第 270 行.
[ 2016-09-21T19:15:53+08:00 ] /wd/ | SQL: SELECT * FROM `hd_category` WHERE ( `pid` = 0 )  [ RunTime:0.007001s ]
[ 2016-09-21T19:15:53+08:00 ] /wd/ | INFO: Run ParseTemplate Behavior [ RunTime:1.113064s ]
[ 2016-09-21T19:15:53+08:00 ] /wd/ | INFO: Tag[ view_parse ] --END-- [ RunTime:1.113064s ]
[ 2016-09-21T19:15:53+08:00 ] /wd/ | INFO: Tag[ view_filter ] --START--
[ 2016-09-21T19:15:53+08:00 ] /wd/ | INFO: Run ContentReplace Behavior [ RunTime:0.002000s ]
[ 2016-09-21T19:15:53+08:00 ] /wd/ | INFO: Run TokenBuild Behavior [ RunTime:0.001000s ]
[ 2016-09-21T19:15:53+08:00 ] /wd/ | INFO: Run WriteHtmlCache Behavior [ RunTime:0.001000s ]
[ 2016-09-21T19:15:53+08:00 ] /wd/ | INFO: Run ShowRuntime Behavior [ RunTime:0.001000s ]
[ 2016-09-21T19:15:53+08:00 ] /wd/ | INFO: Tag[ view_filter ] --END-- [ RunTime:0.005000s ]
[ 2016-09-21T19:15:53+08:00 ] /wd/ | INFO: Tag[ view_end ] --START--
[ 2016-09-21T19:15:53+08:00 ] /wd/ | INFO: Run ShowPageTrace Behavior [ RunTime:0.002000s ]
[ 2016-09-21T19:15:53+08:00 ] /wd/ | INFO: Tag[ view_end ] --END-- [ RunTime:0.002000s ]
[ 2016-09-21T19:15:54+08:00 ] /wd/index.php/Common/verify | INFO: Tag[ route_check ] --START--
[ 2016-09-21T19:15:54+08:00 ] /wd/index.php/Common/verify | INFO: Run CheckRoute Behavior [ RunTime:0.002000s ]
[ 2016-09-21T19:15:54+08:00 ] /wd/index.php/Common/verify | INFO: Tag[ route_check ] --END-- [ RunTime:0.002000s ]
[ 2016-09-21T19:15:54+08:00 ] /wd/index.php/Common/verify | INFO: Tag[ app_begin ] --START--
[ 2016-09-21T19:15:54+08:00 ] /wd/index.php/Common/verify | INFO: Run ReadHtmlCache Behavior [ RunTime:0.001000s ]
[ 2016-09-21T19:15:54+08:00 ] /wd/index.php/Common/verify | INFO: Tag[ app_begin ] --END-- [ RunTime:0.001000s ]
[ 2016-09-21T19:19:16+08:00 ] /wd/index.php/Common/Checkaccount | INFO: Tag[ route_check ] --START--
[ 2016-09-21T19:19:16+08:00 ] /wd/index.php/Common/Checkaccount | INFO: Run CheckRoute Behavior [ RunTime:0.000000s ]
[ 2016-09-21T19:19:16+08:00 ] /wd/index.php/Common/Checkaccount | INFO: Tag[ route_check ] --END-- [ RunTime:0.000000s ]
[ 2016-09-21T19:19:16+08:00 ] /wd/index.php/Common/Checkaccount | INFO: Tag[ app_begin ] --START--
[ 2016-09-21T19:19:16+08:00 ] /wd/index.php/Common/Checkaccount | INFO: Run ReadHtmlCache Behavior [ RunTime:0.000000s ]
[ 2016-09-21T19:19:16+08:00 ] /wd/index.php/Common/Checkaccount | INFO: Tag[ app_begin ] --END-- [ RunTime:0.000000s ]
[ 2016-09-21T19:19:16+08:00 ] /wd/index.php/Common/Checkaccount | NOTIC: [8] Undefined offset: 1 Action.class.php 第 233 行.
[ 2016-09-21T19:19:17+08:00 ] /wd/index.php/Common/Checkaccount | SQL: SHOW COLUMNS FROM `hd_user` [ RunTime:0.010000s ]
[ 2016-09-21T19:19:17+08:00 ] /wd/index.php/Common/Checkaccount | SQL: SELECT `id` FROM `hd_user` WHERE ( `account` = 'test001' ) LIMIT 1   [ RunTime:0.000000s ]
[ 2016-09-21T19:19:23+08:00 ] /wd/index.php/Common/Checkusername | INFO: Tag[ route_check ] --START--
[ 2016-09-21T19:19:23+08:00 ] /wd/index.php/Common/Checkusername | INFO: Run CheckRoute Behavior [ RunTime:0.000000s ]
[ 2016-09-21T19:19:23+08:00 ] /wd/index.php/Common/Checkusername | INFO: Tag[ route_check ] --END-- [ RunTime:0.000000s ]
[ 2016-09-21T19:19:23+08:00 ] /wd/index.php/Common/Checkusername | INFO: Tag[ app_begin ] --START--
[ 2016-09-21T19:19:23+08:00 ] /wd/index.php/Common/Checkusername | INFO: Run ReadHtmlCache Behavior [ RunTime:0.000000s ]
[ 2016-09-21T19:19:23+08:00 ] /wd/index.php/Common/Checkusername | INFO: Tag[ app_begin ] --END-- [ RunTime:0.000000s ]
[ 2016-09-21T19:19:23+08:00 ] /wd/index.php/Common/Checkusername | NOTIC: [8] Undefined offset: 1 Action.class.php 第 233 行.
[ 2016-09-21T19:19:24+08:00 ] /wd/index.php/Common/Checkusername | SQL: SHOW COLUMNS FROM `hd_user` [ RunTime:0.000000s ]
[ 2016-09-21T19:19:24+08:00 ] /wd/index.php/Common/Checkusername | SQL: SELECT `id` FROM `hd_user` WHERE ( `username` = '测试00011' ) LIMIT 1   [ RunTime:0.000000s ]
[ 2016-09-21T19:19:33+08:00 ] /wd/index.php/Common/checkVerify | INFO: Tag[ route_check ] --START--
[ 2016-09-21T19:19:33+08:00 ] /wd/index.php/Common/checkVerify | INFO: Run CheckRoute Behavior [ RunTime:0.000000s ]
[ 2016-09-21T19:19:33+08:00 ] /wd/index.php/Common/checkVerify | INFO: Tag[ route_check ] --END-- [ RunTime:0.000000s ]
[ 2016-09-21T19:19:33+08:00 ] /wd/index.php/Common/checkVerify | INFO: Tag[ app_begin ] --START--
[ 2016-09-21T19:19:33+08:00 ] /wd/index.php/Common/checkVerify | INFO: Run ReadHtmlCache Behavior [ RunTime:0.000000s ]
[ 2016-09-21T19:19:33+08:00 ] /wd/index.php/Common/checkVerify | INFO: Tag[ app_begin ] --END-- [ RunTime:0.000000s ]
[ 2016-09-21T19:19:33+08:00 ] /wd/index.php/Common/register | INFO: Tag[ route_check ] --START--
[ 2016-09-21T19:19:33+08:00 ] /wd/index.php/Common/register | INFO: Run CheckRoute Behavior [ RunTime:0.000000s ]
[ 2016-09-21T19:19:33+08:00 ] /wd/index.php/Common/register | INFO: Tag[ route_check ] --END-- [ RunTime:0.000000s ]
[ 2016-09-21T19:19:33+08:00 ] /wd/index.php/Common/register | INFO: Tag[ app_begin ] --START--
[ 2016-09-21T19:19:33+08:00 ] /wd/index.php/Common/register | INFO: Run ReadHtmlCache Behavior [ RunTime:0.000000s ]
[ 2016-09-21T19:19:33+08:00 ] /wd/index.php/Common/register | INFO: Tag[ app_begin ] --END-- [ RunTime:0.000000s ]
[ 2016-09-21T19:19:34+08:00 ] /wd/index.php/Common/register | SQL: SHOW COLUMNS FROM `hd_user` [ RunTime:0.000000s ]
[ 2016-09-21T19:19:34+08:00 ] /wd/index.php/Common/register | SQL: SELECT `id` FROM `hd_user` WHERE ( `account` = 'test001' ) LIMIT 1   [ RunTime:0.000000s ]
[ 2016-09-21T19:19:34+08:00 ] /wd/index.php/Common/register | SQL: SELECT `id` FROM `hd_user` WHERE ( `username` = '测试00011' ) LIMIT 1   [ RunTime:0.000000s ]
[ 2016-09-21T19:19:34+08:00 ] /wd/index.php/Common/register | SQL: INSERT INTO `hd_user` (`account`,`username`,`password`,`logintime`,`loginip`,`registime`) VALUES ('test001','测试00011','1c63129ae9db9c60c3e8aa94d3e00495',1474456774,'127.0.0.1',1474456774) [ RunTime:0.000000s ]
[ 2016-09-21T19:19:34+08:00 ] /wd/index.php/Common/register | INFO: Tag[ view_template ] --START--
[ 2016-09-21T19:19:34+08:00 ] /wd/index.php/Common/register | INFO: Run LocationTemplate Behavior [ RunTime:0.010000s ]
[ 2016-09-21T19:19:34+08:00 ] /wd/index.php/Common/register | INFO: Tag[ view_template ] --END-- [ RunTime:0.010000s ]
[ 2016-09-21T19:19:34+08:00 ] /wd/index.php/Common/register | INFO: Tag[ view_parse ] --START--
[ 2016-09-21T19:19:34+08:00 ] /wd/index.php/Common/register | INFO: Run ParseTemplate Behavior [ RunTime:0.010000s ]
[ 2016-09-21T19:19:34+08:00 ] /wd/index.php/Common/register | INFO: Tag[ view_parse ] --END-- [ RunTime:0.010000s ]
[ 2016-09-21T19:19:34+08:00 ] /wd/index.php/Common/register | INFO: Tag[ view_filter ] --START--
[ 2016-09-21T19:19:34+08:00 ] /wd/index.php/Common/register | INFO: Run ContentReplace Behavior [ RunTime:0.000000s ]
[ 2016-09-21T19:19:34+08:00 ] /wd/index.php/Common/register | INFO: Run TokenBuild Behavior [ RunTime:0.000000s ]
[ 2016-09-21T19:19:34+08:00 ] /wd/index.php/Common/register | INFO: Run WriteHtmlCache Behavior [ RunTime:0.000000s ]
[ 2016-09-21T19:19:34+08:00 ] /wd/index.php/Common/register | INFO: Run ShowRuntime Behavior [ RunTime:0.000000s ]
[ 2016-09-21T19:19:34+08:00 ] /wd/index.php/Common/register | INFO: Tag[ view_filter ] --END-- [ RunTime:0.000000s ]
[ 2016-09-21T19:19:34+08:00 ] /wd/index.php/Common/register | INFO: Tag[ view_end ] --START--
[ 2016-09-21T19:19:34+08:00 ] /wd/index.php/Common/register | INFO: Run ShowPageTrace Behavior [ RunTime:0.000000s ]
[ 2016-09-21T19:19:34+08:00 ] /wd/index.php/Common/register | INFO: Tag[ view_end ] --END-- [ RunTime:0.000000s ]
[ 2016-09-21T19:19:36+08:00 ] /wd/index.php | INFO: Tag[ app_begin ] --START--
[ 2016-09-21T19:19:36+08:00 ] /wd/index.php | INFO: Run ReadHtmlCache Behavior [ RunTime:0.002000s ]
[ 2016-09-21T19:19:36+08:00 ] /wd/index.php | INFO: Tag[ app_begin ] --END-- [ RunTime:0.002000s ]
[ 2016-09-21T19:19:36+08:00 ] /wd/index.php | INFO: Tag[ view_template ] --START--
[ 2016-09-21T19:19:36+08:00 ] /wd/index.php | INFO: Run LocationTemplate Behavior [ RunTime:0.001000s ]
[ 2016-09-21T19:19:36+08:00 ] /wd/index.php | INFO: Tag[ view_template ] --END-- [ RunTime:0.001000s ]
[ 2016-09-21T19:19:36+08:00 ] /wd/index.php | INFO: Tag[ view_parse ] --START--
[ 2016-09-21T19:19:36+08:00 ] /wd/index.php | NOTIC: [2] Missing argument 2 for TagLib::parseXmlAttr(), called in D:\phpStudy\WWW\wd\Index\Lib\TagLib\TagLibHd.class.php on line 15 and defined TagLib.class.php 第 111 行.
[ 2016-09-21T19:19:36+08:00 ] /wd/index.php | NOTIC: [8] Undefined index: @attributes TagLib.class.php 第 120 行.
[ 2016-09-21T19:19:36+08:00 ] /wd/index.php | NOTIC: [2] array_change_key_case() expects parameter 1 to be array, null given TagLib.class.php 第 120 行.
[ 2016-09-21T19:19:37+08:00 ] /wd/index.php | SQL: SHOW COLUMNS FROM `hd_category` [ RunTime:0.000000s ]
[ 2016-09-21T19:19:37+08:00 ] /wd/index.php | NOTIC: [8] Undefined offset: 0 Model.class.php 第 270 行.
[ 2016-09-21T19:19:37+08:00 ] /wd/index.php | SQL: SELECT * FROM `hd_category` WHERE ( `pid` = 0 )  [ RunTime:0.000000s ]
[ 2016-09-21T19:19:37+08:00 ] /wd/index.php | INFO: Run ParseTemplate Behavior [ RunTime:1.043009s ]
[ 2016-09-21T19:19:37+08:00 ] /wd/index.php | INFO: Tag[ view_parse ] --END-- [ RunTime:1.043009s ]
[ 2016-09-21T19:19:37+08:00 ] /wd/index.php | INFO: Tag[ view_filter ] --START--
[ 2016-09-21T19:19:37+08:00 ] /wd/index.php | INFO: Run ContentReplace Behavior [ RunTime:0.010000s ]
[ 2016-09-21T19:19:37+08:00 ] /wd/index.php | INFO: Run TokenBuild Behavior [ RunTime:0.000000s ]
[ 2016-09-21T19:19:37+08:00 ] /wd/index.php | INFO: Run WriteHtmlCache Behavior [ RunTime:0.000000s ]
[ 2016-09-21T19:19:37+08:00 ] /wd/index.php | INFO: Run ShowRuntime Behavior [ RunTime:0.000000s ]
[ 2016-09-21T19:19:37+08:00 ] /wd/index.php | INFO: Tag[ view_filter ] --END-- [ RunTime:0.010000s ]
[ 2016-09-21T19:19:37+08:00 ] /wd/index.php | INFO: Tag[ view_end ] --START--
[ 2016-09-21T19:19:37+08:00 ] /wd/index.php | INFO: Run ShowPageTrace Behavior [ RunTime:0.000000s ]
[ 2016-09-21T19:19:37+08:00 ] /wd/index.php | INFO: Tag[ view_end ] --END-- [ RunTime:0.000000s ]
[ 2016-09-21T19:19:37+08:00 ] /wd/index.php/Common/verify | INFO: Tag[ route_check ] --START--
[ 2016-09-21T19:19:37+08:00 ] /wd/index.php/Common/verify | INFO: Run CheckRoute Behavior [ RunTime:0.001000s ]
[ 2016-09-21T19:19:37+08:00 ] /wd/index.php/Common/verify | INFO: Tag[ route_check ] --END-- [ RunTime:0.001000s ]
[ 2016-09-21T19:19:37+08:00 ] /wd/index.php/Common/verify | INFO: Tag[ app_begin ] --START--
[ 2016-09-21T19:19:37+08:00 ] /wd/index.php/Common/verify | INFO: Run ReadHtmlCache Behavior [ RunTime:0.001000s ]
[ 2016-09-21T19:19:37+08:00 ] /wd/index.php/Common/verify | INFO: Tag[ app_begin ] --END-- [ RunTime:0.001000s ]
[ 2016-09-21T19:31:48+08:00 ] /wd/index.php | INFO: Tag[ app_begin ] --START--
[ 2016-09-21T19:31:48+08:00 ] /wd/index.php | INFO: Run ReadHtmlCache Behavior [ RunTime:0.000000s ]
[ 2016-09-21T19:31:48+08:00 ] /wd/index.php | INFO: Tag[ app_begin ] --END-- [ RunTime:0.000000s ]
[ 2016-09-21T19:31:49+08:00 ] /wd/index.php | INFO: Tag[ view_template ] --START--
[ 2016-09-21T19:31:49+08:00 ] /wd/index.php | INFO: Run LocationTemplate Behavior [ RunTime:0.000000s ]
[ 2016-09-21T19:31:49+08:00 ] /wd/index.php | INFO: Tag[ view_template ] --END-- [ RunTime:0.000000s ]
[ 2016-09-21T19:31:49+08:00 ] /wd/index.php | INFO: Tag[ view_parse ] --START--
[ 2016-09-21T19:31:49+08:00 ] /wd/index.php | NOTIC: [2] Missing argument 2 for TagLib::parseXmlAttr(), called in D:\phpStudy\WWW\wd\Index\Lib\TagLib\TagLibHd.class.php on line 15 and defined TagLib.class.php 第 111 行.
[ 2016-09-21T19:31:49+08:00 ] /wd/index.php | NOTIC: [8] Undefined index: @attributes TagLib.class.php 第 120 行.
[ 2016-09-21T19:31:49+08:00 ] /wd/index.php | NOTIC: [2] array_change_key_case() expects parameter 1 to be array, null given TagLib.class.php 第 120 行.
[ 2016-09-21T19:31:50+08:00 ] /wd/index.php | SQL: SHOW COLUMNS FROM `hd_category` [ RunTime:0.000000s ]
[ 2016-09-21T19:31:50+08:00 ] /wd/index.php | NOTIC: [8] Undefined offset: 0 Model.class.php 第 270 行.
[ 2016-09-21T19:31:50+08:00 ] /wd/index.php | SQL: SELECT * FROM `hd_category` WHERE ( `pid` = 0 )  [ RunTime:0.000000s ]
[ 2016-09-21T19:31:50+08:00 ] /wd/index.php | INFO: Run ParseTemplate Behavior [ RunTime:1.021002s ]
[ 2016-09-21T19:31:50+08:00 ] /wd/index.php | INFO: Tag[ view_parse ] --END-- [ RunTime:1.021002s ]
[ 2016-09-21T19:31:50+08:00 ] /wd/index.php | INFO: Tag[ view_filter ] --START--
[ 2016-09-21T19:31:50+08:00 ] /wd/index.php | INFO: Run ContentReplace Behavior [ RunTime:0.000000s ]
[ 2016-09-21T19:31:50+08:00 ] /wd/index.php | INFO: Run TokenBuild Behavior [ RunTime:0.000000s ]
[ 2016-09-21T19:31:50+08:00 ] /wd/index.php | INFO: Run WriteHtmlCache Behavior [ RunTime:0.000000s ]
[ 2016-09-21T19:31:50+08:00 ] /wd/index.php | INFO: Run ShowRuntime Behavior [ RunTime:0.000000s ]
[ 2016-09-21T19:31:50+08:00 ] /wd/index.php | INFO: Tag[ view_filter ] --END-- [ RunTime:0.000000s ]
[ 2016-09-21T19:31:50+08:00 ] /wd/index.php | INFO: Tag[ view_end ] --START--
[ 2016-09-21T19:31:50+08:00 ] /wd/index.php | INFO: Run ShowPageTrace Behavior [ RunTime:0.010000s ]
[ 2016-09-21T19:31:50+08:00 ] /wd/index.php | INFO: Tag[ view_end ] --END-- [ RunTime:0.010000s ]
[ 2016-09-21T19:31:50+08:00 ] /wd/index.php/Common/verify | INFO: Tag[ route_check ] --START--
[ 2016-09-21T19:31:50+08:00 ] /wd/index.php/Common/verify | INFO: Run CheckRoute Behavior [ RunTime:0.001000s ]
[ 2016-09-21T19:31:50+08:00 ] /wd/index.php/Common/verify | INFO: Tag[ route_check ] --END-- [ RunTime:0.002000s ]
[ 2016-09-21T19:31:50+08:00 ] /wd/index.php/Common/verify | INFO: Tag[ app_begin ] --START--
[ 2016-09-21T19:31:50+08:00 ] /wd/index.php/Common/verify | INFO: Run ReadHtmlCache Behavior [ RunTime:0.001000s ]
[ 2016-09-21T19:31:50+08:00 ] /wd/index.php/Common/verify | INFO: Tag[ app_begin ] --END-- [ RunTime:0.002000s ]
[ 2016-09-21T19:31:54+08:00 ] /wd/index.php/Common/login | ERR: (ThinkException) 非法操作login
[ 2016-09-21T19:31:57+08:00 ] /wd/index.php/Common/verify | INFO: Tag[ route_check ] --START--
[ 2016-09-21T19:31:57+08:00 ] /wd/index.php/Common/verify | INFO: Run CheckRoute Behavior [ RunTime:0.010000s ]
[ 2016-09-21T19:31:57+08:00 ] /wd/index.php/Common/verify | INFO: Tag[ route_check ] --END-- [ RunTime:0.010000s ]
[ 2016-09-21T19:31:57+08:00 ] /wd/index.php/Common/verify | INFO: Tag[ app_begin ] --START--
[ 2016-09-21T19:31:57+08:00 ] /wd/index.php/Common/verify | INFO: Run ReadHtmlCache Behavior [ RunTime:0.000000s ]
[ 2016-09-21T19:31:57+08:00 ] /wd/index.php/Common/verify | INFO: Tag[ app_begin ] --END-- [ RunTime:0.000000s ]
[ 2016-09-21T19:33:31+08:00 ] /wd/index.php | INFO: Tag[ app_begin ] --START--
[ 2016-09-21T19:33:31+08:00 ] /wd/index.php | INFO: Run ReadHtmlCache Behavior [ RunTime:0.001000s ]
[ 2016-09-21T19:33:31+08:00 ] /wd/index.php | INFO: Tag[ app_begin ] --END-- [ RunTime:0.001000s ]
[ 2016-09-21T19:33:31+08:00 ] /wd/index.php | INFO: Tag[ view_template ] --START--
[ 2016-09-21T19:33:31+08:00 ] /wd/index.php | INFO: Run LocationTemplate Behavior [ RunTime:0.000000s ]
[ 2016-09-21T19:33:31+08:00 ] /wd/index.php | INFO: Tag[ view_template ] --END-- [ RunTime:0.000000s ]
[ 2016-09-21T19:33:31+08:00 ] /wd/index.php | INFO: Tag[ view_parse ] --START--
[ 2016-09-21T19:33:31+08:00 ] /wd/index.php | NOTIC: [2] Missing argument 2 for TagLib::parseXmlAttr(), called in D:\phpStudy\WWW\wd\Index\Lib\TagLib\TagLibHd.class.php on line 15 and defined TagLib.class.php 第 111 行.
[ 2016-09-21T19:33:31+08:00 ] /wd/index.php | NOTIC: [8] Undefined index: @attributes TagLib.class.php 第 120 行.
[ 2016-09-21T19:33:31+08:00 ] /wd/index.php | NOTIC: [2] array_change_key_case() expects parameter 1 to be array, null given TagLib.class.php 第 120 行.
[ 2016-09-21T19:33:32+08:00 ] /wd/index.php | SQL: SHOW COLUMNS FROM `hd_category` [ RunTime:0.000000s ]
[ 2016-09-21T19:33:32+08:00 ] /wd/index.php | NOTIC: [8] Undefined offset: 0 Model.class.php 第 270 行.
[ 2016-09-21T19:33:32+08:00 ] /wd/index.php | SQL: SELECT * FROM `hd_category` WHERE ( `pid` = 0 )  [ RunTime:0.000000s ]
[ 2016-09-21T19:33:32+08:00 ] /wd/index.php | INFO: Run ParseTemplate Behavior [ RunTime:1.033004s ]
[ 2016-09-21T19:33:32+08:00 ] /wd/index.php | INFO: Tag[ view_parse ] --END-- [ RunTime:1.033004s ]
[ 2016-09-21T19:33:32+08:00 ] /wd/index.php | INFO: Tag[ view_filter ] --START--
[ 2016-09-21T19:33:32+08:00 ] /wd/index.php | INFO: Run ContentReplace Behavior [ RunTime:0.000000s ]
[ 2016-09-21T19:33:32+08:00 ] /wd/index.php | INFO: Run TokenBuild Behavior [ RunTime:0.000000s ]
[ 2016-09-21T19:33:32+08:00 ] /wd/index.php | INFO: Run WriteHtmlCache Behavior [ RunTime:0.000000s ]
[ 2016-09-21T19:33:32+08:00 ] /wd/index.php | INFO: Run ShowRuntime Behavior [ RunTime:0.000000s ]
[ 2016-09-21T19:33:32+08:00 ] /wd/index.php | INFO: Tag[ view_filter ] --END-- [ RunTime:0.000000s ]
[ 2016-09-21T19:33:32+08:00 ] /wd/index.php | INFO: Tag[ view_end ] --START--
[ 2016-09-21T19:33:32+08:00 ] /wd/index.php | INFO: Run ShowPageTrace Behavior [ RunTime:0.010000s ]
[ 2016-09-21T19:33:32+08:00 ] /wd/index.php | INFO: Tag[ view_end ] --END-- [ RunTime:0.010000s ]
[ 2016-09-21T19:33:32+08:00 ] /wd/index.php/Common/verify | INFO: Tag[ route_check ] --START--
[ 2016-09-21T19:33:32+08:00 ] /wd/index.php/Common/verify | INFO: Run CheckRoute Behavior [ RunTime:0.001000s ]
[ 2016-09-21T19:33:32+08:00 ] /wd/index.php/Common/verify | INFO: Tag[ route_check ] --END-- [ RunTime:0.001000s ]
[ 2016-09-21T19:33:32+08:00 ] /wd/index.php/Common/verify | INFO: Tag[ app_begin ] --START--
[ 2016-09-21T19:33:32+08:00 ] /wd/index.php/Common/verify | INFO: Run ReadHtmlCache Behavior [ RunTime:0.000000s ]
[ 2016-09-21T19:33:32+08:00 ] /wd/index.php/Common/verify | INFO: Tag[ app_begin ] --END-- [ RunTime:0.002000s ]
[ 2016-09-21T19:33:36+08:00 ] /wd/index.php/Index/login | ERR: (ThinkException) 非法操作login
[ 2016-09-21T19:35:08+08:00 ] /wd/index.php/Common/verify | INFO: Tag[ route_check ] --START--
[ 2016-09-21T19:35:08+08:00 ] /wd/index.php/Common/verify | INFO: Run CheckRoute Behavior [ RunTime:0.010000s ]
[ 2016-09-21T19:35:08+08:00 ] /wd/index.php/Common/verify | INFO: Tag[ route_check ] --END-- [ RunTime:0.010000s ]
[ 2016-09-21T19:35:08+08:00 ] /wd/index.php/Common/verify | INFO: Tag[ app_begin ] --START--
[ 2016-09-21T19:35:08+08:00 ] /wd/index.php/Common/verify | INFO: Run ReadHtmlCache Behavior [ RunTime:0.000000s ]
[ 2016-09-21T19:35:08+08:00 ] /wd/index.php/Common/verify | INFO: Tag[ app_begin ] --END-- [ RunTime:0.000000s ]
[ 2016-09-21T19:35:11+08:00 ] /wd/index.php | INFO: Tag[ app_begin ] --START--
[ 2016-09-21T19:35:11+08:00 ] /wd/index.php | INFO: Run ReadHtmlCache Behavior [ RunTime:0.000000s ]
[ 2016-09-21T19:35:11+08:00 ] /wd/index.php | INFO: Tag[ app_begin ] --END-- [ RunTime:0.000000s ]
[ 2016-09-21T19:35:11+08:00 ] /wd/index.php | INFO: Tag[ view_template ] --START--
[ 2016-09-21T19:35:11+08:00 ] /wd/index.php | INFO: Run LocationTemplate Behavior [ RunTime:0.000000s ]
[ 2016-09-21T19:35:11+08:00 ] /wd/index.php | INFO: Tag[ view_template ] --END-- [ RunTime:0.000000s ]
[ 2016-09-21T19:35:11+08:00 ] /wd/index.php | INFO: Tag[ view_parse ] --START--
[ 2016-09-21T19:35:11+08:00 ] /wd/index.php | NOTIC: [2] Missing argument 2 for TagLib::parseXmlAttr(), called in D:\phpStudy\WWW\wd\Index\Lib\TagLib\TagLibHd.class.php on line 15 and defined TagLib.class.php 第 111 行.
[ 2016-09-21T19:35:11+08:00 ] /wd/index.php | NOTIC: [8] Undefined index: @attributes TagLib.class.php 第 120 行.
[ 2016-09-21T19:35:11+08:00 ] /wd/index.php | NOTIC: [2] array_change_key_case() expects parameter 1 to be array, null given TagLib.class.php 第 120 行.
[ 2016-09-21T19:35:12+08:00 ] /wd/index.php | SQL: SHOW COLUMNS FROM `hd_category` [ RunTime:0.000000s ]
[ 2016-09-21T19:35:12+08:00 ] /wd/index.php | NOTIC: [8] Undefined offset: 0 Model.class.php 第 270 行.
[ 2016-09-21T19:35:12+08:00 ] /wd/index.php | SQL: SELECT * FROM `hd_category` WHERE ( `pid` = 0 )  [ RunTime:0.000000s ]
[ 2016-09-21T19:35:12+08:00 ] /wd/index.php | INFO: Run ParseTemplate Behavior [ RunTime:1.032002s ]
[ 2016-09-21T19:35:12+08:00 ] /wd/index.php | INFO: Tag[ view_parse ] --END-- [ RunTime:1.032002s ]
[ 2016-09-21T19:35:12+08:00 ] /wd/index.php | INFO: Tag[ view_filter ] --START--
[ 2016-09-21T19:35:12+08:00 ] /wd/index.php | INFO: Run ContentReplace Behavior [ RunTime:0.000000s ]
[ 2016-09-21T19:35:12+08:00 ] /wd/index.php | INFO: Run TokenBuild Behavior [ RunTime:0.000000s ]
[ 2016-09-21T19:35:12+08:00 ] /wd/index.php | INFO: Run WriteHtmlCache Behavior [ RunTime:0.000000s ]
[ 2016-09-21T19:35:12+08:00 ] /wd/index.php | INFO: Run ShowRuntime Behavior [ RunTime:0.000000s ]
[ 2016-09-21T19:35:12+08:00 ] /wd/index.php | INFO: Tag[ view_filter ] --END-- [ RunTime:0.000000s ]
[ 2016-09-21T19:35:12+08:00 ] /wd/index.php | INFO: Tag[ view_end ] --START--
[ 2016-09-21T19:35:12+08:00 ] /wd/index.php | INFO: Run ShowPageTrace Behavior [ RunTime:0.000000s ]
[ 2016-09-21T19:35:12+08:00 ] /wd/index.php | INFO: Tag[ view_end ] --END-- [ RunTime:0.000000s ]
[ 2016-09-21T19:35:13+08:00 ] /wd/index.php/Common/verify | INFO: Tag[ route_check ] --START--
[ 2016-09-21T19:35:13+08:00 ] /wd/index.php/Common/verify | INFO: Run CheckRoute Behavior [ RunTime:0.002000s ]
[ 2016-09-21T19:35:13+08:00 ] /wd/index.php/Common/verify | INFO: Tag[ route_check ] --END-- [ RunTime:0.002000s ]
[ 2016-09-21T19:35:13+08:00 ] /wd/index.php/Common/verify | INFO: Tag[ app_begin ] --START--
[ 2016-09-21T19:35:13+08:00 ] /wd/index.php/Common/verify | INFO: Run ReadHtmlCache Behavior [ RunTime:0.001000s ]
[ 2016-09-21T19:35:13+08:00 ] /wd/index.php/Common/verify | INFO: Tag[ app_begin ] --END-- [ RunTime:0.002001s ]
[ 2016-09-21T19:35:16+08:00 ] /wd/index.php/Index/login | ERR: (ThinkException) 非法操作login
[ 2016-09-21T19:35:29+08:00 ] /wd/index.php/Common/verify | INFO: Tag[ route_check ] --START--
[ 2016-09-21T19:35:29+08:00 ] /wd/index.php/Common/verify | INFO: Run CheckRoute Behavior [ RunTime:0.000000s ]
[ 2016-09-21T19:35:29+08:00 ] /wd/index.php/Common/verify | INFO: Tag[ route_check ] --END-- [ RunTime:0.010000s ]
[ 2016-09-21T19:35:29+08:00 ] /wd/index.php/Common/verify | INFO: Tag[ app_begin ] --START--
[ 2016-09-21T19:35:29+08:00 ] /wd/index.php/Common/verify | INFO: Run ReadHtmlCache Behavior [ RunTime:0.000000s ]
[ 2016-09-21T19:35:29+08:00 ] /wd/index.php/Common/verify | INFO: Tag[ app_begin ] --END-- [ RunTime:0.000000s ]
[ 2016-09-21T19:35:33+08:00 ] /wd/ | INFO: Tag[ app_begin ] --START--
[ 2016-09-21T19:35:33+08:00 ] /wd/ | INFO: Run ReadHtmlCache Behavior [ RunTime:0.000000s ]
[ 2016-09-21T19:35:33+08:00 ] /wd/ | INFO: Tag[ app_begin ] --END-- [ RunTime:0.010000s ]
[ 2016-09-21T19:35:33+08:00 ] /wd/ | INFO: Tag[ view_template ] --START--
[ 2016-09-21T19:35:33+08:00 ] /wd/ | INFO: Run LocationTemplate Behavior [ RunTime:0.000000s ]
[ 2016-09-21T19:35:33+08:00 ] /wd/ | INFO: Tag[ view_template ] --END-- [ RunTime:0.000000s ]
[ 2016-09-21T19:35:33+08:00 ] /wd/ | INFO: Tag[ view_parse ] --START--
[ 2016-09-21T19:35:33+08:00 ] /wd/ | NOTIC: [2] Missing argument 2 for TagLib::parseXmlAttr(), called in D:\phpStudy\WWW\wd\Index\Lib\TagLib\TagLibHd.class.php on line 15 and defined TagLib.class.php 第 111 行.
[ 2016-09-21T19:35:33+08:00 ] /wd/ | NOTIC: [8] Undefined index: @attributes TagLib.class.php 第 120 行.
[ 2016-09-21T19:35:33+08:00 ] /wd/ | NOTIC: [2] array_change_key_case() expects parameter 1 to be array, null given TagLib.class.php 第 120 行.
[ 2016-09-21T19:35:34+08:00 ] /wd/ | SQL: SHOW COLUMNS FROM `hd_category` [ RunTime:0.000000s ]
[ 2016-09-21T19:35:34+08:00 ] /wd/ | NOTIC: [8] Undefined offset: 0 Model.class.php 第 270 行.
[ 2016-09-21T19:35:34+08:00 ] /wd/ | SQL: SELECT * FROM `hd_category` WHERE ( `pid` = 0 )  [ RunTime:0.000000s ]
[ 2016-09-21T19:35:34+08:00 ] /wd/ | INFO: Run ParseTemplate Behavior [ RunTime:1.031001s ]
[ 2016-09-21T19:35:34+08:00 ] /wd/ | INFO: Tag[ view_parse ] --END-- [ RunTime:1.031001s ]
[ 2016-09-21T19:35:34+08:00 ] /wd/ | INFO: Tag[ view_filter ] --START--
[ 2016-09-21T19:35:34+08:00 ] /wd/ | INFO: Run ContentReplace Behavior [ RunTime:0.000000s ]
[ 2016-09-21T19:35:34+08:00 ] /wd/ | INFO: Run TokenBuild Behavior [ RunTime:0.000000s ]
[ 2016-09-21T19:35:34+08:00 ] /wd/ | INFO: Run WriteHtmlCache Behavior [ RunTime:0.000000s ]
[ 2016-09-21T19:35:34+08:00 ] /wd/ | INFO: Run ShowRuntime Behavior [ RunTime:0.010000s ]
[ 2016-09-21T19:35:34+08:00 ] /wd/ | INFO: Tag[ view_filter ] --END-- [ RunTime:0.010000s ]
[ 2016-09-21T19:35:34+08:00 ] /wd/ | INFO: Tag[ view_end ] --START--
[ 2016-09-21T19:35:34+08:00 ] /wd/ | INFO: Run ShowPageTrace Behavior [ RunTime:0.000000s ]
[ 2016-09-21T19:35:34+08:00 ] /wd/ | INFO: Tag[ view_end ] --END-- [ RunTime:0.000000s ]
[ 2016-09-21T19:35:35+08:00 ] /wd/index.php/Common/verify | INFO: Tag[ route_check ] --START--
[ 2016-09-21T19:35:35+08:00 ] /wd/index.php/Common/verify | INFO: Run CheckRoute Behavior [ RunTime:0.002001s ]
[ 2016-09-21T19:35:35+08:00 ] /wd/index.php/Common/verify | INFO: Tag[ route_check ] --END-- [ RunTime:0.003001s ]
[ 2016-09-21T19:35:35+08:00 ] /wd/index.php/Common/verify | INFO: Tag[ app_begin ] --START--
[ 2016-09-21T19:35:35+08:00 ] /wd/index.php/Common/verify | INFO: Run ReadHtmlCache Behavior [ RunTime:0.001000s ]
[ 2016-09-21T19:35:35+08:00 ] /wd/index.php/Common/verify | INFO: Tag[ app_begin ] --END-- [ RunTime:0.001000s ]
[ 2016-09-21T19:38:52+08:00 ] /wd/ | INFO: Tag[ app_begin ] --START--
[ 2016-09-21T19:38:52+08:00 ] /wd/ | INFO: Run ReadHtmlCache Behavior [ RunTime:0.000000s ]
[ 2016-09-21T19:38:52+08:00 ] /wd/ | INFO: Tag[ app_begin ] --END-- [ RunTime:0.000000s ]
[ 2016-09-21T19:38:52+08:00 ] /wd/ | INFO: Tag[ view_template ] --START--
[ 2016-09-21T19:38:52+08:00 ] /wd/ | INFO: Run LocationTemplate Behavior [ RunTime:0.000000s ]
[ 2016-09-21T19:38:52+08:00 ] /wd/ | INFO: Tag[ view_template ] --END-- [ RunTime:0.000000s ]
[ 2016-09-21T19:38:52+08:00 ] /wd/ | INFO: Tag[ view_parse ] --START--
[ 2016-09-21T19:38:52+08:00 ] /wd/ | NOTIC: [2] Missing argument 2 for TagLib::parseXmlAttr(), called in D:\phpStudy\WWW\wd\Index\Lib\TagLib\TagLibHd.class.php on line 15 and defined TagLib.class.php 第 111 行.
[ 2016-09-21T19:38:52+08:00 ] /wd/ | NOTIC: [8] Undefined index: @attributes TagLib.class.php 第 120 行.
[ 2016-09-21T19:38:52+08:00 ] /wd/ | NOTIC: [2] array_change_key_case() expects parameter 1 to be array, null given TagLib.class.php 第 120 行.
[ 2016-09-21T19:38:53+08:00 ] /wd/ | SQL: SHOW COLUMNS FROM `hd_category` [ RunTime:0.000000s ]
[ 2016-09-21T19:38:53+08:00 ] /wd/ | NOTIC: [8] Undefined offset: 0 Model.class.php 第 270 行.
[ 2016-09-21T19:38:53+08:00 ] /wd/ | SQL: SELECT * FROM `hd_category` WHERE ( `pid` = 0 )  [ RunTime:0.000000s ]
[ 2016-09-21T19:38:53+08:00 ] /wd/ | INFO: Run ParseTemplate Behavior [ RunTime:1.030002s ]
[ 2016-09-21T19:38:53+08:00 ] /wd/ | INFO: Tag[ view_parse ] --END-- [ RunTime:1.030002s ]
[ 2016-09-21T19:38:53+08:00 ] /wd/ | INFO: Tag[ view_filter ] --START--
[ 2016-09-21T19:38:53+08:00 ] /wd/ | INFO: Run ContentReplace Behavior [ RunTime:0.000000s ]
[ 2016-09-21T19:38:53+08:00 ] /wd/ | INFO: Run TokenBuild Behavior [ RunTime:0.000000s ]
[ 2016-09-21T19:38:53+08:00 ] /wd/ | INFO: Run WriteHtmlCache Behavior [ RunTime:0.000000s ]
[ 2016-09-21T19:38:53+08:00 ] /wd/ | INFO: Run ShowRuntime Behavior [ RunTime:0.000000s ]
[ 2016-09-21T19:38:53+08:00 ] /wd/ | INFO: Tag[ view_filter ] --END-- [ RunTime:0.000000s ]
[ 2016-09-21T19:38:53+08:00 ] /wd/ | INFO: Tag[ view_end ] --START--
[ 2016-09-21T19:38:53+08:00 ] /wd/ | INFO: Run ShowPageTrace Behavior [ RunTime:0.010000s ]
[ 2016-09-21T19:38:53+08:00 ] /wd/ | INFO: Tag[ view_end ] --END-- [ RunTime:0.010000s ]
[ 2016-09-21T19:38:53+08:00 ] /wd/index.php/Common/verify | INFO: Tag[ route_check ] --START--
[ 2016-09-21T19:38:53+08:00 ] /wd/index.php/Common/verify | INFO: Run CheckRoute Behavior [ RunTime:0.000000s ]
[ 2016-09-21T19:38:53+08:00 ] /wd/index.php/Common/verify | INFO: Tag[ route_check ] --END-- [ RunTime:0.000000s ]
[ 2016-09-21T19:38:53+08:00 ] /wd/index.php/Common/verify | INFO: Tag[ app_begin ] --START--
[ 2016-09-21T19:38:53+08:00 ] /wd/index.php/Common/verify | INFO: Run ReadHtmlCache Behavior [ RunTime:0.000000s ]
[ 2016-09-21T19:38:53+08:00 ] /wd/index.php/Common/verify | INFO: Tag[ app_begin ] --END-- [ RunTime:0.000000s ]
[ 2016-09-21T19:45:25+08:00 ] /wd/ | INFO: Tag[ app_begin ] --START--
[ 2016-09-21T19:45:25+08:00 ] /wd/ | INFO: Run ReadHtmlCache Behavior [ RunTime:0.009000s ]
[ 2016-09-21T19:45:25+08:00 ] /wd/ | INFO: Tag[ app_begin ] --END-- [ RunTime:0.009000s ]
[ 2016-09-21T19:45:25+08:00 ] /wd/ | INFO: Tag[ view_template ] --START--
[ 2016-09-21T19:45:25+08:00 ] /wd/ | INFO: Run LocationTemplate Behavior [ RunTime:0.005000s ]
[ 2016-09-21T19:45:25+08:00 ] /wd/ | INFO: Tag[ view_template ] --END-- [ RunTime:0.005000s ]
[ 2016-09-21T19:45:25+08:00 ] /wd/ | INFO: Tag[ view_parse ] --START--
[ 2016-09-21T19:45:26+08:00 ] /wd/ | NOTIC: [2] Missing argument 2 for TagLib::parseXmlAttr(), called in D:\phpStudy\WWW\wd\Index\Lib\TagLib\TagLibHd.class.php on line 15 and defined TagLib.class.php 第 111 行.
[ 2016-09-21T19:45:26+08:00 ] /wd/ | NOTIC: [8] Undefined index: @attributes TagLib.class.php 第 120 行.
[ 2016-09-21T19:45:26+08:00 ] /wd/ | NOTIC: [2] array_change_key_case() expects parameter 1 to be array, null given TagLib.class.php 第 120 行.
[ 2016-09-21T19:45:27+08:00 ] /wd/ | SQL: SHOW COLUMNS FROM `hd_category` [ RunTime:0.010000s ]
[ 2016-09-21T19:45:27+08:00 ] /wd/ | NOTIC: [8] Undefined offset: 0 Model.class.php 第 270 行.
[ 2016-09-21T19:45:27+08:00 ] /wd/ | SQL: SELECT * FROM `hd_category` WHERE ( `pid` = 0 )  [ RunTime:0.000000s ]
[ 2016-09-21T19:45:27+08:00 ] /wd/ | INFO: Run ParseTemplate Behavior [ RunTime:1.131017s ]
[ 2016-09-21T19:45:27+08:00 ] /wd/ | INFO: Tag[ view_parse ] --END-- [ RunTime:1.131017s ]
[ 2016-09-21T19:45:27+08:00 ] /wd/ | INFO: Tag[ view_filter ] --START--
[ 2016-09-21T19:45:27+08:00 ] /wd/ | INFO: Run ContentReplace Behavior [ RunTime:0.000000s ]
[ 2016-09-21T19:45:27+08:00 ] /wd/ | INFO: Run TokenBuild Behavior [ RunTime:0.000000s ]
[ 2016-09-21T19:45:27+08:00 ] /wd/ | INFO: Run WriteHtmlCache Behavior [ RunTime:0.000000s ]
[ 2016-09-21T19:45:27+08:00 ] /wd/ | INFO: Run ShowRuntime Behavior [ RunTime:0.000000s ]
[ 2016-09-21T19:45:27+08:00 ] /wd/ | INFO: Tag[ view_filter ] --END-- [ RunTime:0.000000s ]
[ 2016-09-21T19:45:27+08:00 ] /wd/ | INFO: Tag[ view_end ] --START--
[ 2016-09-21T19:45:27+08:00 ] /wd/ | INFO: Run ShowPageTrace Behavior [ RunTime:0.000000s ]
[ 2016-09-21T19:45:27+08:00 ] /wd/ | INFO: Tag[ view_end ] --END-- [ RunTime:0.000000s ]
[ 2016-09-21T19:45:27+08:00 ] /wd/index.php/Common/verify | INFO: Tag[ route_check ] --START--
[ 2016-09-21T19:45:27+08:00 ] /wd/index.php/Common/verify | INFO: Run CheckRoute Behavior [ RunTime:0.001001s ]
[ 2016-09-21T19:45:27+08:00 ] /wd/index.php/Common/verify | INFO: Tag[ route_check ] --END-- [ RunTime:0.001001s ]
[ 2016-09-21T19:45:27+08:00 ] /wd/index.php/Common/verify | INFO: Tag[ app_begin ] --START--
[ 2016-09-21T19:45:27+08:00 ] /wd/index.php/Common/verify | INFO: Run ReadHtmlCache Behavior [ RunTime:0.001000s ]
[ 2016-09-21T19:45:27+08:00 ] /wd/index.php/Common/verify | INFO: Tag[ app_begin ] --END-- [ RunTime:0.001000s ]
[ 2016-09-21T19:53:16+08:00 ] /wd/ | INFO: Tag[ app_begin ] --START--
[ 2016-09-21T19:53:16+08:00 ] /wd/ | INFO: Run ReadHtmlCache Behavior [ RunTime:0.000000s ]
[ 2016-09-21T19:53:16+08:00 ] /wd/ | INFO: Tag[ app_begin ] --END-- [ RunTime:0.000000s ]
[ 2016-09-21T19:53:17+08:00 ] /wd/ | SQL: SHOW COLUMNS FROM `hd_category` [ RunTime:0.021001s ]
[ 2016-09-21T19:53:17+08:00 ] /wd/ | SQL: SELECT * FROM `hd_category` WHERE ( `pid` = 0 )  [ RunTime:0.002000s ]
[ 2016-09-21T19:53:17+08:00 ] /wd/ | SQL: SELECT * FROM `hd_category` WHERE ( `pid` = '31' )  [ RunTime:0.002000s ]
[ 2016-09-21T19:53:17+08:00 ] /wd/ | SQL: SELECT * FROM `hd_category` WHERE ( `pid` = '25' )  [ RunTime:0.001000s ]
[ 2016-09-21T19:53:17+08:00 ] /wd/ | SQL: SELECT * FROM `hd_category` WHERE ( `pid` = '44' )  [ RunTime:0.009000s ]
[ 2016-09-21T19:53:17+08:00 ] /wd/ | INFO: Tag[ view_template ] --START--
[ 2016-09-21T19:53:17+08:00 ] /wd/ | INFO: Run LocationTemplate Behavior [ RunTime:0.014001s ]
[ 2016-09-21T19:53:17+08:00 ] /wd/ | INFO: Tag[ view_template ] --END-- [ RunTime:0.015001s ]
[ 2016-09-21T19:53:17+08:00 ] /wd/ | INFO: Tag[ view_parse ] --START--
[ 2016-09-21T19:53:17+08:00 ] /wd/ | NOTIC: [2] Missing argument 2 for TagLib::parseXmlAttr(), called in D:\phpStudy\WWW\wd\Index\Lib\TagLib\TagLibHd.class.php on line 15 and defined TagLib.class.php 第 111 行.
[ 2016-09-21T19:53:17+08:00 ] /wd/ | NOTIC: [8] Undefined index: @attributes TagLib.class.php 第 120 行.
[ 2016-09-21T19:53:17+08:00 ] /wd/ | NOTIC: [2] array_change_key_case() expects parameter 1 to be array, null given TagLib.class.php 第 120 行.
[ 2016-09-21T19:53:17+08:00 ] /wd/ | NOTIC: [8] Undefined offset: 0 Model.class.php 第 270 行.
[ 2016-09-21T19:53:17+08:00 ] /wd/ | SQL: SELECT * FROM `hd_category` WHERE ( `pid` = 0 )  [ RunTime:0.001000s ]
[ 2016-09-21T19:53:17+08:00 ] /wd/ | INFO: Run ParseTemplate Behavior [ RunTime:0.091006s ]
[ 2016-09-21T19:53:17+08:00 ] /wd/ | INFO: Tag[ view_parse ] --END-- [ RunTime:0.092006s ]
[ 2016-09-21T19:53:17+08:00 ] /wd/ | INFO: Tag[ view_filter ] --START--
[ 2016-09-21T19:53:17+08:00 ] /wd/ | INFO: Run ContentReplace Behavior [ RunTime:0.004000s ]
[ 2016-09-21T19:53:17+08:00 ] /wd/ | INFO: Run TokenBuild Behavior [ RunTime:0.003000s ]
[ 2016-09-21T19:53:17+08:00 ] /wd/ | INFO: Run WriteHtmlCache Behavior [ RunTime:0.002000s ]
[ 2016-09-21T19:53:17+08:00 ] /wd/ | INFO: Run ShowRuntime Behavior [ RunTime:0.005001s ]
[ 2016-09-21T19:53:17+08:00 ] /wd/ | INFO: Tag[ view_filter ] --END-- [ RunTime:0.019001s ]
[ 2016-09-21T19:53:17+08:00 ] /wd/ | INFO: Tag[ view_end ] --START--
[ 2016-09-21T19:53:17+08:00 ] /wd/ | INFO: Run ShowPageTrace Behavior [ RunTime:0.003000s ]
[ 2016-09-21T19:53:17+08:00 ] /wd/ | INFO: Tag[ view_end ] --END-- [ RunTime:0.003000s ]
[ 2016-09-21T19:53:19+08:00 ] /wd/index.php/Common/verify | INFO: Tag[ route_check ] --START--
[ 2016-09-21T19:53:19+08:00 ] /wd/index.php/Common/verify | INFO: Run CheckRoute Behavior [ RunTime:0.001000s ]
[ 2016-09-21T19:53:19+08:00 ] /wd/index.php/Common/verify | INFO: Tag[ route_check ] --END-- [ RunTime:0.001000s ]
[ 2016-09-21T19:53:19+08:00 ] /wd/index.php/Common/verify | INFO: Tag[ app_begin ] --START--
[ 2016-09-21T19:53:19+08:00 ] /wd/index.php/Common/verify | INFO: Run ReadHtmlCache Behavior [ RunTime:0.001000s ]
[ 2016-09-21T19:53:19+08:00 ] /wd/index.php/Common/verify | INFO: Tag[ app_begin ] --END-- [ RunTime:0.002000s ]
[ 2016-09-21T19:53:59+08:00 ] /wd/ | INFO: Tag[ app_begin ] --START--
[ 2016-09-21T19:53:59+08:00 ] /wd/ | INFO: Run ReadHtmlCache Behavior [ RunTime:0.000000s ]
[ 2016-09-21T19:53:59+08:00 ] /wd/ | INFO: Tag[ app_begin ] --END-- [ RunTime:0.000000s ]
[ 2016-09-21T19:53:59+08:00 ] /wd/ | INFO: Tag[ view_template ] --START--
[ 2016-09-21T19:53:59+08:00 ] /wd/ | INFO: Run LocationTemplate Behavior [ RunTime:0.000000s ]
[ 2016-09-21T19:53:59+08:00 ] /wd/ | INFO: Tag[ view_template ] --END-- [ RunTime:0.000000s ]
[ 2016-09-21T19:53:59+08:00 ] /wd/ | INFO: Tag[ view_parse ] --START--
[ 2016-09-21T19:53:59+08:00 ] /wd/ | NOTIC: [2] Missing argument 2 for TagLib::parseXmlAttr(), called in D:\phpStudy\WWW\wd\Index\Lib\TagLib\TagLibHd.class.php on line 15 and defined TagLib.class.php 第 111 行.
[ 2016-09-21T19:53:59+08:00 ] /wd/ | NOTIC: [8] Undefined index: @attributes TagLib.class.php 第 120 行.
[ 2016-09-21T19:53:59+08:00 ] /wd/ | NOTIC: [2] array_change_key_case() expects parameter 1 to be array, null given TagLib.class.php 第 120 行.
[ 2016-09-21T19:54:00+08:00 ] /wd/ | SQL: SHOW COLUMNS FROM `hd_category` [ RunTime:0.000000s ]
[ 2016-09-21T19:54:00+08:00 ] /wd/ | NOTIC: [8] Undefined offset: 0 Model.class.php 第 270 行.
[ 2016-09-21T19:54:00+08:00 ] /wd/ | SQL: SELECT * FROM `hd_category` WHERE ( `pid` = 0 )  [ RunTime:0.000000s ]
[ 2016-09-21T19:54:00+08:00 ] /wd/ | INFO: Run ParseTemplate Behavior [ RunTime:1.022003s ]
[ 2016-09-21T19:54:00+08:00 ] /wd/ | INFO: Tag[ view_parse ] --END-- [ RunTime:1.022003s ]
[ 2016-09-21T19:54:00+08:00 ] /wd/ | INFO: Tag[ view_filter ] --START--
[ 2016-09-21T19:54:00+08:00 ] /wd/ | INFO: Run ContentReplace Behavior [ RunTime:0.000000s ]
[ 2016-09-21T19:54:00+08:00 ] /wd/ | INFO: Run TokenBuild Behavior [ RunTime:0.000000s ]
[ 2016-09-21T19:54:00+08:00 ] /wd/ | INFO: Run WriteHtmlCache Behavior [ RunTime:0.000000s ]
[ 2016-09-21T19:54:00+08:00 ] /wd/ | INFO: Run ShowRuntime Behavior [ RunTime:0.000000s ]
[ 2016-09-21T19:54:00+08:00 ] /wd/ | INFO: Tag[ view_filter ] --END-- [ RunTime:0.000000s ]
[ 2016-09-21T19:54:00+08:00 ] /wd/ | INFO: Tag[ view_end ] --START--
[ 2016-09-21T19:54:00+08:00 ] /wd/ | INFO: Run ShowPageTrace Behavior [ RunTime:0.000000s ]
[ 2016-09-21T19:54:00+08:00 ] /wd/ | INFO: Tag[ view_end ] --END-- [ RunTime:0.000000s ]
[ 2016-09-21T19:54:00+08:00 ] /wd/index.php/Common/verify | INFO: Tag[ route_check ] --START--
[ 2016-09-21T19:54:00+08:00 ] /wd/index.php/Common/verify | INFO: Run CheckRoute Behavior [ RunTime:0.001000s ]
[ 2016-09-21T19:54:00+08:00 ] /wd/index.php/Common/verify | INFO: Tag[ route_check ] --END-- [ RunTime:0.001000s ]
[ 2016-09-21T19:54:00+08:00 ] /wd/index.php/Common/verify | INFO: Tag[ app_begin ] --START--
[ 2016-09-21T19:54:00+08:00 ] /wd/index.php/Common/verify | INFO: Run ReadHtmlCache Behavior [ RunTime:0.001000s ]
[ 2016-09-21T19:54:00+08:00 ] /wd/index.php/Common/verify | INFO: Tag[ app_begin ] --END-- [ RunTime:0.001000s ]
[ 2016-09-21T19:54:08+08:00 ] /wd/index.php/Common/checkLogin | INFO: Tag[ route_check ] --START--
[ 2016-09-21T19:54:08+08:00 ] /wd/index.php/Common/checkLogin | INFO: Run CheckRoute Behavior [ RunTime:0.000000s ]
[ 2016-09-21T19:54:08+08:00 ] /wd/index.php/Common/checkLogin | INFO: Tag[ route_check ] --END-- [ RunTime:0.000000s ]
[ 2016-09-21T19:54:08+08:00 ] /wd/index.php/Common/checkLogin | INFO: Tag[ app_begin ] --START--
[ 2016-09-21T19:54:08+08:00 ] /wd/index.php/Common/checkLogin | INFO: Run ReadHtmlCache Behavior [ RunTime:0.000000s ]
[ 2016-09-21T19:54:08+08:00 ] /wd/index.php/Common/checkLogin | INFO: Tag[ app_begin ] --END-- [ RunTime:0.000000s ]
[ 2016-09-21T20:14:48+08:00 ] /wd/ | INFO: Tag[ app_begin ] --START--
[ 2016-09-21T20:14:48+08:00 ] /wd/ | INFO: Run ReadHtmlCache Behavior [ RunTime:0.000000s ]
[ 2016-09-21T20:14:48+08:00 ] /wd/ | INFO: Tag[ app_begin ] --END-- [ RunTime:0.000000s ]
[ 2016-09-21T20:14:48+08:00 ] /wd/ | INFO: Tag[ view_template ] --START--
[ 2016-09-21T20:14:48+08:00 ] /wd/ | INFO: Run LocationTemplate Behavior [ RunTime:0.010000s ]
[ 2016-09-21T20:14:48+08:00 ] /wd/ | INFO: Tag[ view_template ] --END-- [ RunTime:0.010000s ]
[ 2016-09-21T20:14:48+08:00 ] /wd/ | INFO: Tag[ view_parse ] --START--
[ 2016-09-21T20:14:48+08:00 ] /wd/ | NOTIC: [2] Missing argument 2 for TagLib::parseXmlAttr(), called in D:\phpStudy\WWW\wd\Index\Lib\TagLib\TagLibHd.class.php on line 15 and defined TagLib.class.php 第 111 行.
[ 2016-09-21T20:14:48+08:00 ] /wd/ | NOTIC: [8] Undefined index: @attributes TagLib.class.php 第 120 行.
[ 2016-09-21T20:14:48+08:00 ] /wd/ | NOTIC: [2] array_change_key_case() expects parameter 1 to be array, null given TagLib.class.php 第 120 行.
[ 2016-09-21T20:14:49+08:00 ] /wd/ | SQL: SHOW COLUMNS FROM `hd_category` [ RunTime:0.000000s ]
[ 2016-09-21T20:14:49+08:00 ] /wd/ | NOTIC: [8] Undefined offset: 0 Model.class.php 第 270 行.
[ 2016-09-21T20:14:49+08:00 ] /wd/ | SQL: SELECT * FROM `hd_category` WHERE ( `pid` = 0 )  [ RunTime:0.000000s ]
[ 2016-09-21T20:14:49+08:00 ] /wd/ | INFO: Run ParseTemplate Behavior [ RunTime:1.030002s ]
[ 2016-09-21T20:14:49+08:00 ] /wd/ | INFO: Tag[ view_parse ] --END-- [ RunTime:1.030002s ]
[ 2016-09-21T20:14:49+08:00 ] /wd/ | INFO: Tag[ view_filter ] --START--
[ 2016-09-21T20:14:49+08:00 ] /wd/ | INFO: Run ContentReplace Behavior [ RunTime:0.000000s ]
[ 2016-09-21T20:14:49+08:00 ] /wd/ | INFO: Run TokenBuild Behavior [ RunTime:0.000000s ]
[ 2016-09-21T20:14:49+08:00 ] /wd/ | INFO: Run WriteHtmlCache Behavior [ RunTime:0.000000s ]
[ 2016-09-21T20:14:49+08:00 ] /wd/ | INFO: Run ShowRuntime Behavior [ RunTime:0.010000s ]
[ 2016-09-21T20:14:49+08:00 ] /wd/ | INFO: Tag[ view_filter ] --END-- [ RunTime:0.010000s ]
[ 2016-09-21T20:14:49+08:00 ] /wd/ | INFO: Tag[ view_end ] --START--
[ 2016-09-21T20:14:49+08:00 ] /wd/ | INFO: Run ShowPageTrace Behavior [ RunTime:0.000000s ]
[ 2016-09-21T20:14:49+08:00 ] /wd/ | INFO: Tag[ view_end ] --END-- [ RunTime:0.000000s ]
[ 2016-09-21T20:14:50+08:00 ] /wd/index.php/Common/verify | INFO: Tag[ route_check ] --START--
[ 2016-09-21T20:14:50+08:00 ] /wd/index.php/Common/verify | INFO: Run CheckRoute Behavior [ RunTime:0.002000s ]
[ 2016-09-21T20:14:50+08:00 ] /wd/index.php/Common/verify | INFO: Tag[ route_check ] --END-- [ RunTime:0.002000s ]
[ 2016-09-21T20:14:50+08:00 ] /wd/index.php/Common/verify | INFO: Tag[ app_begin ] --START--
[ 2016-09-21T20:14:50+08:00 ] /wd/index.php/Common/verify | INFO: Run ReadHtmlCache Behavior [ RunTime:0.001000s ]
[ 2016-09-21T20:14:50+08:00 ] /wd/index.php/Common/verify | INFO: Tag[ app_begin ] --END-- [ RunTime:0.001000s ]
[ 2016-09-21T20:14:56+08:00 ] /wd/index.php/Common/checkLogin | INFO: Tag[ route_check ] --START--
[ 2016-09-21T20:14:56+08:00 ] /wd/index.php/Common/checkLogin | INFO: Run CheckRoute Behavior [ RunTime:0.000000s ]
[ 2016-09-21T20:14:56+08:00 ] /wd/index.php/Common/checkLogin | INFO: Tag[ route_check ] --END-- [ RunTime:0.000000s ]
[ 2016-09-21T20:14:56+08:00 ] /wd/index.php/Common/checkLogin | INFO: Tag[ app_begin ] --START--
[ 2016-09-21T20:14:56+08:00 ] /wd/index.php/Common/checkLogin | INFO: Run ReadHtmlCache Behavior [ RunTime:0.000000s ]
[ 2016-09-21T20:14:56+08:00 ] /wd/index.php/Common/checkLogin | INFO: Tag[ app_begin ] --END-- [ RunTime:0.000000s ]
[ 2016-09-21T20:18:24+08:00 ] /wd/ | INFO: Tag[ app_begin ] --START--
[ 2016-09-21T20:18:24+08:00 ] /wd/ | INFO: Run ReadHtmlCache Behavior [ RunTime:0.000000s ]
[ 2016-09-21T20:18:24+08:00 ] /wd/ | INFO: Tag[ app_begin ] --END-- [ RunTime:0.000000s ]
[ 2016-09-21T20:18:24+08:00 ] /wd/ | INFO: Tag[ view_template ] --START--
[ 2016-09-21T20:18:24+08:00 ] /wd/ | INFO: Run LocationTemplate Behavior [ RunTime:0.000000s ]
[ 2016-09-21T20:18:24+08:00 ] /wd/ | INFO: Tag[ view_template ] --END-- [ RunTime:0.000000s ]
[ 2016-09-21T20:18:24+08:00 ] /wd/ | INFO: Tag[ view_parse ] --START--
[ 2016-09-21T20:18:24+08:00 ] /wd/ | NOTIC: [2] Missing argument 2 for TagLib::parseXmlAttr(), called in D:\phpStudy\WWW\wd\Index\Lib\TagLib\TagLibHd.class.php on line 15 and defined TagLib.class.php 第 111 行.
[ 2016-09-21T20:18:24+08:00 ] /wd/ | NOTIC: [8] Undefined index: @attributes TagLib.class.php 第 120 行.
[ 2016-09-21T20:18:24+08:00 ] /wd/ | NOTIC: [2] array_change_key_case() expects parameter 1 to be array, null given TagLib.class.php 第 120 行.
[ 2016-09-21T20:18:26+08:00 ] /wd/ | SQL: SHOW COLUMNS FROM `hd_category` [ RunTime:0.000000s ]
[ 2016-09-21T20:18:26+08:00 ] /wd/ | NOTIC: [8] Undefined offset: 0 Model.class.php 第 270 行.
[ 2016-09-21T20:18:26+08:00 ] /wd/ | SQL: SELECT * FROM `hd_category` WHERE ( `pid` = 0 )  [ RunTime:0.000000s ]
[ 2016-09-21T20:18:26+08:00 ] /wd/ | INFO: Run ParseTemplate Behavior [ RunTime:1.040001s ]
[ 2016-09-21T20:18:26+08:00 ] /wd/ | INFO: Tag[ view_parse ] --END-- [ RunTime:1.040001s ]
[ 2016-09-21T20:18:26+08:00 ] /wd/ | INFO: Tag[ view_filter ] --START--
[ 2016-09-21T20:18:26+08:00 ] /wd/ | INFO: Run ContentReplace Behavior [ RunTime:0.010000s ]
[ 2016-09-21T20:18:26+08:00 ] /wd/ | INFO: Run TokenBuild Behavior [ RunTime:0.000000s ]
[ 2016-09-21T20:18:26+08:00 ] /wd/ | INFO: Run WriteHtmlCache Behavior [ RunTime:0.000000s ]
[ 2016-09-21T20:18:26+08:00 ] /wd/ | INFO: Run ShowRuntime Behavior [ RunTime:0.000000s ]
[ 2016-09-21T20:18:26+08:00 ] /wd/ | INFO: Tag[ view_filter ] --END-- [ RunTime:0.010000s ]
[ 2016-09-21T20:18:26+08:00 ] /wd/ | INFO: Tag[ view_end ] --START--
[ 2016-09-21T20:18:26+08:00 ] /wd/ | INFO: Run ShowPageTrace Behavior [ RunTime:0.000000s ]
[ 2016-09-21T20:18:26+08:00 ] /wd/ | INFO: Tag[ view_end ] --END-- [ RunTime:0.000000s ]
[ 2016-09-21T20:18:26+08:00 ] /wd/index.php/Common/verify | INFO: Tag[ route_check ] --START--
[ 2016-09-21T20:18:26+08:00 ] /wd/index.php/Common/verify | INFO: Run CheckRoute Behavior [ RunTime:0.010000s ]
[ 2016-09-21T20:18:26+08:00 ] /wd/index.php/Common/verify | INFO: Tag[ route_check ] --END-- [ RunTime:0.010000s ]
[ 2016-09-21T20:18:26+08:00 ] /wd/index.php/Common/verify | INFO: Tag[ app_begin ] --START--
[ 2016-09-21T20:18:26+08:00 ] /wd/index.php/Common/verify | INFO: Run ReadHtmlCache Behavior [ RunTime:0.000000s ]
[ 2016-09-21T20:18:26+08:00 ] /wd/index.php/Common/verify | INFO: Tag[ app_begin ] --END-- [ RunTime:0.000000s ]
[ 2016-09-21T20:21:58+08:00 ] /wd/ | INFO: Tag[ app_begin ] --START--
[ 2016-09-21T20:21:58+08:00 ] /wd/ | INFO: Run ReadHtmlCache Behavior [ RunTime:0.000000s ]
[ 2016-09-21T20:21:58+08:00 ] /wd/ | INFO: Tag[ app_begin ] --END-- [ RunTime:0.000000s ]
[ 2016-09-21T20:21:58+08:00 ] /wd/ | INFO: Tag[ view_template ] --START--
[ 2016-09-21T20:21:58+08:00 ] /wd/ | INFO: Run LocationTemplate Behavior [ RunTime:0.000000s ]
[ 2016-09-21T20:21:58+08:00 ] /wd/ | INFO: Tag[ view_template ] --END-- [ RunTime:0.000000s ]
[ 2016-09-21T20:21:58+08:00 ] /wd/ | INFO: Tag[ view_parse ] --START--
[ 2016-09-21T20:21:58+08:00 ] /wd/ | NOTIC: [2] Missing argument 2 for TagLib::parseXmlAttr(), called in D:\phpStudy\WWW\wd\Index\Lib\TagLib\TagLibHd.class.php on line 15 and defined TagLib.class.php 第 111 行.
[ 2016-09-21T20:21:58+08:00 ] /wd/ | NOTIC: [8] Undefined index: @attributes TagLib.class.php 第 120 行.
[ 2016-09-21T20:21:58+08:00 ] /wd/ | NOTIC: [2] array_change_key_case() expects parameter 1 to be array, null given TagLib.class.php 第 120 行.
[ 2016-09-21T20:21:59+08:00 ] /wd/ | SQL: SHOW COLUMNS FROM `hd_category` [ RunTime:0.000000s ]
[ 2016-09-21T20:21:59+08:00 ] /wd/ | NOTIC: [8] Undefined offset: 0 Model.class.php 第 270 行.
[ 2016-09-21T20:21:59+08:00 ] /wd/ | SQL: SELECT * FROM `hd_category` WHERE ( `pid` = 0 )  [ RunTime:0.000000s ]
[ 2016-09-21T20:21:59+08:00 ] /wd/ | INFO: Run ParseTemplate Behavior [ RunTime:1.050001s ]
[ 2016-09-21T20:21:59+08:00 ] /wd/ | INFO: Tag[ view_parse ] --END-- [ RunTime:1.050001s ]
[ 2016-09-21T20:21:59+08:00 ] /wd/ | INFO: Tag[ view_filter ] --START--
[ 2016-09-21T20:21:59+08:00 ] /wd/ | INFO: Run ContentReplace Behavior [ RunTime:0.000000s ]
[ 2016-09-21T20:21:59+08:00 ] /wd/ | INFO: Run TokenBuild Behavior [ RunTime:0.000000s ]
[ 2016-09-21T20:21:59+08:00 ] /wd/ | INFO: Run WriteHtmlCache Behavior [ RunTime:0.000000s ]
[ 2016-09-21T20:21:59+08:00 ] /wd/ | INFO: Run ShowRuntime Behavior [ RunTime:0.000000s ]
[ 2016-09-21T20:21:59+08:00 ] /wd/ | INFO: Tag[ view_filter ] --END-- [ RunTime:0.000000s ]
[ 2016-09-21T20:21:59+08:00 ] /wd/ | INFO: Tag[ view_end ] --START--
[ 2016-09-21T20:21:59+08:00 ] /wd/ | INFO: Run ShowPageTrace Behavior [ RunTime:0.010000s ]
[ 2016-09-21T20:21:59+08:00 ] /wd/ | INFO: Tag[ view_end ] --END-- [ RunTime:0.010000s ]
[ 2016-09-21T20:22:00+08:00 ] /wd/index.php/Common/verify | INFO: Tag[ route_check ] --START--
[ 2016-09-21T20:22:00+08:00 ] /wd/index.php/Common/verify | INFO: Run CheckRoute Behavior [ RunTime:0.000000s ]
[ 2016-09-21T20:22:00+08:00 ] /wd/index.php/Common/verify | INFO: Tag[ route_check ] --END-- [ RunTime:0.000000s ]
[ 2016-09-21T20:22:00+08:00 ] /wd/index.php/Common/verify | INFO: Tag[ app_begin ] --START--
[ 2016-09-21T20:22:00+08:00 ] /wd/index.php/Common/verify | INFO: Run ReadHtmlCache Behavior [ RunTime:0.000000s ]
[ 2016-09-21T20:22:00+08:00 ] /wd/index.php/Common/verify | INFO: Tag[ app_begin ] --END-- [ RunTime:0.000000s ]
[ 2016-09-21T20:22:04+08:00 ] /wd/index.php/Common/checkLogin | INFO: Tag[ route_check ] --START--
[ 2016-09-21T20:22:04+08:00 ] /wd/index.php/Common/checkLogin | INFO: Run CheckRoute Behavior [ RunTime:0.000000s ]
[ 2016-09-21T20:22:04+08:00 ] /wd/index.php/Common/checkLogin | INFO: Tag[ route_check ] --END-- [ RunTime:0.000000s ]
[ 2016-09-21T20:22:04+08:00 ] /wd/index.php/Common/checkLogin | INFO: Tag[ app_begin ] --START--
[ 2016-09-21T20:22:04+08:00 ] /wd/index.php/Common/checkLogin | INFO: Run ReadHtmlCache Behavior [ RunTime:0.000000s ]
[ 2016-09-21T20:22:04+08:00 ] /wd/index.php/Common/checkLogin | INFO: Tag[ app_begin ] --END-- [ RunTime:0.000000s ]
[ 2016-09-21T20:22:14+08:00 ] /wd/index.php/Index/login | ERR: (ThinkException) 非法操作login
[ 2016-09-21T20:22:16+08:00 ] /wd/index.php/Common/verify | INFO: Tag[ route_check ] --START--
[ 2016-09-21T20:22:16+08:00 ] /wd/index.php/Common/verify | INFO: Run CheckRoute Behavior [ RunTime:0.000000s ]
[ 2016-09-21T20:22:16+08:00 ] /wd/index.php/Common/verify | INFO: Tag[ route_check ] --END-- [ RunTime:0.000000s ]
[ 2016-09-21T20:22:16+08:00 ] /wd/index.php/Common/verify | INFO: Tag[ app_begin ] --START--
[ 2016-09-21T20:22:16+08:00 ] /wd/index.php/Common/verify | INFO: Run ReadHtmlCache Behavior [ RunTime:0.010000s ]
[ 2016-09-21T20:22:16+08:00 ] /wd/index.php/Common/verify | INFO: Tag[ app_begin ] --END-- [ RunTime:0.010000s ]
[ 2016-09-21T20:22:19+08:00 ] /wd/ | INFO: Tag[ app_begin ] --START--
[ 2016-09-21T20:22:19+08:00 ] /wd/ | INFO: Run ReadHtmlCache Behavior [ RunTime:0.004000s ]
[ 2016-09-21T20:22:19+08:00 ] /wd/ | INFO: Tag[ app_begin ] --END-- [ RunTime:0.004000s ]
[ 2016-09-21T20:22:19+08:00 ] /wd/ | INFO: Tag[ view_template ] --START--
[ 2016-09-21T20:22:19+08:00 ] /wd/ | INFO: Run LocationTemplate Behavior [ RunTime:0.008000s ]
[ 2016-09-21T20:22:19+08:00 ] /wd/ | INFO: Tag[ view_template ] --END-- [ RunTime:0.008000s ]
[ 2016-09-21T20:22:19+08:00 ] /wd/ | INFO: Tag[ view_parse ] --START--
[ 2016-09-21T20:22:19+08:00 ] /wd/ | NOTIC: [2] Missing argument 2 for TagLib::parseXmlAttr(), called in D:\phpStudy\WWW\wd\Index\Lib\TagLib\TagLibHd.class.php on line 15 and defined TagLib.class.php 第 111 行.
[ 2016-09-21T20:22:19+08:00 ] /wd/ | NOTIC: [8] Undefined index: @attributes TagLib.class.php 第 120 行.
[ 2016-09-21T20:22:19+08:00 ] /wd/ | NOTIC: [2] array_change_key_case() expects parameter 1 to be array, null given TagLib.class.php 第 120 行.
[ 2016-09-21T20:22:20+08:00 ] /wd/ | SQL: SHOW COLUMNS FROM `hd_category` [ RunTime:0.020000s ]
[ 2016-09-21T20:22:20+08:00 ] /wd/ | NOTIC: [8] Undefined offset: 0 Model.class.php 第 270 行.
[ 2016-09-21T20:22:20+08:00 ] /wd/ | SQL: SELECT * FROM `hd_category` WHERE ( `pid` = 0 )  [ RunTime:0.000000s ]
[ 2016-09-21T20:22:20+08:00 ] /wd/ | INFO: Run ParseTemplate Behavior [ RunTime:1.110010s ]
[ 2016-09-21T20:22:20+08:00 ] /wd/ | INFO: Tag[ view_parse ] --END-- [ RunTime:1.110010s ]
[ 2016-09-21T20:22:20+08:00 ] /wd/ | INFO: Tag[ view_filter ] --START--
[ 2016-09-21T20:22:20+08:00 ] /wd/ | INFO: Run ContentReplace Behavior [ RunTime:0.010000s ]
[ 2016-09-21T20:22:20+08:00 ] /wd/ | INFO: Run TokenBuild Behavior [ RunTime:0.000000s ]
[ 2016-09-21T20:22:20+08:00 ] /wd/ | INFO: Run WriteHtmlCache Behavior [ RunTime:0.000000s ]
[ 2016-09-21T20:22:20+08:00 ] /wd/ | INFO: Run ShowRuntime Behavior [ RunTime:0.000000s ]
[ 2016-09-21T20:22:20+08:00 ] /wd/ | INFO: Tag[ view_filter ] --END-- [ RunTime:0.010000s ]
[ 2016-09-21T20:22:20+08:00 ] /wd/ | INFO: Tag[ view_end ] --START--
[ 2016-09-21T20:22:20+08:00 ] /wd/ | INFO: Run ShowPageTrace Behavior [ RunTime:0.010000s ]
[ 2016-09-21T20:22:20+08:00 ] /wd/ | INFO: Tag[ view_end ] --END-- [ RunTime:0.010000s ]
[ 2016-09-21T20:22:21+08:00 ] /wd/index.php/Common/verify | INFO: Tag[ route_check ] --START--
[ 2016-09-21T20:22:21+08:00 ] /wd/index.php/Common/verify | INFO: Run CheckRoute Behavior [ RunTime:0.002000s ]
[ 2016-09-21T20:22:21+08:00 ] /wd/index.php/Common/verify | INFO: Tag[ route_check ] --END-- [ RunTime:0.002000s ]
[ 2016-09-21T20:22:21+08:00 ] /wd/index.php/Common/verify | INFO: Tag[ app_begin ] --START--
[ 2016-09-21T20:22:21+08:00 ] /wd/index.php/Common/verify | INFO: Run ReadHtmlCache Behavior [ RunTime:0.001000s ]
[ 2016-09-21T20:22:21+08:00 ] /wd/index.php/Common/verify | INFO: Tag[ app_begin ] --END-- [ RunTime:0.001000s ]
[ 2016-09-21T20:22:25+08:00 ] /wd/index.php/Common/checkLogin | INFO: Tag[ route_check ] --START--
[ 2016-09-21T20:22:25+08:00 ] /wd/index.php/Common/checkLogin | INFO: Run CheckRoute Behavior [ RunTime:0.008000s ]
[ 2016-09-21T20:22:25+08:00 ] /wd/index.php/Common/checkLogin | INFO: Tag[ route_check ] --END-- [ RunTime:0.009000s ]
[ 2016-09-21T20:22:25+08:00 ] /wd/index.php/Common/checkLogin | INFO: Tag[ app_begin ] --START--
[ 2016-09-21T20:22:25+08:00 ] /wd/index.php/Common/checkLogin | INFO: Run ReadHtmlCache Behavior [ RunTime:0.007001s ]
[ 2016-09-21T20:22:25+08:00 ] /wd/index.php/Common/checkLogin | INFO: Tag[ app_begin ] --END-- [ RunTime:0.007001s ]
[ 2016-09-21T20:31:24+08:00 ] /wd/ | INFO: Tag[ app_begin ] --START--
[ 2016-09-21T20:31:24+08:00 ] /wd/ | INFO: Run ReadHtmlCache Behavior [ RunTime:0.005000s ]
[ 2016-09-21T20:31:24+08:00 ] /wd/ | INFO: Tag[ app_begin ] --END-- [ RunTime:0.005000s ]
[ 2016-09-21T20:31:24+08:00 ] /wd/ | INFO: Tag[ view_template ] --START--
[ 2016-09-21T20:31:24+08:00 ] /wd/ | INFO: Run LocationTemplate Behavior [ RunTime:0.009001s ]
[ 2016-09-21T20:31:24+08:00 ] /wd/ | INFO: Tag[ view_template ] --END-- [ RunTime:0.009001s ]
[ 2016-09-21T20:31:24+08:00 ] /wd/ | INFO: Tag[ view_parse ] --START--
[ 2016-09-21T20:31:24+08:00 ] /wd/ | NOTIC: [2] Missing argument 2 for TagLib::parseXmlAttr(), called in D:\phpStudy\WWW\wd\Index\Lib\TagLib\TagLibHd.class.php on line 15 and defined TagLib.class.php 第 111 行.
[ 2016-09-21T20:31:24+08:00 ] /wd/ | NOTIC: [8] Undefined index: @attributes TagLib.class.php 第 120 行.
[ 2016-09-21T20:31:24+08:00 ] /wd/ | NOTIC: [2] array_change_key_case() expects parameter 1 to be array, null given TagLib.class.php 第 120 行.
[ 2016-09-21T20:31:25+08:00 ] /wd/ | SQL: SHOW COLUMNS FROM `hd_category` [ RunTime:0.000000s ]
[ 2016-09-21T20:31:25+08:00 ] /wd/ | NOTIC: [8] Undefined offset: 0 Model.class.php 第 270 行.
[ 2016-09-21T20:31:25+08:00 ] /wd/ | SQL: SELECT * FROM `hd_category` WHERE ( `pid` = 0 )  [ RunTime:0.000000s ]
[ 2016-09-21T20:31:25+08:00 ] /wd/ | INFO: Run ParseTemplate Behavior [ RunTime:1.266030s ]
[ 2016-09-21T20:31:25+08:00 ] /wd/ | INFO: Tag[ view_parse ] --END-- [ RunTime:1.267030s ]
[ 2016-09-21T20:31:25+08:00 ] /wd/ | INFO: Tag[ view_filter ] --START--
[ 2016-09-21T20:31:25+08:00 ] /wd/ | INFO: Run ContentReplace Behavior [ RunTime:0.010000s ]
[ 2016-09-21T20:31:25+08:00 ] /wd/ | INFO: Run TokenBuild Behavior [ RunTime:0.000000s ]
[ 2016-09-21T20:31:25+08:00 ] /wd/ | INFO: Run WriteHtmlCache Behavior [ RunTime:0.000000s ]
[ 2016-09-21T20:31:25+08:00 ] /wd/ | INFO: Run ShowRuntime Behavior [ RunTime:0.000000s ]
[ 2016-09-21T20:31:25+08:00 ] /wd/ | INFO: Tag[ view_filter ] --END-- [ RunTime:0.010000s ]
[ 2016-09-21T20:31:25+08:00 ] /wd/ | INFO: Tag[ view_end ] --START--
[ 2016-09-21T20:31:25+08:00 ] /wd/ | INFO: Run ShowPageTrace Behavior [ RunTime:0.000000s ]
[ 2016-09-21T20:31:25+08:00 ] /wd/ | INFO: Tag[ view_end ] --END-- [ RunTime:0.000000s ]
[ 2016-09-21T20:31:25+08:00 ] /wd/index.php/Common/verify | INFO: Tag[ route_check ] --START--
[ 2016-09-21T20:31:25+08:00 ] /wd/index.php/Common/verify | INFO: Run CheckRoute Behavior [ RunTime:0.000000s ]
[ 2016-09-21T20:31:25+08:00 ] /wd/index.php/Common/verify | INFO: Tag[ route_check ] --END-- [ RunTime:0.000000s ]
[ 2016-09-21T20:31:25+08:00 ] /wd/index.php/Common/verify | INFO: Tag[ app_begin ] --START--
[ 2016-09-21T20:31:25+08:00 ] /wd/index.php/Common/verify | INFO: Run ReadHtmlCache Behavior [ RunTime:0.000000s ]
[ 2016-09-21T20:31:25+08:00 ] /wd/index.php/Common/verify | INFO: Tag[ app_begin ] --END-- [ RunTime:0.000000s ]
[ 2016-09-21T20:31:33+08:00 ] /wd/index.php/Common/checkLogin | INFO: Tag[ route_check ] --START--
[ 2016-09-21T20:31:33+08:00 ] /wd/index.php/Common/checkLogin | INFO: Run CheckRoute Behavior [ RunTime:0.000000s ]
[ 2016-09-21T20:31:33+08:00 ] /wd/index.php/Common/checkLogin | INFO: Tag[ route_check ] --END-- [ RunTime:0.000000s ]
[ 2016-09-21T20:31:33+08:00 ] /wd/index.php/Common/checkLogin | INFO: Tag[ app_begin ] --START--
[ 2016-09-21T20:31:33+08:00 ] /wd/index.php/Common/checkLogin | INFO: Run ReadHtmlCache Behavior [ RunTime:0.000000s ]
[ 2016-09-21T20:31:33+08:00 ] /wd/index.php/Common/checkLogin | INFO: Tag[ app_begin ] --END-- [ RunTime:0.000000s ]
[ 2016-09-21T20:31:43+08:00 ] /wd/index.php/Common/checkLogin | INFO: Tag[ route_check ] --START--
[ 2016-09-21T20:31:43+08:00 ] /wd/index.php/Common/checkLogin | INFO: Run CheckRoute Behavior [ RunTime:0.000000s ]
[ 2016-09-21T20:31:43+08:00 ] /wd/index.php/Common/checkLogin | INFO: Tag[ route_check ] --END-- [ RunTime:0.000000s ]
[ 2016-09-21T20:31:43+08:00 ] /wd/index.php/Common/checkLogin | INFO: Tag[ app_begin ] --START--
[ 2016-09-21T20:31:43+08:00 ] /wd/index.php/Common/checkLogin | INFO: Run ReadHtmlCache Behavior [ RunTime:0.000000s ]
[ 2016-09-21T20:31:43+08:00 ] /wd/index.php/Common/checkLogin | INFO: Tag[ app_begin ] --END-- [ RunTime:0.000000s ]
[ 2016-09-21T20:40:07+08:00 ] /wd/index.php/Common/checkLogin | INFO: Tag[ route_check ] --START--
[ 2016-09-21T20:40:07+08:00 ] /wd/index.php/Common/checkLogin | INFO: Run CheckRoute Behavior [ RunTime:0.000000s ]
[ 2016-09-21T20:40:07+08:00 ] /wd/index.php/Common/checkLogin | INFO: Tag[ route_check ] --END-- [ RunTime:0.000000s ]
[ 2016-09-21T20:40:07+08:00 ] /wd/index.php/Common/checkLogin | INFO: Tag[ app_begin ] --START--
[ 2016-09-21T20:40:07+08:00 ] /wd/index.php/Common/checkLogin | INFO: Run ReadHtmlCache Behavior [ RunTime:0.000000s ]
[ 2016-09-21T20:40:07+08:00 ] /wd/index.php/Common/checkLogin | INFO: Tag[ app_begin ] --END-- [ RunTime:0.000000s ]
[ 2016-09-21T20:40:09+08:00 ] /wd/ | INFO: Tag[ app_begin ] --START--
[ 2016-09-21T20:40:09+08:00 ] /wd/ | INFO: Run ReadHtmlCache Behavior [ RunTime:0.000000s ]
[ 2016-09-21T20:40:09+08:00 ] /wd/ | INFO: Tag[ app_begin ] --END-- [ RunTime:0.000000s ]
[ 2016-09-21T20:40:09+08:00 ] /wd/ | INFO: Tag[ view_template ] --START--
[ 2016-09-21T20:40:09+08:00 ] /wd/ | INFO: Run LocationTemplate Behavior [ RunTime:0.000000s ]
[ 2016-09-21T20:40:09+08:00 ] /wd/ | INFO: Tag[ view_template ] --END-- [ RunTime:0.000000s ]
[ 2016-09-21T20:40:09+08:00 ] /wd/ | INFO: Tag[ view_parse ] --START--
[ 2016-09-21T20:40:09+08:00 ] /wd/ | NOTIC: [2] Missing argument 2 for TagLib::parseXmlAttr(), called in D:\phpStudy\WWW\wd\Index\Lib\TagLib\TagLibHd.class.php on line 15 and defined TagLib.class.php 第 111 行.
[ 2016-09-21T20:40:09+08:00 ] /wd/ | NOTIC: [8] Undefined index: @attributes TagLib.class.php 第 120 行.
[ 2016-09-21T20:40:09+08:00 ] /wd/ | NOTIC: [2] array_change_key_case() expects parameter 1 to be array, null given TagLib.class.php 第 120 行.
[ 2016-09-21T20:40:10+08:00 ] /wd/ | SQL: SHOW COLUMNS FROM `hd_category` [ RunTime:0.000000s ]
[ 2016-09-21T20:40:10+08:00 ] /wd/ | NOTIC: [8] Undefined offset: 0 Model.class.php 第 270 行.
[ 2016-09-21T20:40:10+08:00 ] /wd/ | SQL: SELECT * FROM `hd_category` WHERE ( `pid` = 0 )  [ RunTime:0.000000s ]
[ 2016-09-21T20:40:10+08:00 ] /wd/ | INFO: Run ParseTemplate Behavior [ RunTime:1.050001s ]
[ 2016-09-21T20:40:10+08:00 ] /wd/ | INFO: Tag[ view_parse ] --END-- [ RunTime:1.050001s ]
[ 2016-09-21T20:40:10+08:00 ] /wd/ | INFO: Tag[ view_filter ] --START--
[ 2016-09-21T20:40:10+08:00 ] /wd/ | INFO: Run ContentReplace Behavior [ RunTime:0.000000s ]
[ 2016-09-21T20:40:10+08:00 ] /wd/ | INFO: Run TokenBuild Behavior [ RunTime:0.000000s ]
[ 2016-09-21T20:40:10+08:00 ] /wd/ | INFO: Run WriteHtmlCache Behavior [ RunTime:0.000000s ]
[ 2016-09-21T20:40:10+08:00 ] /wd/ | INFO: Run ShowRuntime Behavior [ RunTime:0.010000s ]
[ 2016-09-21T20:40:10+08:00 ] /wd/ | INFO: Tag[ view_filter ] --END-- [ RunTime:0.010000s ]
[ 2016-09-21T20:40:10+08:00 ] /wd/ | INFO: Tag[ view_end ] --START--
[ 2016-09-21T20:40:10+08:00 ] /wd/ | INFO: Run ShowPageTrace Behavior [ RunTime:0.000000s ]
[ 2016-09-21T20:40:10+08:00 ] /wd/ | INFO: Tag[ view_end ] --END-- [ RunTime:0.000000s ]
[ 2016-09-21T20:40:11+08:00 ] /wd/index.php/Common/verify | INFO: Tag[ route_check ] --START--
[ 2016-09-21T20:40:11+08:00 ] /wd/index.php/Common/verify | INFO: Run CheckRoute Behavior [ RunTime:0.001000s ]
[ 2016-09-21T20:40:11+08:00 ] /wd/index.php/Common/verify | INFO: Tag[ route_check ] --END-- [ RunTime:0.002000s ]
[ 2016-09-21T20:40:11+08:00 ] /wd/index.php/Common/verify | INFO: Tag[ app_begin ] --START--
[ 2016-09-21T20:40:11+08:00 ] /wd/index.php/Common/verify | INFO: Run ReadHtmlCache Behavior [ RunTime:0.001000s ]
[ 2016-09-21T20:40:11+08:00 ] /wd/index.php/Common/verify | INFO: Tag[ app_begin ] --END-- [ RunTime:0.001000s ]
[ 2016-09-21T20:40:19+08:00 ] /wd/index.php/Common/checkLogin | INFO: Tag[ route_check ] --START--
[ 2016-09-21T20:40:19+08:00 ] /wd/index.php/Common/checkLogin | INFO: Run CheckRoute Behavior [ RunTime:0.001000s ]
[ 2016-09-21T20:40:19+08:00 ] /wd/index.php/Common/checkLogin | INFO: Tag[ route_check ] --END-- [ RunTime:0.002000s ]
[ 2016-09-21T20:40:19+08:00 ] /wd/index.php/Common/checkLogin | INFO: Tag[ app_begin ] --START--
[ 2016-09-21T20:40:19+08:00 ] /wd/index.php/Common/checkLogin | INFO: Run ReadHtmlCache Behavior [ RunTime:0.001000s ]
[ 2016-09-21T20:40:19+08:00 ] /wd/index.php/Common/checkLogin | INFO: Tag[ app_begin ] --END-- [ RunTime:0.001000s ]
[ 2016-09-21T20:51:06+08:00 ] /wd/ | INFO: Tag[ app_begin ] --START--
[ 2016-09-21T20:51:06+08:00 ] /wd/ | INFO: Run ReadHtmlCache Behavior [ RunTime:0.000000s ]
[ 2016-09-21T20:51:06+08:00 ] /wd/ | INFO: Tag[ app_begin ] --END-- [ RunTime:0.000000s ]
[ 2016-09-21T20:51:06+08:00 ] /wd/ | INFO: Tag[ view_template ] --START--
[ 2016-09-21T20:51:06+08:00 ] /wd/ | INFO: Run LocationTemplate Behavior [ RunTime:0.010000s ]
[ 2016-09-21T20:51:06+08:00 ] /wd/ | INFO: Tag[ view_template ] --END-- [ RunTime:0.010000s ]
[ 2016-09-21T20:51:06+08:00 ] /wd/ | INFO: Tag[ view_parse ] --START--
[ 2016-09-21T20:51:07+08:00 ] /wd/ | NOTIC: [2] Missing argument 2 for TagLib::parseXmlAttr(), called in D:\phpStudy\WWW\wd\Index\Lib\TagLib\TagLibHd.class.php on line 15 and defined TagLib.class.php 第 111 行.
[ 2016-09-21T20:51:07+08:00 ] /wd/ | NOTIC: [8] Undefined index: @attributes TagLib.class.php 第 120 行.
[ 2016-09-21T20:51:07+08:00 ] /wd/ | NOTIC: [2] array_change_key_case() expects parameter 1 to be array, null given TagLib.class.php 第 120 行.
[ 2016-09-21T20:51:08+08:00 ] /wd/ | SQL: SHOW COLUMNS FROM `hd_category` [ RunTime:0.000000s ]
[ 2016-09-21T20:51:08+08:00 ] /wd/ | NOTIC: [8] Undefined offset: 0 Model.class.php 第 270 行.
[ 2016-09-21T20:51:08+08:00 ] /wd/ | SQL: SELECT * FROM `hd_category` WHERE ( `pid` = 0 )  [ RunTime:0.000000s ]
[ 2016-09-21T20:51:08+08:00 ] /wd/ | INFO: Run ParseTemplate Behavior [ RunTime:1.224004s ]
[ 2016-09-21T20:51:08+08:00 ] /wd/ | INFO: Tag[ view_parse ] --END-- [ RunTime:1.224004s ]
[ 2016-09-21T20:51:08+08:00 ] /wd/ | INFO: Tag[ view_filter ] --START--
[ 2016-09-21T20:51:08+08:00 ] /wd/ | INFO: Run ContentReplace Behavior [ RunTime:0.000000s ]
[ 2016-09-21T20:51:08+08:00 ] /wd/ | INFO: Run TokenBuild Behavior [ RunTime:0.000000s ]
[ 2016-09-21T20:51:08+08:00 ] /wd/ | INFO: Run WriteHtmlCache Behavior [ RunTime:0.000000s ]
[ 2016-09-21T20:51:08+08:00 ] /wd/ | INFO: Run ShowRuntime Behavior [ RunTime:0.000000s ]
[ 2016-09-21T20:51:08+08:00 ] /wd/ | INFO: Tag[ view_filter ] --END-- [ RunTime:0.000000s ]
[ 2016-09-21T20:51:08+08:00 ] /wd/ | INFO: Tag[ view_end ] --START--
[ 2016-09-21T20:51:08+08:00 ] /wd/ | INFO: Run ShowPageTrace Behavior [ RunTime:0.000000s ]
[ 2016-09-21T20:51:08+08:00 ] /wd/ | INFO: Tag[ view_end ] --END-- [ RunTime:0.000000s ]
[ 2016-09-21T20:51:08+08:00 ] /wd/index.php/Common/verify | INFO: Tag[ route_check ] --START--
[ 2016-09-21T20:51:08+08:00 ] /wd/index.php/Common/verify | INFO: Run CheckRoute Behavior [ RunTime:0.000000s ]
[ 2016-09-21T20:51:08+08:00 ] /wd/index.php/Common/verify | INFO: Tag[ route_check ] --END-- [ RunTime:0.000000s ]
[ 2016-09-21T20:51:08+08:00 ] /wd/index.php/Common/verify | INFO: Tag[ app_begin ] --START--
[ 2016-09-21T20:51:08+08:00 ] /wd/index.php/Common/verify | INFO: Run ReadHtmlCache Behavior [ RunTime:0.000000s ]
[ 2016-09-21T20:51:08+08:00 ] /wd/index.php/Common/verify | INFO: Tag[ app_begin ] --END-- [ RunTime:0.000000s ]
[ 2016-09-21T20:51:14+08:00 ] /wd/index.php/Common/checkLogin | INFO: Tag[ route_check ] --START--
[ 2016-09-21T20:51:14+08:00 ] /wd/index.php/Common/checkLogin | INFO: Run CheckRoute Behavior [ RunTime:0.000000s ]
[ 2016-09-21T20:51:14+08:00 ] /wd/index.php/Common/checkLogin | INFO: Tag[ route_check ] --END-- [ RunTime:0.000000s ]
[ 2016-09-21T20:51:14+08:00 ] /wd/index.php/Common/checkLogin | INFO: Tag[ app_begin ] --START--
[ 2016-09-21T20:51:14+08:00 ] /wd/index.php/Common/checkLogin | INFO: Run ReadHtmlCache Behavior [ RunTime:0.000000s ]
[ 2016-09-21T20:51:14+08:00 ] /wd/index.php/Common/checkLogin | INFO: Tag[ app_begin ] --END-- [ RunTime:0.000000s ]
[ 2016-09-21T20:51:15+08:00 ] /wd/index.php/Common/checkLogin | SQL: SHOW COLUMNS FROM `hd_user` [ RunTime:0.030000s ]
[ 2016-09-21T20:51:15+08:00 ] /wd/index.php/Common/checkLogin | SQL: SELECT `password` FROM `hd_user` WHERE ( `account` = null ) LIMIT 1   [ RunTime:0.000000s ]
[ 2016-09-21T20:51:23+08:00 ] /wd/index.php/Index/login | ERR: (ThinkException) 非法操作login
[ 2016-09-21T20:51:26+08:00 ] /wd/index.php/Common/verify | INFO: Tag[ route_check ] --START--
[ 2016-09-21T20:51:26+08:00 ] /wd/index.php/Common/verify | INFO: Run CheckRoute Behavior [ RunTime:0.010000s ]
[ 2016-09-21T20:51:26+08:00 ] /wd/index.php/Common/verify | INFO: Tag[ route_check ] --END-- [ RunTime:0.010000s ]
[ 2016-09-21T20:51:26+08:00 ] /wd/index.php/Common/verify | INFO: Tag[ app_begin ] --START--
[ 2016-09-21T20:51:26+08:00 ] /wd/index.php/Common/verify | INFO: Run ReadHtmlCache Behavior [ RunTime:0.000000s ]
[ 2016-09-21T20:51:26+08:00 ] /wd/index.php/Common/verify | INFO: Tag[ app_begin ] --END-- [ RunTime:0.000000s ]
[ 2016-09-21T20:51:29+08:00 ] /wd/ | INFO: Tag[ app_begin ] --START--
[ 2016-09-21T20:51:29+08:00 ] /wd/ | INFO: Run ReadHtmlCache Behavior [ RunTime:0.003000s ]
[ 2016-09-21T20:51:29+08:00 ] /wd/ | INFO: Tag[ app_begin ] --END-- [ RunTime:0.004000s ]
[ 2016-09-21T20:51:29+08:00 ] /wd/ | INFO: Tag[ view_template ] --START--
[ 2016-09-21T20:51:29+08:00 ] /wd/ | INFO: Run LocationTemplate Behavior [ RunTime:0.002000s ]
[ 2016-09-21T20:51:29+08:00 ] /wd/ | INFO: Tag[ view_template ] --END-- [ RunTime:0.002000s ]
[ 2016-09-21T20:51:29+08:00 ] /wd/ | INFO: Tag[ view_parse ] --START--
[ 2016-09-21T20:51:29+08:00 ] /wd/ | NOTIC: [2] Missing argument 2 for TagLib::parseXmlAttr(), called in D:\phpStudy\WWW\wd\Index\Lib\TagLib\TagLibHd.class.php on line 15 and defined TagLib.class.php 第 111 行.
[ 2016-09-21T20:51:29+08:00 ] /wd/ | NOTIC: [8] Undefined index: @attributes TagLib.class.php 第 120 行.
[ 2016-09-21T20:51:29+08:00 ] /wd/ | NOTIC: [2] array_change_key_case() expects parameter 1 to be array, null given TagLib.class.php 第 120 行.
[ 2016-09-21T20:51:30+08:00 ] /wd/ | SQL: SHOW COLUMNS FROM `hd_category` [ RunTime:0.020000s ]
[ 2016-09-21T20:51:30+08:00 ] /wd/ | NOTIC: [8] Undefined offset: 0 Model.class.php 第 270 行.
[ 2016-09-21T20:51:30+08:00 ] /wd/ | SQL: SELECT * FROM `hd_category` WHERE ( `pid` = 0 )  [ RunTime:0.010000s ]
[ 2016-09-21T20:51:30+08:00 ] /wd/ | INFO: Run ParseTemplate Behavior [ RunTime:1.137019s ]
[ 2016-09-21T20:51:30+08:00 ] /wd/ | INFO: Tag[ view_parse ] --END-- [ RunTime:1.137019s ]
[ 2016-09-21T20:51:30+08:00 ] /wd/ | INFO: Tag[ view_filter ] --START--
[ 2016-09-21T20:51:30+08:00 ] /wd/ | INFO: Run ContentReplace Behavior [ RunTime:0.000000s ]
[ 2016-09-21T20:51:30+08:00 ] /wd/ | INFO: Run TokenBuild Behavior [ RunTime:0.010000s ]
[ 2016-09-21T20:51:30+08:00 ] /wd/ | INFO: Run WriteHtmlCache Behavior [ RunTime:0.002001s ]
[ 2016-09-21T20:51:30+08:00 ] /wd/ | INFO: Run ShowRuntime Behavior [ RunTime:0.003000s ]
[ 2016-09-21T20:51:30+08:00 ] /wd/ | INFO: Tag[ view_filter ] --END-- [ RunTime:0.015001s ]
[ 2016-09-21T20:51:30+08:00 ] /wd/ | INFO: Tag[ view_end ] --START--
[ 2016-09-21T20:51:30+08:00 ] /wd/ | INFO: Run ShowPageTrace Behavior [ RunTime:0.003000s ]
[ 2016-09-21T20:51:30+08:00 ] /wd/ | INFO: Tag[ view_end ] --END-- [ RunTime:0.004000s ]
[ 2016-09-21T20:51:30+08:00 ] /wd/index.php/Common/verify | INFO: Tag[ route_check ] --START--
[ 2016-09-21T20:51:30+08:00 ] /wd/index.php/Common/verify | INFO: Run CheckRoute Behavior [ RunTime:0.000000s ]
[ 2016-09-21T20:51:30+08:00 ] /wd/index.php/Common/verify | INFO: Tag[ route_check ] --END-- [ RunTime:0.000000s ]
[ 2016-09-21T20:51:30+08:00 ] /wd/index.php/Common/verify | INFO: Tag[ app_begin ] --START--
[ 2016-09-21T20:51:30+08:00 ] /wd/index.php/Common/verify | INFO: Run ReadHtmlCache Behavior [ RunTime:0.000000s ]
[ 2016-09-21T20:51:30+08:00 ] /wd/index.php/Common/verify | INFO: Tag[ app_begin ] --END-- [ RunTime:0.000000s ]
[ 2016-09-21T20:51:37+08:00 ] /wd/index.php/Common/checkLogin | INFO: Tag[ route_check ] --START--
[ 2016-09-21T20:51:37+08:00 ] /wd/index.php/Common/checkLogin | INFO: Run CheckRoute Behavior [ RunTime:0.000000s ]
[ 2016-09-21T20:51:37+08:00 ] /wd/index.php/Common/checkLogin | INFO: Tag[ route_check ] --END-- [ RunTime:0.000000s ]
[ 2016-09-21T20:51:37+08:00 ] /wd/index.php/Common/checkLogin | INFO: Tag[ app_begin ] --START--
[ 2016-09-21T20:51:37+08:00 ] /wd/index.php/Common/checkLogin | INFO: Run ReadHtmlCache Behavior [ RunTime:0.000000s ]
[ 2016-09-21T20:51:37+08:00 ] /wd/index.php/Common/checkLogin | INFO: Tag[ app_begin ] --END-- [ RunTime:0.000000s ]
[ 2016-09-21T20:51:38+08:00 ] /wd/index.php/Common/checkLogin | SQL: SHOW COLUMNS FROM `hd_user` [ RunTime:0.000000s ]
[ 2016-09-21T20:51:38+08:00 ] /wd/index.php/Common/checkLogin | SQL: SELECT `password` FROM `hd_user` WHERE ( `account` = null ) LIMIT 1   [ RunTime:0.000000s ]
[ 2016-09-21T21:05:27+08:00 ] /wd/ | INFO: Tag[ app_begin ] --START--
[ 2016-09-21T21:05:27+08:00 ] /wd/ | INFO: Run ReadHtmlCache Behavior [ RunTime:0.000000s ]
[ 2016-09-21T21:05:27+08:00 ] /wd/ | INFO: Tag[ app_begin ] --END-- [ RunTime:0.000000s ]
[ 2016-09-21T21:05:27+08:00 ] /wd/ | INFO: Tag[ view_template ] --START--
[ 2016-09-21T21:05:27+08:00 ] /wd/ | INFO: Run LocationTemplate Behavior [ RunTime:0.000000s ]
[ 2016-09-21T21:05:27+08:00 ] /wd/ | INFO: Tag[ view_template ] --END-- [ RunTime:0.000000s ]
[ 2016-09-21T21:05:27+08:00 ] /wd/ | INFO: Tag[ view_parse ] --START--
[ 2016-09-21T21:05:27+08:00 ] /wd/ | NOTIC: [2] Missing argument 2 for TagLib::parseXmlAttr(), called in D:\phpStudy\WWW\wd\Index\Lib\TagLib\TagLibHd.class.php on line 15 and defined TagLib.class.php 第 111 行.
[ 2016-09-21T21:05:27+08:00 ] /wd/ | NOTIC: [8] Undefined index: @attributes TagLib.class.php 第 120 行.
[ 2016-09-21T21:05:27+08:00 ] /wd/ | NOTIC: [2] array_change_key_case() expects parameter 1 to be array, null given TagLib.class.php 第 120 行.
[ 2016-09-21T21:05:28+08:00 ] /wd/ | SQL: SHOW COLUMNS FROM `hd_category` [ RunTime:0.000000s ]
[ 2016-09-21T21:05:28+08:00 ] /wd/ | NOTIC: [8] Undefined offset: 0 Model.class.php 第 270 行.
[ 2016-09-21T21:05:28+08:00 ] /wd/ | SQL: SELECT * FROM `hd_category` WHERE ( `pid` = 0 )  [ RunTime:0.000000s ]
[ 2016-09-21T21:05:28+08:00 ] /wd/ | INFO: Run ParseTemplate Behavior [ RunTime:1.032002s ]
[ 2016-09-21T21:05:28+08:00 ] /wd/ | INFO: Tag[ view_parse ] --END-- [ RunTime:1.032002s ]
[ 2016-09-21T21:05:28+08:00 ] /wd/ | INFO: Tag[ view_filter ] --START--
[ 2016-09-21T21:05:28+08:00 ] /wd/ | INFO: Run ContentReplace Behavior [ RunTime:0.000000s ]
[ 2016-09-21T21:05:28+08:00 ] /wd/ | INFO: Run TokenBuild Behavior [ RunTime:0.000000s ]
[ 2016-09-21T21:05:28+08:00 ] /wd/ | INFO: Run WriteHtmlCache Behavior [ RunTime:0.010000s ]
[ 2016-09-21T21:05:28+08:00 ] /wd/ | INFO: Run ShowRuntime Behavior [ RunTime:0.000000s ]
[ 2016-09-21T21:05:28+08:00 ] /wd/ | INFO: Tag[ view_filter ] --END-- [ RunTime:0.010000s ]
[ 2016-09-21T21:05:28+08:00 ] /wd/ | INFO: Tag[ view_end ] --START--
[ 2016-09-21T21:05:28+08:00 ] /wd/ | INFO: Run ShowPageTrace Behavior [ RunTime:0.000000s ]
[ 2016-09-21T21:05:28+08:00 ] /wd/ | INFO: Tag[ view_end ] --END-- [ RunTime:0.000000s ]
[ 2016-09-21T21:05:29+08:00 ] /wd/index.php/Common/verify | INFO: Tag[ route_check ] --START--
[ 2016-09-21T21:05:29+08:00 ] /wd/index.php/Common/verify | INFO: Run CheckRoute Behavior [ RunTime:0.001000s ]
[ 2016-09-21T21:05:29+08:00 ] /wd/index.php/Common/verify | INFO: Tag[ route_check ] --END-- [ RunTime:0.002000s ]
[ 2016-09-21T21:05:29+08:00 ] /wd/index.php/Common/verify | INFO: Tag[ app_begin ] --START--
[ 2016-09-21T21:05:29+08:00 ] /wd/index.php/Common/verify | INFO: Run ReadHtmlCache Behavior [ RunTime:0.001000s ]
[ 2016-09-21T21:05:29+08:00 ] /wd/index.php/Common/verify | INFO: Tag[ app_begin ] --END-- [ RunTime:0.001000s ]
[ 2016-09-21T21:06:08+08:00 ] /wd/index.php/Index/login | ERR: (ThinkException) 非法操作login
[ 2016-09-21T21:06:12+08:00 ] /wd/index.php/Common/verify | INFO: Tag[ route_check ] --START--
[ 2016-09-21T21:06:12+08:00 ] /wd/index.php/Common/verify | INFO: Run CheckRoute Behavior [ RunTime:0.000000s ]
[ 2016-09-21T21:06:12+08:00 ] /wd/index.php/Common/verify | INFO: Tag[ route_check ] --END-- [ RunTime:0.000000s ]
[ 2016-09-21T21:06:12+08:00 ] /wd/index.php/Common/verify | INFO: Tag[ app_begin ] --START--
[ 2016-09-21T21:06:12+08:00 ] /wd/index.php/Common/verify | INFO: Run ReadHtmlCache Behavior [ RunTime:0.000000s ]
[ 2016-09-21T21:06:12+08:00 ] /wd/index.php/Common/verify | INFO: Tag[ app_begin ] --END-- [ RunTime:0.000000s ]
[ 2016-09-21T21:06:25+08:00 ] /wd/index.php/Index/login | ERR: (ThinkException) 非法操作login
[ 2016-09-21T21:06:30+08:00 ] /wd/index.php/Common/verify | INFO: Tag[ route_check ] --START--
[ 2016-09-21T21:06:30+08:00 ] /wd/index.php/Common/verify | INFO: Run CheckRoute Behavior [ RunTime:0.000000s ]
[ 2016-09-21T21:06:30+08:00 ] /wd/index.php/Common/verify | INFO: Tag[ route_check ] --END-- [ RunTime:0.000000s ]
[ 2016-09-21T21:06:30+08:00 ] /wd/index.php/Common/verify | INFO: Tag[ app_begin ] --START--
[ 2016-09-21T21:06:30+08:00 ] /wd/index.php/Common/verify | INFO: Run ReadHtmlCache Behavior [ RunTime:0.000000s ]
[ 2016-09-21T21:06:30+08:00 ] /wd/index.php/Common/verify | INFO: Tag[ app_begin ] --END-- [ RunTime:0.000000s ]
[ 2016-09-21T21:06:55+08:00 ] /wd/index.php/Common/verify | INFO: Tag[ route_check ] --START--
[ 2016-09-21T21:06:55+08:00 ] /wd/index.php/Common/verify | INFO: Run CheckRoute Behavior [ RunTime:0.000000s ]
[ 2016-09-21T21:06:55+08:00 ] /wd/index.php/Common/verify | INFO: Tag[ route_check ] --END-- [ RunTime:0.000000s ]
[ 2016-09-21T21:06:55+08:00 ] /wd/index.php/Common/verify | INFO: Tag[ app_begin ] --START--
[ 2016-09-21T21:06:55+08:00 ] /wd/index.php/Common/verify | INFO: Run ReadHtmlCache Behavior [ RunTime:0.000000s ]
[ 2016-09-21T21:06:55+08:00 ] /wd/index.php/Common/verify | INFO: Tag[ app_begin ] --END-- [ RunTime:0.000000s ]
[ 2016-09-21T21:08:43+08:00 ] /wd/index.php/Index/login | ERR: (ThinkException) 非法操作login
[ 2016-09-21T21:08:47+08:00 ] /wd/index.php/Common/verify | INFO: Tag[ route_check ] --START--
[ 2016-09-21T21:08:47+08:00 ] /wd/index.php/Common/verify | INFO: Run CheckRoute Behavior [ RunTime:0.000000s ]
[ 2016-09-21T21:08:47+08:00 ] /wd/index.php/Common/verify | INFO: Tag[ route_check ] --END-- [ RunTime:0.000000s ]
[ 2016-09-21T21:08:47+08:00 ] /wd/index.php/Common/verify | INFO: Tag[ app_begin ] --START--
[ 2016-09-21T21:08:47+08:00 ] /wd/index.php/Common/verify | INFO: Run ReadHtmlCache Behavior [ RunTime:0.000000s ]
[ 2016-09-21T21:08:47+08:00 ] /wd/index.php/Common/verify | INFO: Tag[ app_begin ] --END-- [ RunTime:0.000000s ]
[ 2016-09-21T21:14:19+08:00 ] /wd/ | INFO: Tag[ app_begin ] --START--
[ 2016-09-21T21:14:19+08:00 ] /wd/ | INFO: Run ReadHtmlCache Behavior [ RunTime:0.001000s ]
[ 2016-09-21T21:14:19+08:00 ] /wd/ | INFO: Tag[ app_begin ] --END-- [ RunTime:0.001000s ]
[ 2016-09-21T21:14:19+08:00 ] /wd/ | INFO: Tag[ view_template ] --START--
[ 2016-09-21T21:14:19+08:00 ] /wd/ | INFO: Run LocationTemplate Behavior [ RunTime:0.002000s ]
[ 2016-09-21T21:14:19+08:00 ] /wd/ | INFO: Tag[ view_template ] --END-- [ RunTime:0.002000s ]
[ 2016-09-21T21:14:19+08:00 ] /wd/ | INFO: Tag[ view_parse ] --START--
[ 2016-09-21T21:14:19+08:00 ] /wd/ | NOTIC: [2] Missing argument 2 for TagLib::parseXmlAttr(), called in D:\phpStudy\WWW\wd\Index\Lib\TagLib\TagLibHd.class.php on line 15 and defined TagLib.class.php 第 111 行.
[ 2016-09-21T21:14:19+08:00 ] /wd/ | NOTIC: [8] Undefined index: @attributes TagLib.class.php 第 120 行.
[ 2016-09-21T21:14:19+08:00 ] /wd/ | NOTIC: [2] array_change_key_case() expects parameter 1 to be array, null given TagLib.class.php 第 120 行.
[ 2016-09-21T21:14:20+08:00 ] /wd/ | SQL: SHOW COLUMNS FROM `hd_category` [ RunTime:0.006001s ]
[ 2016-09-21T21:14:20+08:00 ] /wd/ | NOTIC: [8] Undefined offset: 0 Model.class.php 第 270 行.
[ 2016-09-21T21:14:20+08:00 ] /wd/ | SQL: SELECT * FROM `hd_category` WHERE ( `pid` = 0 )  [ RunTime:0.001000s ]
[ 2016-09-21T21:14:20+08:00 ] /wd/ | INFO: Run ParseTemplate Behavior [ RunTime:1.043060s ]
[ 2016-09-21T21:14:20+08:00 ] /wd/ | INFO: Tag[ view_parse ] --END-- [ RunTime:1.043060s ]
[ 2016-09-21T21:14:20+08:00 ] /wd/ | INFO: Tag[ view_filter ] --START--
[ 2016-09-21T21:14:20+08:00 ] /wd/ | INFO: Run ContentReplace Behavior [ RunTime:0.002000s ]
[ 2016-09-21T21:14:20+08:00 ] /wd/ | INFO: Run TokenBuild Behavior [ RunTime:0.001000s ]
[ 2016-09-21T21:14:20+08:00 ] /wd/ | INFO: Run WriteHtmlCache Behavior [ RunTime:0.000000s ]
[ 2016-09-21T21:14:20+08:00 ] /wd/ | INFO: Run ShowRuntime Behavior [ RunTime:0.001000s ]
[ 2016-09-21T21:14:20+08:00 ] /wd/ | INFO: Tag[ view_filter ] --END-- [ RunTime:0.005000s ]
[ 2016-09-21T21:14:20+08:00 ] /wd/ | INFO: Tag[ view_end ] --START--
[ 2016-09-21T21:14:20+08:00 ] /wd/ | INFO: Run ShowPageTrace Behavior [ RunTime:0.001000s ]
[ 2016-09-21T21:14:20+08:00 ] /wd/ | INFO: Tag[ view_end ] --END-- [ RunTime:0.001000s ]
[ 2016-09-21T21:14:20+08:00 ] /wd/index.php/Common/verify | INFO: Tag[ route_check ] --START--
[ 2016-09-21T21:14:20+08:00 ] /wd/index.php/Common/verify | INFO: Run CheckRoute Behavior [ RunTime:0.001000s ]
[ 2016-09-21T21:14:20+08:00 ] /wd/index.php/Common/verify | INFO: Tag[ route_check ] --END-- [ RunTime:0.001000s ]
[ 2016-09-21T21:14:20+08:00 ] /wd/index.php/Common/verify | INFO: Tag[ app_begin ] --START--
[ 2016-09-21T21:14:20+08:00 ] /wd/index.php/Common/verify | INFO: Run ReadHtmlCache Behavior [ RunTime:0.001000s ]
[ 2016-09-21T21:14:20+08:00 ] /wd/index.php/Common/verify | INFO: Tag[ app_begin ] --END-- [ RunTime:0.001000s ]
