[ 2016-09-27T20:41:30+08:00 ] /wd/ | INFO: Tag[ app_begin ] --START--
[ 2016-09-27T20:41:30+08:00 ] /wd/ | INFO: Run ReadHtmlCache Behavior [ RunTime:0.002001s ]
[ 2016-09-27T20:41:30+08:00 ] /wd/ | INFO: Tag[ app_begin ] --END-- [ RunTime:0.002001s ]
[ 2016-09-27T20:41:31+08:00 ] /wd/ | SQL: SHOW COLUMNS FROM `hd_category` [ RunTime:0.016001s ]
[ 2016-09-27T20:41:31+08:00 ] /wd/ | SQL: SELECT * FROM `hd_category` WHERE ( `pid` = 0 )  [ RunTime:0.001000s ]
[ 2016-09-27T20:41:31+08:00 ] /wd/ | SQL: SELECT * FROM `hd_category` WHERE ( `pid` = '31' )  [ RunTime:0.000000s ]
[ 2016-09-27T20:41:31+08:00 ] /wd/ | SQL: SELECT * FROM `hd_category` WHERE ( `pid` = '25' )  [ RunTime:0.001000s ]
[ 2016-09-27T20:41:31+08:00 ] /wd/ | SQL: SELECT * FROM `hd_category` WHERE ( `pid` = '44' )  [ RunTime:0.000000s ]
[ 2016-09-27T20:41:31+08:00 ] /wd/ | INFO: Tag[ view_template ] --START--
[ 2016-09-27T20:41:31+08:00 ] /wd/ | INFO: Run LocationTemplate Behavior [ RunTime:0.001000s ]
[ 2016-09-27T20:41:31+08:00 ] /wd/ | INFO: Tag[ view_template ] --END-- [ RunTime:0.001000s ]
[ 2016-09-27T20:41:31+08:00 ] /wd/ | INFO: Tag[ view_parse ] --START--
[ 2016-09-27T20:41:31+08:00 ] /wd/ | NOTIC: [2] Missing argument 2 for TagLib::parseXmlAttr(), called in D:\phpStudy\WWW\wd\Index\Lib\TagLib\TagLibHd.class.php on line 16 and defined TagLib.class.php 第 111 行.
[ 2016-09-27T20:41:31+08:00 ] /wd/ | NOTIC: [8] Undefined index: @attributes TagLib.class.php 第 120 行.
[ 2016-09-27T20:41:31+08:00 ] /wd/ | NOTIC: [2] array_change_key_case() expects parameter 1 to be array, null given TagLib.class.php 第 120 行.
[ 2016-09-27T20:41:31+08:00 ] /wd/ | NOTIC: [2] Missing argument 2 for TagLib::parseXmlAttr(), called in D:\phpStudy\WWW\wd\Index\Lib\TagLib\TagLibHd.class.php on line 33 and defined TagLib.class.php 第 111 行.
[ 2016-09-27T20:41:31+08:00 ] /wd/ | NOTIC: [8] Undefined variable: tag TagLib.class.php 第 122 行.
[ 2016-09-27T20:41:31+08:00 ] /wd/ | NOTIC: [8] Undefined index:  TagLib.class.php 第 122 行.
[ 2016-09-27T20:41:31+08:00 ] /wd/ | NOTIC: [8] Undefined offset: 0 Model.class.php 第 270 行.
[ 2016-09-27T20:41:31+08:00 ] /wd/ | SQL: SELECT * FROM `hd_category` WHERE ( `pid` = 0 )  [ RunTime:0.000000s ]
[ 2016-09-27T20:41:31+08:00 ] /wd/ | SQL: SHOW COLUMNS FROM `hd_user` [ RunTime:0.016001s ]
[ 2016-09-27T20:41:31+08:00 ] /wd/ | SQL: SELECT `id`,`username`,`face`,`answer`,`adopt`,`ask`,`point`,`exp` FROM `hd_user` WHERE ( `id` = '6' ) LIMIT 1   [ RunTime:0.001000s ]
[ 2016-09-27T20:41:31+08:00 ] /wd/ | NOTIC: [2] Division by zero f9c22b8b40e560036663a0ce7ed378ae.php 第 231 行.
[ 2016-09-27T20:41:31+08:00 ] /wd/ | INFO: Run ParseTemplate Behavior [ RunTime:0.037002s ]
[ 2016-09-27T20:41:31+08:00 ] /wd/ | INFO: Tag[ view_parse ] --END-- [ RunTime:0.037002s ]
[ 2016-09-27T20:41:31+08:00 ] /wd/ | INFO: Tag[ view_filter ] --START--
[ 2016-09-27T20:41:31+08:00 ] /wd/ | INFO: Run ContentReplace Behavior [ RunTime:0.001000s ]
[ 2016-09-27T20:41:31+08:00 ] /wd/ | INFO: Run TokenBuild Behavior [ RunTime:0.001000s ]
[ 2016-09-27T20:41:31+08:00 ] /wd/ | INFO: Run WriteHtmlCache Behavior [ RunTime:0.001000s ]
[ 2016-09-27T20:41:31+08:00 ] /wd/ | INFO: Run ShowRuntime Behavior [ RunTime:0.001000s ]
[ 2016-09-27T20:41:31+08:00 ] /wd/ | INFO: Tag[ view_filter ] --END-- [ RunTime:0.004000s ]
[ 2016-09-27T20:41:31+08:00 ] /wd/ | INFO: Tag[ view_end ] --START--
[ 2016-09-27T20:41:31+08:00 ] /wd/ | INFO: Run ShowPageTrace Behavior [ RunTime:0.001001s ]
[ 2016-09-27T20:41:31+08:00 ] /wd/ | INFO: Tag[ view_end ] --END-- [ RunTime:0.002001s ]
[ 2016-09-27T20:41:32+08:00 ] /wd/index.php/Common/verify | INFO: Tag[ route_check ] --START--
[ 2016-09-27T20:41:32+08:00 ] /wd/index.php/Common/verify | INFO: Run CheckRoute Behavior [ RunTime:0.002000s ]
[ 2016-09-27T20:41:32+08:00 ] /wd/index.php/Common/verify | INFO: Tag[ route_check ] --END-- [ RunTime:0.002000s ]
[ 2016-09-27T20:41:32+08:00 ] /wd/index.php/Common/verify | INFO: Tag[ app_begin ] --START--
[ 2016-09-27T20:41:32+08:00 ] /wd/index.php/Common/verify | INFO: Run ReadHtmlCache Behavior [ RunTime:0.001000s ]
[ 2016-09-27T20:41:32+08:00 ] /wd/index.php/Common/verify | INFO: Tag[ app_begin ] --END-- [ RunTime:0.001000s ]
[ 2016-09-27T20:44:55+08:00 ] /wd/ | INFO: Tag[ app_begin ] --START--
[ 2016-09-27T20:44:55+08:00 ] /wd/ | INFO: Run ReadHtmlCache Behavior [ RunTime:0.002000s ]
[ 2016-09-27T20:44:55+08:00 ] /wd/ | INFO: Tag[ app_begin ] --END-- [ RunTime:0.002000s ]
[ 2016-09-27T20:44:55+08:00 ] /wd/ | INFO: Tag[ view_template ] --START--
[ 2016-09-27T20:44:55+08:00 ] /wd/ | INFO: Run LocationTemplate Behavior [ RunTime:0.000000s ]
[ 2016-09-27T20:44:55+08:00 ] /wd/ | INFO: Tag[ view_template ] --END-- [ RunTime:0.002001s ]
[ 2016-09-27T20:44:55+08:00 ] /wd/ | INFO: Tag[ view_parse ] --START--
[ 2016-09-27T20:44:55+08:00 ] /wd/ | NOTIC: [2] Missing argument 2 for TagLib::parseXmlAttr(), called in D:\phpStudy\WWW\wd\Index\Lib\TagLib\TagLibHd.class.php on line 16 and defined TagLib.class.php 第 111 行.
[ 2016-09-27T20:44:55+08:00 ] /wd/ | NOTIC: [8] Undefined index: @attributes TagLib.class.php 第 120 行.
[ 2016-09-27T20:44:55+08:00 ] /wd/ | NOTIC: [2] array_change_key_case() expects parameter 1 to be array, null given TagLib.class.php 第 120 行.
[ 2016-09-27T20:44:55+08:00 ] /wd/ | NOTIC: [2] Missing argument 2 for TagLib::parseXmlAttr(), called in D:\phpStudy\WWW\wd\Index\Lib\TagLib\TagLibHd.class.php on line 33 and defined TagLib.class.php 第 111 行.
[ 2016-09-27T20:44:55+08:00 ] /wd/ | NOTIC: [8] Undefined variable: tag TagLib.class.php 第 122 行.
[ 2016-09-27T20:44:55+08:00 ] /wd/ | NOTIC: [8] Undefined index:  TagLib.class.php 第 122 行.
[ 2016-09-27T20:44:57+08:00 ] /wd/ | SQL: SHOW COLUMNS FROM `hd_category` [ RunTime:0.012001s ]
[ 2016-09-27T20:44:57+08:00 ] /wd/ | NOTIC: [8] Undefined offset: 0 Model.class.php 第 270 行.
[ 2016-09-27T20:44:57+08:00 ] /wd/ | SQL: SELECT * FROM `hd_category` WHERE ( `pid` = 0 )  [ RunTime:0.000000s ]
[ 2016-09-27T20:44:57+08:00 ] /wd/ | SQL: SHOW COLUMNS FROM `hd_user` [ RunTime:0.015001s ]
[ 2016-09-27T20:44:57+08:00 ] /wd/ | SQL: SELECT `id`,`username`,`face`,`answer`,`adopt`,`ask`,`point`,`exp` FROM `hd_user` WHERE ( `id` = '6' ) LIMIT 1   [ RunTime:0.000000s ]
[ 2016-09-27T20:44:57+08:00 ] /wd/ | NOTIC: [2] Division by zero f9c22b8b40e560036663a0ce7ed378ae.php 第 231 行.
[ 2016-09-27T20:44:57+08:00 ] /wd/ | INFO: Run ParseTemplate Behavior [ RunTime:1.050060s ]
[ 2016-09-27T20:44:57+08:00 ] /wd/ | INFO: Tag[ view_parse ] --END-- [ RunTime:1.050060s ]
[ 2016-09-27T20:44:57+08:00 ] /wd/ | INFO: Tag[ view_filter ] --START--
[ 2016-09-27T20:44:57+08:00 ] /wd/ | INFO: Run ContentReplace Behavior [ RunTime:0.001000s ]
[ 2016-09-27T20:44:57+08:00 ] /wd/ | INFO: Run TokenBuild Behavior [ RunTime:0.000000s ]
[ 2016-09-27T20:44:57+08:00 ] /wd/ | INFO: Run WriteHtmlCache Behavior [ RunTime:0.001000s ]
[ 2016-09-27T20:44:57+08:00 ] /wd/ | INFO: Run ShowRuntime Behavior [ RunTime:0.000000s ]
[ 2016-09-27T20:44:57+08:00 ] /wd/ | INFO: Tag[ view_filter ] --END-- [ RunTime:0.002000s ]
[ 2016-09-27T20:44:57+08:00 ] /wd/ | INFO: Tag[ view_end ] --START--
[ 2016-09-27T20:44:57+08:00 ] /wd/ | INFO: Run ShowPageTrace Behavior [ RunTime:0.001000s ]
[ 2016-09-27T20:44:57+08:00 ] /wd/ | INFO: Tag[ view_end ] --END-- [ RunTime:0.001000s ]
[ 2016-09-27T20:44:57+08:00 ] /wd/index.php/Common/verify | INFO: Tag[ route_check ] --START--
[ 2016-09-27T20:44:57+08:00 ] /wd/index.php/Common/verify | INFO: Run CheckRoute Behavior [ RunTime:0.002000s ]
[ 2016-09-27T20:44:57+08:00 ] /wd/index.php/Common/verify | INFO: Tag[ route_check ] --END-- [ RunTime:0.002000s ]
[ 2016-09-27T20:44:57+08:00 ] /wd/index.php/Common/verify | INFO: Tag[ app_begin ] --START--
[ 2016-09-27T20:44:57+08:00 ] /wd/index.php/Common/verify | INFO: Run ReadHtmlCache Behavior [ RunTime:0.001000s ]
[ 2016-09-27T20:44:57+08:00 ] /wd/index.php/Common/verify | INFO: Tag[ app_begin ] --END-- [ RunTime:0.001000s ]
[ 2016-09-27T20:45:51+08:00 ] /wd/index.php/Member/index/id/6 | INFO: Tag[ route_check ] --START--
[ 2016-09-27T20:45:51+08:00 ] /wd/index.php/Member/index/id/6 | INFO: Run CheckRoute Behavior [ RunTime:0.001000s ]
[ 2016-09-27T20:45:51+08:00 ] /wd/index.php/Member/index/id/6 | INFO: Tag[ route_check ] --END-- [ RunTime:0.001000s ]
[ 2016-09-27T20:45:51+08:00 ] /wd/index.php/Member/index/id/6 | INFO: Tag[ app_begin ] --START--
[ 2016-09-27T20:45:51+08:00 ] /wd/index.php/Member/index/id/6 | INFO: Run ReadHtmlCache Behavior [ RunTime:0.001000s ]
[ 2016-09-27T20:45:51+08:00 ] /wd/index.php/Member/index/id/6 | INFO: Tag[ app_begin ] --END-- [ RunTime:0.001000s ]
[ 2016-09-27T20:45:53+08:00 ] /wd/index.php/Common/verify | INFO: Tag[ route_check ] --START--
[ 2016-09-27T20:45:53+08:00 ] /wd/index.php/Common/verify | INFO: Run CheckRoute Behavior [ RunTime:0.001000s ]
[ 2016-09-27T20:45:53+08:00 ] /wd/index.php/Common/verify | INFO: Tag[ route_check ] --END-- [ RunTime:0.002000s ]
[ 2016-09-27T20:45:53+08:00 ] /wd/index.php/Common/verify | INFO: Tag[ app_begin ] --START--
[ 2016-09-27T20:45:53+08:00 ] /wd/index.php/Common/verify | INFO: Run ReadHtmlCache Behavior [ RunTime:0.002001s ]
[ 2016-09-27T20:45:53+08:00 ] /wd/index.php/Common/verify | INFO: Tag[ app_begin ] --END-- [ RunTime:0.002001s ]
[ 2016-09-27T20:51:03+08:00 ] /wd/index.php/Member/index/id/6 | INFO: Tag[ route_check ] --START--
[ 2016-09-27T20:51:03+08:00 ] /wd/index.php/Member/index/id/6 | INFO: Run CheckRoute Behavior [ RunTime:0.001000s ]
[ 2016-09-27T20:51:03+08:00 ] /wd/index.php/Member/index/id/6 | INFO: Tag[ route_check ] --END-- [ RunTime:0.001000s ]
[ 2016-09-27T20:51:03+08:00 ] /wd/index.php/Member/index/id/6 | INFO: Tag[ app_begin ] --START--
[ 2016-09-27T20:51:03+08:00 ] /wd/index.php/Member/index/id/6 | INFO: Run ReadHtmlCache Behavior [ RunTime:0.001000s ]
[ 2016-09-27T20:51:03+08:00 ] /wd/index.php/Member/index/id/6 | INFO: Tag[ app_begin ] --END-- [ RunTime:0.001000s ]
[ 2016-09-27T20:51:07+08:00 ] /wd/index.php/Common/verify | INFO: Tag[ route_check ] --START--
[ 2016-09-27T20:51:07+08:00 ] /wd/index.php/Common/verify | INFO: Run CheckRoute Behavior [ RunTime:0.002000s ]
[ 2016-09-27T20:51:07+08:00 ] /wd/index.php/Common/verify | INFO: Tag[ route_check ] --END-- [ RunTime:0.002000s ]
[ 2016-09-27T20:51:07+08:00 ] /wd/index.php/Common/verify | INFO: Tag[ app_begin ] --START--
[ 2016-09-27T20:51:07+08:00 ] /wd/index.php/Common/verify | INFO: Run ReadHtmlCache Behavior [ RunTime:0.002000s ]
[ 2016-09-27T20:51:07+08:00 ] /wd/index.php/Common/verify | INFO: Tag[ app_begin ] --END-- [ RunTime:0.003000s ]
[ 2016-09-27T20:51:38+08:00 ] /wd/index.php/Member/index/id/6 | INFO: Tag[ route_check ] --START--
[ 2016-09-27T20:51:38+08:00 ] /wd/index.php/Member/index/id/6 | INFO: Run CheckRoute Behavior [ RunTime:0.001001s ]
[ 2016-09-27T20:51:38+08:00 ] /wd/index.php/Member/index/id/6 | INFO: Tag[ route_check ] --END-- [ RunTime:0.001001s ]
[ 2016-09-27T20:51:38+08:00 ] /wd/index.php/Member/index/id/6 | INFO: Tag[ app_begin ] --START--
[ 2016-09-27T20:51:38+08:00 ] /wd/index.php/Member/index/id/6 | INFO: Run ReadHtmlCache Behavior [ RunTime:0.001000s ]
[ 2016-09-27T20:51:38+08:00 ] /wd/index.php/Member/index/id/6 | INFO: Tag[ app_begin ] --END-- [ RunTime:0.001000s ]
[ 2016-09-27T20:51:38+08:00 ] /wd/index.php/Member/index/id/6 | INFO: Tag[ view_template ] --START--
[ 2016-09-27T20:51:38+08:00 ] /wd/index.php/Member/index/id/6 | INFO: Run LocationTemplate Behavior [ RunTime:0.002000s ]
[ 2016-09-27T20:51:38+08:00 ] /wd/index.php/Member/index/id/6 | INFO: Tag[ view_template ] --END-- [ RunTime:0.002000s ]
[ 2016-09-27T20:51:38+08:00 ] /wd/index.php/Member/index/id/6 | INFO: Tag[ view_parse ] --START--
[ 2016-09-27T20:51:38+08:00 ] /wd/index.php/Member/index/id/6 | INFO: Run ParseTemplate Behavior [ RunTime:0.013001s ]
[ 2016-09-27T20:51:38+08:00 ] /wd/index.php/Member/index/id/6 | INFO: Tag[ view_parse ] --END-- [ RunTime:0.013001s ]
[ 2016-09-27T20:51:38+08:00 ] /wd/index.php/Member/index/id/6 | INFO: Tag[ view_filter ] --START--
[ 2016-09-27T20:51:38+08:00 ] /wd/index.php/Member/index/id/6 | INFO: Run ContentReplace Behavior [ RunTime:0.001000s ]
[ 2016-09-27T20:51:38+08:00 ] /wd/index.php/Member/index/id/6 | INFO: Run TokenBuild Behavior [ RunTime:0.001000s ]
[ 2016-09-27T20:51:38+08:00 ] /wd/index.php/Member/index/id/6 | INFO: Run WriteHtmlCache Behavior [ RunTime:0.000000s ]
[ 2016-09-27T20:51:38+08:00 ] /wd/index.php/Member/index/id/6 | INFO: Run ShowRuntime Behavior [ RunTime:0.001000s ]
[ 2016-09-27T20:51:38+08:00 ] /wd/index.php/Member/index/id/6 | INFO: Tag[ view_filter ] --END-- [ RunTime:0.003000s ]
[ 2016-09-27T20:51:38+08:00 ] /wd/index.php/Member/index/id/6 | INFO: Tag[ view_end ] --START--
[ 2016-09-27T20:51:38+08:00 ] /wd/index.php/Member/index/id/6 | INFO: Run ShowPageTrace Behavior [ RunTime:0.001000s ]
[ 2016-09-27T20:51:38+08:00 ] /wd/index.php/Member/index/id/6 | INFO: Tag[ view_end ] --END-- [ RunTime:0.001000s ]
[ 2016-09-27T20:51:43+08:00 ] /wd/index.php/Common/verify | INFO: Tag[ route_check ] --START--
[ 2016-09-27T20:51:43+08:00 ] /wd/index.php/Common/verify | INFO: Run CheckRoute Behavior [ RunTime:0.002000s ]
[ 2016-09-27T20:51:43+08:00 ] /wd/index.php/Common/verify | INFO: Tag[ route_check ] --END-- [ RunTime:0.002000s ]
[ 2016-09-27T20:51:43+08:00 ] /wd/index.php/Common/verify | INFO: Tag[ app_begin ] --START--
[ 2016-09-27T20:51:43+08:00 ] /wd/index.php/Common/verify | INFO: Run ReadHtmlCache Behavior [ RunTime:0.001000s ]
[ 2016-09-27T20:51:43+08:00 ] /wd/index.php/Common/verify | INFO: Tag[ app_begin ] --END-- [ RunTime:0.001000s ]
[ 2016-09-27T20:51:45+08:00 ] /wd/index.php/Member/index/id/6 | INFO: Tag[ route_check ] --START--
[ 2016-09-27T20:51:45+08:00 ] /wd/index.php/Member/index/id/6 | INFO: Run CheckRoute Behavior [ RunTime:0.001000s ]
[ 2016-09-27T20:51:45+08:00 ] /wd/index.php/Member/index/id/6 | INFO: Tag[ route_check ] --END-- [ RunTime:0.001000s ]
[ 2016-09-27T20:51:45+08:00 ] /wd/index.php/Member/index/id/6 | INFO: Tag[ app_begin ] --START--
[ 2016-09-27T20:51:45+08:00 ] /wd/index.php/Member/index/id/6 | INFO: Run ReadHtmlCache Behavior [ RunTime:0.001000s ]
[ 2016-09-27T20:51:45+08:00 ] /wd/index.php/Member/index/id/6 | INFO: Tag[ app_begin ] --END-- [ RunTime:0.001000s ]
[ 2016-09-27T20:51:45+08:00 ] /wd/index.php/Member/index/id/6 | INFO: Tag[ view_template ] --START--
[ 2016-09-27T20:51:45+08:00 ] /wd/index.php/Member/index/id/6 | INFO: Run LocationTemplate Behavior [ RunTime:0.001000s ]
[ 2016-09-27T20:51:45+08:00 ] /wd/index.php/Member/index/id/6 | INFO: Tag[ view_template ] --END-- [ RunTime:0.001000s ]
[ 2016-09-27T20:51:45+08:00 ] /wd/index.php/Member/index/id/6 | INFO: Tag[ view_parse ] --START--
[ 2016-09-27T20:51:45+08:00 ] /wd/index.php/Member/index/id/6 | INFO: Run ParseTemplate Behavior [ RunTime:0.016001s ]
[ 2016-09-27T20:51:45+08:00 ] /wd/index.php/Member/index/id/6 | INFO: Tag[ view_parse ] --END-- [ RunTime:0.016001s ]
[ 2016-09-27T20:51:45+08:00 ] /wd/index.php/Member/index/id/6 | INFO: Tag[ view_filter ] --START--
[ 2016-09-27T20:51:45+08:00 ] /wd/index.php/Member/index/id/6 | INFO: Run ContentReplace Behavior [ RunTime:0.000000s ]
[ 2016-09-27T20:51:45+08:00 ] /wd/index.php/Member/index/id/6 | INFO: Run TokenBuild Behavior [ RunTime:0.001000s ]
[ 2016-09-27T20:51:45+08:00 ] /wd/index.php/Member/index/id/6 | INFO: Run WriteHtmlCache Behavior [ RunTime:0.001000s ]
[ 2016-09-27T20:51:45+08:00 ] /wd/index.php/Member/index/id/6 | INFO: Run ShowRuntime Behavior [ RunTime:0.000000s ]
[ 2016-09-27T20:51:45+08:00 ] /wd/index.php/Member/index/id/6 | INFO: Tag[ view_filter ] --END-- [ RunTime:0.002000s ]
[ 2016-09-27T20:51:45+08:00 ] /wd/index.php/Member/index/id/6 | INFO: Tag[ view_end ] --START--
[ 2016-09-27T20:51:45+08:00 ] /wd/index.php/Member/index/id/6 | INFO: Run ShowPageTrace Behavior [ RunTime:0.001000s ]
[ 2016-09-27T20:51:45+08:00 ] /wd/index.php/Member/index/id/6 | INFO: Tag[ view_end ] --END-- [ RunTime:0.001000s ]
[ 2016-09-27T21:02:52+08:00 ] /wd/index.php/Member/index/id/6 | INFO: Tag[ route_check ] --START--
[ 2016-09-27T21:02:52+08:00 ] /wd/index.php/Member/index/id/6 | INFO: Run CheckRoute Behavior [ RunTime:0.001000s ]
[ 2016-09-27T21:02:52+08:00 ] /wd/index.php/Member/index/id/6 | INFO: Tag[ route_check ] --END-- [ RunTime:0.001000s ]
[ 2016-09-27T21:02:52+08:00 ] /wd/index.php/Member/index/id/6 | INFO: Tag[ app_begin ] --START--
[ 2016-09-27T21:02:52+08:00 ] /wd/index.php/Member/index/id/6 | INFO: Run ReadHtmlCache Behavior [ RunTime:0.001000s ]
[ 2016-09-27T21:02:52+08:00 ] /wd/index.php/Member/index/id/6 | INFO: Tag[ app_begin ] --END-- [ RunTime:0.001000s ]
[ 2016-09-27T21:02:52+08:00 ] /wd/index.php/Member/index/id/6 | INFO: Tag[ view_template ] --START--
[ 2016-09-27T21:02:52+08:00 ] /wd/index.php/Member/index/id/6 | INFO: Run LocationTemplate Behavior [ RunTime:0.001000s ]
[ 2016-09-27T21:02:52+08:00 ] /wd/index.php/Member/index/id/6 | INFO: Tag[ view_template ] --END-- [ RunTime:0.001000s ]
[ 2016-09-27T21:02:52+08:00 ] /wd/index.php/Member/index/id/6 | INFO: Tag[ view_parse ] --START--
[ 2016-09-27T21:02:53+08:00 ] /wd/index.php/Member/index/id/6 | INFO: Run ParseTemplate Behavior [ RunTime:0.019001s ]
[ 2016-09-27T21:02:53+08:00 ] /wd/index.php/Member/index/id/6 | INFO: Tag[ view_parse ] --END-- [ RunTime:0.020001s ]
[ 2016-09-27T21:02:53+08:00 ] /wd/index.php/Member/index/id/6 | INFO: Tag[ view_filter ] --START--
[ 2016-09-27T21:02:53+08:00 ] /wd/index.php/Member/index/id/6 | INFO: Run ContentReplace Behavior [ RunTime:0.001000s ]
[ 2016-09-27T21:02:53+08:00 ] /wd/index.php/Member/index/id/6 | INFO: Run TokenBuild Behavior [ RunTime:0.001001s ]
[ 2016-09-27T21:02:53+08:00 ] /wd/index.php/Member/index/id/6 | INFO: Run WriteHtmlCache Behavior [ RunTime:0.000000s ]
[ 2016-09-27T21:02:53+08:00 ] /wd/index.php/Member/index/id/6 | INFO: Run ShowRuntime Behavior [ RunTime:0.002000s ]
[ 2016-09-27T21:02:53+08:00 ] /wd/index.php/Member/index/id/6 | INFO: Tag[ view_filter ] --END-- [ RunTime:0.005001s ]
[ 2016-09-27T21:02:53+08:00 ] /wd/index.php/Member/index/id/6 | INFO: Tag[ view_end ] --START--
[ 2016-09-27T21:02:53+08:00 ] /wd/index.php/Member/index/id/6 | INFO: Run ShowPageTrace Behavior [ RunTime:0.001000s ]
[ 2016-09-27T21:02:53+08:00 ] /wd/index.php/Member/index/id/6 | INFO: Tag[ view_end ] --END-- [ RunTime:0.001000s ]
[ 2016-09-27T21:02:53+08:00 ] /wd/index.php/Member/index/id/__Public__/Js/top-bar.js | INFO: Tag[ route_check ] --START--
[ 2016-09-27T21:02:53+08:00 ] /wd/index.php/Member/index/id/__Public__/Js/top-bar.js | INFO: Run CheckRoute Behavior [ RunTime:0.002000s ]
[ 2016-09-27T21:02:53+08:00 ] /wd/index.php/Member/index/id/__Public__/Js/top-bar.js | INFO: Tag[ route_check ] --END-- [ RunTime:0.002000s ]
[ 2016-09-27T21:02:53+08:00 ] /wd/index.php/Member/index/id/__Public__/Js/top-bar.js | INFO: Tag[ app_begin ] --START--
[ 2016-09-27T21:02:53+08:00 ] /wd/index.php/Member/index/id/__Public__/Js/top-bar.js | INFO: Run ReadHtmlCache Behavior [ RunTime:0.001000s ]
[ 2016-09-27T21:02:53+08:00 ] /wd/index.php/Member/index/id/__Public__/Js/top-bar.js | INFO: Tag[ app_begin ] --END-- [ RunTime:0.001000s ]
[ 2016-09-27T21:02:53+08:00 ] /wd/index.php/Member/index/id/__Public__/Js/top-bar.js | INFO: Tag[ view_template ] --START--
[ 2016-09-27T21:02:53+08:00 ] /wd/index.php/Member/index/id/__Public__/Js/top-bar.js | INFO: Run LocationTemplate Behavior [ RunTime:0.002000s ]
[ 2016-09-27T21:02:53+08:00 ] /wd/index.php/Member/index/id/__Public__/Js/top-bar.js | INFO: Tag[ view_template ] --END-- [ RunTime:0.002000s ]
[ 2016-09-27T21:02:53+08:00 ] /wd/index.php/Member/index/id/__Public__/Js/top-bar.js | INFO: Tag[ view_parse ] --START--
[ 2016-09-27T21:02:53+08:00 ] /wd/index.php/Member/index/id/__Public__/Js/top-bar.js | INFO: Run ParseTemplate Behavior [ RunTime:0.017001s ]
[ 2016-09-27T21:02:53+08:00 ] /wd/index.php/Member/index/id/__Public__/Js/top-bar.js | INFO: Tag[ view_parse ] --END-- [ RunTime:0.017001s ]
[ 2016-09-27T21:02:53+08:00 ] /wd/index.php/Member/index/id/__Public__/Js/top-bar.js | INFO: Tag[ view_filter ] --START--
[ 2016-09-27T21:02:53+08:00 ] /wd/index.php/Member/index/id/__Public__/Js/top-bar.js | INFO: Run ContentReplace Behavior [ RunTime:0.001000s ]
[ 2016-09-27T21:02:53+08:00 ] /wd/index.php/Member/index/id/__Public__/Js/top-bar.js | INFO: Run TokenBuild Behavior [ RunTime:0.001000s ]
[ 2016-09-27T21:02:53+08:00 ] /wd/index.php/Member/index/id/__Public__/Js/top-bar.js | INFO: Run WriteHtmlCache Behavior [ RunTime:0.001000s ]
[ 2016-09-27T21:02:53+08:00 ] /wd/index.php/Member/index/id/__Public__/Js/top-bar.js | INFO: Run ShowRuntime Behavior [ RunTime:0.001000s ]
[ 2016-09-27T21:02:53+08:00 ] /wd/index.php/Member/index/id/__Public__/Js/top-bar.js | INFO: Tag[ view_filter ] --END-- [ RunTime:0.004000s ]
[ 2016-09-27T21:02:53+08:00 ] /wd/index.php/Member/index/id/__Public__/Js/top-bar.js | INFO: Tag[ view_end ] --START--
[ 2016-09-27T21:02:53+08:00 ] /wd/index.php/Member/index/id/__Public__/Js/top-bar.js | INFO: Run ShowPageTrace Behavior [ RunTime:0.001000s ]
[ 2016-09-27T21:02:53+08:00 ] /wd/index.php/Member/index/id/__Public__/Js/top-bar.js | INFO: Tag[ view_end ] --END-- [ RunTime:0.001000s ]
[ 2016-09-27T21:02:53+08:00 ] /wd/index.php/Member/index/id/__Public__/Css/member.css | INFO: Tag[ route_check ] --START--
[ 2016-09-27T21:02:53+08:00 ] /wd/index.php/Member/index/id/__Public__/Css/member.css | INFO: Run CheckRoute Behavior [ RunTime:0.002001s ]
[ 2016-09-27T21:02:53+08:00 ] /wd/index.php/Member/index/id/__Public__/Css/member.css | INFO: Tag[ route_check ] --END-- [ RunTime:0.002001s ]
[ 2016-09-27T21:02:53+08:00 ] /wd/index.php/Member/index/id/__Public__/Css/member.css | INFO: Tag[ app_begin ] --START--
[ 2016-09-27T21:02:53+08:00 ] /wd/index.php/Member/index/id/__Public__/Css/member.css | INFO: Run ReadHtmlCache Behavior [ RunTime:0.001000s ]
[ 2016-09-27T21:02:53+08:00 ] /wd/index.php/Member/index/id/__Public__/Css/member.css | INFO: Tag[ app_begin ] --END-- [ RunTime:0.001000s ]
[ 2016-09-27T21:02:53+08:00 ] /wd/index.php/Member/index/id/__Public__/Css/member.css | INFO: Tag[ view_template ] --START--
[ 2016-09-27T21:02:53+08:00 ] /wd/index.php/Member/index/id/__Public__/Css/member.css | INFO: Run LocationTemplate Behavior [ RunTime:0.001000s ]
[ 2016-09-27T21:02:53+08:00 ] /wd/index.php/Member/index/id/__Public__/Css/member.css | INFO: Tag[ view_template ] --END-- [ RunTime:0.001000s ]
[ 2016-09-27T21:02:53+08:00 ] /wd/index.php/Member/index/id/__Public__/Css/member.css | INFO: Tag[ view_parse ] --START--
[ 2016-09-27T21:02:53+08:00 ] /wd/index.php/Member/index/id/__Public__/Css/member.css | INFO: Run ParseTemplate Behavior [ RunTime:0.015001s ]
[ 2016-09-27T21:02:53+08:00 ] /wd/index.php/Member/index/id/__Public__/Css/member.css | INFO: Tag[ view_parse ] --END-- [ RunTime:0.016001s ]
[ 2016-09-27T21:02:53+08:00 ] /wd/index.php/Member/index/id/__Public__/Css/member.css | INFO: Tag[ view_filter ] --START--
[ 2016-09-27T21:02:53+08:00 ] /wd/index.php/Member/index/id/__Public__/Css/member.css | INFO: Run ContentReplace Behavior [ RunTime:0.000000s ]
[ 2016-09-27T21:02:53+08:00 ] /wd/index.php/Member/index/id/__Public__/Css/member.css | INFO: Run TokenBuild Behavior [ RunTime:0.001000s ]
[ 2016-09-27T21:02:53+08:00 ] /wd/index.php/Member/index/id/__Public__/Css/member.css | INFO: Run WriteHtmlCache Behavior [ RunTime:0.000000s ]
[ 2016-09-27T21:02:53+08:00 ] /wd/index.php/Member/index/id/__Public__/Css/member.css | INFO: Run ShowRuntime Behavior [ RunTime:0.001000s ]
[ 2016-09-27T21:02:53+08:00 ] /wd/index.php/Member/index/id/__Public__/Css/member.css | INFO: Tag[ view_filter ] --END-- [ RunTime:0.002000s ]
[ 2016-09-27T21:02:53+08:00 ] /wd/index.php/Member/index/id/__Public__/Css/member.css | INFO: Tag[ view_end ] --START--
[ 2016-09-27T21:02:53+08:00 ] /wd/index.php/Member/index/id/__Public__/Css/member.css | INFO: Run ShowPageTrace Behavior [ RunTime:0.000000s ]
[ 2016-09-27T21:02:53+08:00 ] /wd/index.php/Member/index/id/__Public__/Css/member.css | INFO: Tag[ view_end ] --END-- [ RunTime:0.000000s ]
[ 2016-09-27T21:02:53+08:00 ] /wd/index.php/Member/index/id/__Public__/Js/jquery-1.7.2.min.js | INFO: Tag[ route_check ] --START--
[ 2016-09-27T21:02:53+08:00 ] /wd/index.php/Member/index/id/__Public__/Js/jquery-1.7.2.min.js | INFO: Run CheckRoute Behavior [ RunTime:0.001000s ]
[ 2016-09-27T21:02:53+08:00 ] /wd/index.php/Member/index/id/__Public__/Js/jquery-1.7.2.min.js | INFO: Tag[ route_check ] --END-- [ RunTime:0.002000s ]
[ 2016-09-27T21:02:53+08:00 ] /wd/index.php/Member/index/id/__Public__/Js/jquery-1.7.2.min.js | INFO: Tag[ app_begin ] --START--
[ 2016-09-27T21:02:53+08:00 ] /wd/index.php/Member/index/id/__Public__/Js/jquery-1.7.2.min.js | INFO: Run ReadHtmlCache Behavior [ RunTime:0.001000s ]
[ 2016-09-27T21:02:53+08:00 ] /wd/index.php/Member/index/id/__Public__/Js/jquery-1.7.2.min.js | INFO: Tag[ app_begin ] --END-- [ RunTime:0.001000s ]
[ 2016-09-27T21:02:53+08:00 ] /wd/index.php/Member/index/id/__Public__/Js/jquery-1.7.2.min.js | INFO: Tag[ view_template ] --START--
[ 2016-09-27T21:02:53+08:00 ] /wd/index.php/Member/index/id/__Public__/Js/jquery-1.7.2.min.js | INFO: Run LocationTemplate Behavior [ RunTime:0.002000s ]
[ 2016-09-27T21:02:53+08:00 ] /wd/index.php/Member/index/id/__Public__/Js/jquery-1.7.2.min.js | INFO: Tag[ view_template ] --END-- [ RunTime:0.002000s ]
[ 2016-09-27T21:02:53+08:00 ] /wd/index.php/Member/index/id/__Public__/Js/jquery-1.7.2.min.js | INFO: Tag[ view_parse ] --START--
[ 2016-09-27T21:02:53+08:00 ] /wd/index.php/Member/index/id/__Public__/Js/jquery-1.7.2.min.js | INFO: Run ParseTemplate Behavior [ RunTime:0.017001s ]
[ 2016-09-27T21:02:53+08:00 ] /wd/index.php/Member/index/id/__Public__/Js/jquery-1.7.2.min.js | INFO: Tag[ view_parse ] --END-- [ RunTime:0.017001s ]
[ 2016-09-27T21:02:53+08:00 ] /wd/index.php/Member/index/id/__Public__/Js/jquery-1.7.2.min.js | INFO: Tag[ view_filter ] --START--
[ 2016-09-27T21:02:53+08:00 ] /wd/index.php/Member/index/id/__Public__/Js/jquery-1.7.2.min.js | INFO: Run ContentReplace Behavior [ RunTime:0.001000s ]
[ 2016-09-27T21:02:53+08:00 ] /wd/index.php/Member/index/id/__Public__/Js/jquery-1.7.2.min.js | INFO: Run TokenBuild Behavior [ RunTime:0.001000s ]
[ 2016-09-27T21:02:53+08:00 ] /wd/index.php/Member/index/id/__Public__/Js/jquery-1.7.2.min.js | INFO: Run WriteHtmlCache Behavior [ RunTime:0.000000s ]
[ 2016-09-27T21:02:53+08:00 ] /wd/index.php/Member/index/id/__Public__/Js/jquery-1.7.2.min.js | INFO: Run ShowRuntime Behavior [ RunTime:0.001000s ]
[ 2016-09-27T21:02:53+08:00 ] /wd/index.php/Member/index/id/__Public__/Js/jquery-1.7.2.min.js | INFO: Tag[ view_filter ] --END-- [ RunTime:0.003000s ]
[ 2016-09-27T21:02:53+08:00 ] /wd/index.php/Member/index/id/__Public__/Js/jquery-1.7.2.min.js | INFO: Tag[ view_end ] --START--
[ 2016-09-27T21:02:53+08:00 ] /wd/index.php/Member/index/id/__Public__/Js/jquery-1.7.2.min.js | INFO: Run ShowPageTrace Behavior [ RunTime:0.000000s ]
[ 2016-09-27T21:02:53+08:00 ] /wd/index.php/Member/index/id/__Public__/Js/jquery-1.7.2.min.js | INFO: Tag[ view_end ] --END-- [ RunTime:0.000000s ]
[ 2016-09-27T21:02:53+08:00 ] /wd/index.php/Member/index/id/__Public__/Css/common.css | INFO: Tag[ route_check ] --START--
[ 2016-09-27T21:02:53+08:00 ] /wd/index.php/Member/index/id/__Public__/Css/common.css | INFO: Run CheckRoute Behavior [ RunTime:0.002000s ]
[ 2016-09-27T21:02:53+08:00 ] /wd/index.php/Member/index/id/__Public__/Css/common.css | INFO: Tag[ route_check ] --END-- [ RunTime:0.002000s ]
[ 2016-09-27T21:02:53+08:00 ] /wd/index.php/Member/index/id/__Public__/Css/common.css | INFO: Tag[ app_begin ] --START--
[ 2016-09-27T21:02:53+08:00 ] /wd/index.php/Member/index/id/__Public__/Css/common.css | INFO: Run ReadHtmlCache Behavior [ RunTime:0.001000s ]
[ 2016-09-27T21:02:53+08:00 ] /wd/index.php/Member/index/id/__Public__/Css/common.css | INFO: Tag[ app_begin ] --END-- [ RunTime:0.001000s ]
[ 2016-09-27T21:02:53+08:00 ] /wd/index.php/Member/index/id/__Public__/Css/common.css | INFO: Tag[ view_template ] --START--
[ 2016-09-27T21:02:53+08:00 ] /wd/index.php/Member/index/id/__Public__/Css/common.css | INFO: Run LocationTemplate Behavior [ RunTime:0.003000s ]
[ 2016-09-27T21:02:53+08:00 ] /wd/index.php/Member/index/id/__Public__/Css/common.css | INFO: Tag[ view_template ] --END-- [ RunTime:0.004000s ]
[ 2016-09-27T21:02:53+08:00 ] /wd/index.php/Member/index/id/__Public__/Css/common.css | INFO: Tag[ view_parse ] --START--
[ 2016-09-27T21:02:53+08:00 ] /wd/index.php/Member/index/id/__Public__/Css/common.css | INFO: Run ParseTemplate Behavior [ RunTime:0.014001s ]
[ 2016-09-27T21:02:53+08:00 ] /wd/index.php/Member/index/id/__Public__/Css/common.css | INFO: Tag[ view_parse ] --END-- [ RunTime:0.014001s ]
[ 2016-09-27T21:02:53+08:00 ] /wd/index.php/Member/index/id/__Public__/Css/common.css | INFO: Tag[ view_filter ] --START--
[ 2016-09-27T21:02:53+08:00 ] /wd/index.php/Member/index/id/__Public__/Css/common.css | INFO: Run ContentReplace Behavior [ RunTime:0.001000s ]
[ 2016-09-27T21:02:53+08:00 ] /wd/index.php/Member/index/id/__Public__/Css/common.css | INFO: Run TokenBuild Behavior [ RunTime:0.001000s ]
[ 2016-09-27T21:02:53+08:00 ] /wd/index.php/Member/index/id/__Public__/Css/common.css | INFO: Run WriteHtmlCache Behavior [ RunTime:0.001000s ]
[ 2016-09-27T21:02:53+08:00 ] /wd/index.php/Member/index/id/__Public__/Css/common.css | INFO: Run ShowRuntime Behavior [ RunTime:0.000000s ]
[ 2016-09-27T21:02:53+08:00 ] /wd/index.php/Member/index/id/__Public__/Css/common.css | INFO: Tag[ view_filter ] --END-- [ RunTime:0.003000s ]
[ 2016-09-27T21:02:53+08:00 ] /wd/index.php/Member/index/id/__Public__/Css/common.css | INFO: Tag[ view_end ] --START--
[ 2016-09-27T21:02:53+08:00 ] /wd/index.php/Member/index/id/__Public__/Css/common.css | INFO: Run ShowPageTrace Behavior [ RunTime:0.000000s ]
[ 2016-09-27T21:02:53+08:00 ] /wd/index.php/Member/index/id/__Public__/Css/common.css | INFO: Tag[ view_end ] --END-- [ RunTime:0.000000s ]
[ 2016-09-27T21:02:53+08:00 ] /wd/index.php/Member/index/id/__Public__/Css/member.css | INFO: Tag[ route_check ] --START--
[ 2016-09-27T21:02:53+08:00 ] /wd/index.php/Member/index/id/__Public__/Css/member.css | INFO: Run CheckRoute Behavior [ RunTime:0.001000s ]
[ 2016-09-27T21:02:53+08:00 ] /wd/index.php/Member/index/id/__Public__/Css/member.css | INFO: Tag[ route_check ] --END-- [ RunTime:0.001000s ]
[ 2016-09-27T21:02:53+08:00 ] /wd/index.php/Member/index/id/__Public__/Css/member.css | INFO: Tag[ app_begin ] --START--
[ 2016-09-27T21:02:53+08:00 ] /wd/index.php/Member/index/id/__Public__/Css/member.css | INFO: Run ReadHtmlCache Behavior [ RunTime:0.001000s ]
[ 2016-09-27T21:02:53+08:00 ] /wd/index.php/Member/index/id/__Public__/Css/member.css | INFO: Tag[ app_begin ] --END-- [ RunTime:0.001000s ]
[ 2016-09-27T21:02:53+08:00 ] /wd/index.php/Member/index/id/__Public__/Css/member.css | INFO: Tag[ view_template ] --START--
[ 2016-09-27T21:02:53+08:00 ] /wd/index.php/Member/index/id/__Public__/Css/member.css | INFO: Run LocationTemplate Behavior [ RunTime:0.000000s ]
[ 2016-09-27T21:02:53+08:00 ] /wd/index.php/Member/index/id/__Public__/Css/member.css | INFO: Tag[ view_template ] --END-- [ RunTime:0.000000s ]
[ 2016-09-27T21:02:53+08:00 ] /wd/index.php/Member/index/id/__Public__/Css/member.css | INFO: Tag[ view_parse ] --START--
[ 2016-09-27T21:02:53+08:00 ] /wd/index.php/Member/index/id/__Public__/Css/member.css | INFO: Run ParseTemplate Behavior [ RunTime:0.009000s ]
[ 2016-09-27T21:02:53+08:00 ] /wd/index.php/Member/index/id/__Public__/Css/member.css | INFO: Tag[ view_parse ] --END-- [ RunTime:0.009000s ]
[ 2016-09-27T21:02:53+08:00 ] /wd/index.php/Member/index/id/__Public__/Css/member.css | INFO: Tag[ view_filter ] --START--
[ 2016-09-27T21:02:53+08:00 ] /wd/index.php/Member/index/id/__Public__/Css/member.css | INFO: Run ContentReplace Behavior [ RunTime:0.001000s ]
[ 2016-09-27T21:02:53+08:00 ] /wd/index.php/Member/index/id/__Public__/Css/member.css | INFO: Run TokenBuild Behavior [ RunTime:0.000000s ]
[ 2016-09-27T21:02:53+08:00 ] /wd/index.php/Member/index/id/__Public__/Css/member.css | INFO: Run WriteHtmlCache Behavior [ RunTime:0.001000s ]
[ 2016-09-27T21:02:53+08:00 ] /wd/index.php/Member/index/id/__Public__/Css/member.css | INFO: Run ShowRuntime Behavior [ RunTime:0.000000s ]
[ 2016-09-27T21:02:53+08:00 ] /wd/index.php/Member/index/id/__Public__/Css/member.css | INFO: Tag[ view_filter ] --END-- [ RunTime:0.002000s ]
[ 2016-09-27T21:02:53+08:00 ] /wd/index.php/Member/index/id/__Public__/Css/member.css | INFO: Tag[ view_end ] --START--
[ 2016-09-27T21:02:53+08:00 ] /wd/index.php/Member/index/id/__Public__/Css/member.css | INFO: Run ShowPageTrace Behavior [ RunTime:0.001001s ]
[ 2016-09-27T21:02:53+08:00 ] /wd/index.php/Member/index/id/__Public__/Css/member.css | INFO: Tag[ view_end ] --END-- [ RunTime:0.001001s ]
[ 2016-09-27T21:03:02+08:00 ] /wd/index.php/Member/index/id/__Public__/Css/__Public__/Js/top-bar.js | INFO: Tag[ route_check ] --START--
[ 2016-09-27T21:03:02+08:00 ] /wd/index.php/Member/index/id/__Public__/Css/__Public__/Js/top-bar.js | INFO: Run CheckRoute Behavior [ RunTime:0.001000s ]
[ 2016-09-27T21:03:02+08:00 ] /wd/index.php/Member/index/id/__Public__/Css/__Public__/Js/top-bar.js | INFO: Tag[ route_check ] --END-- [ RunTime:0.001000s ]
[ 2016-09-27T21:03:02+08:00 ] /wd/index.php/Member/index/id/__Public__/Css/__Public__/Js/top-bar.js | INFO: Tag[ app_begin ] --START--
[ 2016-09-27T21:03:02+08:00 ] /wd/index.php/Member/index/id/__Public__/Css/__Public__/Js/top-bar.js | INFO: Run ReadHtmlCache Behavior [ RunTime:0.000000s ]
[ 2016-09-27T21:03:02+08:00 ] /wd/index.php/Member/index/id/__Public__/Css/__Public__/Js/top-bar.js | INFO: Tag[ app_begin ] --END-- [ RunTime:0.000000s ]
[ 2016-09-27T21:03:02+08:00 ] /wd/index.php/Member/index/id/__Public__/Css/__Public__/Js/top-bar.js | INFO: Tag[ view_template ] --START--
[ 2016-09-27T21:03:02+08:00 ] /wd/index.php/Member/index/id/__Public__/Css/__Public__/Js/top-bar.js | INFO: Run LocationTemplate Behavior [ RunTime:0.000000s ]
[ 2016-09-27T21:03:02+08:00 ] /wd/index.php/Member/index/id/__Public__/Css/__Public__/Js/top-bar.js | INFO: Tag[ view_template ] --END-- [ RunTime:0.000000s ]
[ 2016-09-27T21:03:02+08:00 ] /wd/index.php/Member/index/id/__Public__/Css/__Public__/Js/top-bar.js | INFO: Tag[ view_parse ] --START--
[ 2016-09-27T21:03:02+08:00 ] /wd/index.php/Member/index/id/__Public__/Css/__Public__/Js/top-bar.js | INFO: Run ParseTemplate Behavior [ RunTime:0.011001s ]
[ 2016-09-27T21:03:02+08:00 ] /wd/index.php/Member/index/id/__Public__/Css/__Public__/Js/top-bar.js | INFO: Tag[ view_parse ] --END-- [ RunTime:0.012001s ]
[ 2016-09-27T21:03:02+08:00 ] /wd/index.php/Member/index/id/__Public__/Css/__Public__/Js/top-bar.js | INFO: Tag[ view_filter ] --START--
[ 2016-09-27T21:03:02+08:00 ] /wd/index.php/Member/index/id/__Public__/Css/__Public__/Js/top-bar.js | INFO: Run ContentReplace Behavior [ RunTime:0.001000s ]
[ 2016-09-27T21:03:02+08:00 ] /wd/index.php/Member/index/id/__Public__/Css/__Public__/Js/top-bar.js | INFO: Run TokenBuild Behavior [ RunTime:0.000000s ]
[ 2016-09-27T21:03:02+08:00 ] /wd/index.php/Member/index/id/__Public__/Css/__Public__/Js/top-bar.js | INFO: Run WriteHtmlCache Behavior [ RunTime:0.000000s ]
[ 2016-09-27T21:03:02+08:00 ] /wd/index.php/Member/index/id/__Public__/Css/__Public__/Js/top-bar.js | INFO: Run ShowRuntime Behavior [ RunTime:0.001000s ]
[ 2016-09-27T21:03:02+08:00 ] /wd/index.php/Member/index/id/__Public__/Css/__Public__/Js/top-bar.js | INFO: Tag[ view_filter ] --END-- [ RunTime:0.002000s ]
[ 2016-09-27T21:03:02+08:00 ] /wd/index.php/Member/index/id/__Public__/Css/__Public__/Js/top-bar.js | INFO: Tag[ view_end ] --START--
[ 2016-09-27T21:03:02+08:00 ] /wd/index.php/Member/index/id/__Public__/Css/__Public__/Js/top-bar.js | INFO: Run ShowPageTrace Behavior [ RunTime:0.000000s ]
[ 2016-09-27T21:03:02+08:00 ] /wd/index.php/Member/index/id/__Public__/Css/__Public__/Js/top-bar.js | INFO: Tag[ view_end ] --END-- [ RunTime:0.000000s ]
[ 2016-09-27T21:03:53+08:00 ] /wd/index.php/Member/index/id/6 | INFO: Tag[ route_check ] --START--
[ 2016-09-27T21:03:53+08:00 ] /wd/index.php/Member/index/id/6 | INFO: Run CheckRoute Behavior [ RunTime:0.001000s ]
[ 2016-09-27T21:03:53+08:00 ] /wd/index.php/Member/index/id/6 | INFO: Tag[ route_check ] --END-- [ RunTime:0.001000s ]
[ 2016-09-27T21:03:53+08:00 ] /wd/index.php/Member/index/id/6 | INFO: Tag[ app_begin ] --START--
[ 2016-09-27T21:03:53+08:00 ] /wd/index.php/Member/index/id/6 | INFO: Run ReadHtmlCache Behavior [ RunTime:0.001000s ]
[ 2016-09-27T21:03:53+08:00 ] /wd/index.php/Member/index/id/6 | INFO: Tag[ app_begin ] --END-- [ RunTime:0.001000s ]
[ 2016-09-27T21:03:53+08:00 ] /wd/index.php/Member/index/id/6 | INFO: Tag[ view_template ] --START--
[ 2016-09-27T21:03:53+08:00 ] /wd/index.php/Member/index/id/6 | INFO: Run LocationTemplate Behavior [ RunTime:0.001000s ]
[ 2016-09-27T21:03:53+08:00 ] /wd/index.php/Member/index/id/6 | INFO: Tag[ view_template ] --END-- [ RunTime:0.001000s ]
[ 2016-09-27T21:03:53+08:00 ] /wd/index.php/Member/index/id/6 | INFO: Tag[ view_parse ] --START--
[ 2016-09-27T21:03:53+08:00 ] /wd/index.php/Member/index/id/6 | INFO: Run ParseTemplate Behavior [ RunTime:0.013001s ]
[ 2016-09-27T21:03:53+08:00 ] /wd/index.php/Member/index/id/6 | INFO: Tag[ view_parse ] --END-- [ RunTime:0.013001s ]
[ 2016-09-27T21:03:53+08:00 ] /wd/index.php/Member/index/id/6 | INFO: Tag[ view_filter ] --START--
[ 2016-09-27T21:03:53+08:00 ] /wd/index.php/Member/index/id/6 | INFO: Run ContentReplace Behavior [ RunTime:0.000000s ]
[ 2016-09-27T21:03:53+08:00 ] /wd/index.php/Member/index/id/6 | INFO: Run TokenBuild Behavior [ RunTime:0.001000s ]
[ 2016-09-27T21:03:53+08:00 ] /wd/index.php/Member/index/id/6 | INFO: Run WriteHtmlCache Behavior [ RunTime:0.000000s ]
[ 2016-09-27T21:03:53+08:00 ] /wd/index.php/Member/index/id/6 | INFO: Run ShowRuntime Behavior [ RunTime:0.001000s ]
[ 2016-09-27T21:03:53+08:00 ] /wd/index.php/Member/index/id/6 | INFO: Tag[ view_filter ] --END-- [ RunTime:0.002000s ]
[ 2016-09-27T21:03:53+08:00 ] /wd/index.php/Member/index/id/6 | INFO: Tag[ view_end ] --START--
[ 2016-09-27T21:03:53+08:00 ] /wd/index.php/Member/index/id/6 | INFO: Run ShowPageTrace Behavior [ RunTime:0.000000s ]
[ 2016-09-27T21:03:53+08:00 ] /wd/index.php/Member/index/id/6 | INFO: Tag[ view_end ] --END-- [ RunTime:0.000000s ]
